<?xml version="1.0" encoding="UTF-8"?>
<coverage generated="1615361396016" clover="3.2.0">
  <project timestamp="1615361396017" name="All files">
    <metrics statements="611" coveredstatements="504" conditionals="98" coveredconditionals="69" methods="77" coveredmethods="66" elements="786" coveredelements="639" complexity="0" loc="611" ncloc="611" packages="11" files="22" classes="22"/>
    <package name="Assignment">
      <metrics statements="16" coveredstatements="15" conditionals="0" coveredconditionals="0" methods="1" coveredmethods="0"/>
      <file name="app.js" path="C:\Users\utkar\Desktop\Assignment\app.js">
        <metrics statements="16" coveredstatements="15" conditionals="0" coveredconditionals="0" methods="1" coveredmethods="0"/>
        <line num="1" count="3" type="stmt"/>
        <line num="2" count="3" type="stmt"/>
        <line num="3" count="3" type="stmt"/>
        <line num="4" count="3" type="stmt"/>
        <line num="5" count="3" type="stmt"/>
        <line num="6" count="3" type="stmt"/>
        <line num="7" count="3" type="stmt"/>
        <line num="9" count="3" type="stmt"/>
        <line num="11" count="3" type="stmt"/>
        <line num="13" count="3" type="stmt"/>
        <line num="18" count="3" type="stmt"/>
        <line num="22" count="3" type="stmt"/>
        <line num="26" count="3" type="stmt"/>
        <line num="30" count="3" type="stmt"/>
        <line num="31" count="0" type="stmt"/>
        <line num="35" count="3" type="stmt"/>
      </file>
    </package>
    <package name="Assignment.controllers">
      <metrics statements="40" coveredstatements="39" conditionals="0" coveredconditionals="0" methods="17" coveredmethods="16"/>
      <file name="book.js" path="C:\Users\utkar\Desktop\Assignment\controllers\book.js">
        <metrics statements="18" coveredstatements="18" conditionals="0" coveredconditionals="0" methods="8" coveredmethods="8"/>
        <line num="1" count="3" type="stmt"/>
        <line num="3" count="3" type="stmt"/>
        <line num="4" count="2" type="stmt"/>
        <line num="7" count="3" type="stmt"/>
        <line num="8" count="3" type="stmt"/>
        <line num="11" count="3" type="stmt"/>
        <line num="12" count="1" type="stmt"/>
        <line num="15" count="3" type="stmt"/>
        <line num="16" count="2" type="stmt"/>
        <line num="19" count="3" type="stmt"/>
        <line num="20" count="3" type="stmt"/>
        <line num="23" count="3" type="stmt"/>
        <line num="24" count="2" type="stmt"/>
        <line num="27" count="3" type="stmt"/>
        <line num="28" count="1" type="stmt"/>
        <line num="31" count="3" type="stmt"/>
        <line num="32" count="2" type="stmt"/>
        <line num="35" count="3" type="stmt"/>
      </file>
      <file name="history.js" path="C:\Users\utkar\Desktop\Assignment\controllers\history.js">
        <metrics statements="12" coveredstatements="11" conditionals="0" coveredconditionals="0" methods="5" coveredmethods="4"/>
        <line num="1" count="3" type="stmt"/>
        <line num="3" count="3" type="stmt"/>
        <line num="4" count="1" type="stmt"/>
        <line num="7" count="3" type="stmt"/>
        <line num="8" count="3" type="stmt"/>
        <line num="11" count="3" type="stmt"/>
        <line num="12" count="1" type="stmt"/>
        <line num="15" count="3" type="stmt"/>
        <line num="16" count="3" type="stmt"/>
        <line num="19" count="3" type="stmt"/>
        <line num="20" count="0" type="stmt"/>
        <line num="23" count="3" type="stmt"/>
      </file>
      <file name="user.js" path="C:\Users\utkar\Desktop\Assignment\controllers\user.js">
        <metrics statements="10" coveredstatements="10" conditionals="0" coveredconditionals="0" methods="4" coveredmethods="4"/>
        <line num="1" count="3" type="stmt"/>
        <line num="3" count="3" type="stmt"/>
        <line num="4" count="18" type="stmt"/>
        <line num="7" count="3" type="stmt"/>
        <line num="8" count="1" type="stmt"/>
        <line num="11" count="3" type="stmt"/>
        <line num="12" count="3" type="stmt"/>
        <line num="15" count="3" type="stmt"/>
        <line num="16" count="1" type="stmt"/>
        <line num="19" count="3" type="stmt"/>
      </file>
    </package>
    <package name="Assignment.errors">
      <metrics statements="27" coveredstatements="24" conditionals="0" coveredconditionals="0" methods="7" coveredmethods="6"/>
      <file name="errors.js" path="C:\Users\utkar\Desktop\Assignment\errors\errors.js">
        <metrics statements="27" coveredstatements="24" conditionals="0" coveredconditionals="0" methods="7" coveredmethods="6"/>
        <line num="12" count="9" type="stmt"/>
        <line num="13" count="9" type="stmt"/>
        <line num="14" count="9" type="stmt"/>
        <line num="15" count="9" type="stmt"/>
        <line num="28" count="6" type="stmt"/>
        <line num="29" count="6" type="stmt"/>
        <line num="30" count="6" type="stmt"/>
        <line num="31" count="6" type="stmt"/>
        <line num="44" count="2" type="stmt"/>
        <line num="45" count="2" type="stmt"/>
        <line num="46" count="2" type="stmt"/>
        <line num="47" count="2" type="stmt"/>
        <line num="60" count="6" type="stmt"/>
        <line num="61" count="6" type="stmt"/>
        <line num="62" count="6" type="stmt"/>
        <line num="63" count="6" type="stmt"/>
        <line num="76" count="2" type="stmt"/>
        <line num="77" count="2" type="stmt"/>
        <line num="78" count="2" type="stmt"/>
        <line num="91" count="0" type="stmt"/>
        <line num="92" count="0" type="stmt"/>
        <line num="93" count="0" type="stmt"/>
        <line num="106" count="9" type="stmt"/>
        <line num="107" count="9" type="stmt"/>
        <line num="108" count="9" type="stmt"/>
        <line num="109" count="9" type="stmt"/>
        <line num="114" count="3" type="stmt"/>
      </file>
    </package>
    <package name="Assignment.middlewares.authorization">
      <metrics statements="18" coveredstatements="16" conditionals="10" coveredconditionals="8" methods="1" coveredmethods="1"/>
      <file name="authorize.js" path="C:\Users\utkar\Desktop\Assignment\middlewares\authorization\authorize.js">
        <metrics statements="18" coveredstatements="16" conditionals="10" coveredconditionals="8" methods="1" coveredmethods="1"/>
        <line num="1" count="3" type="stmt"/>
        <line num="2" count="3" type="stmt"/>
        <line num="3" count="3" type="stmt"/>
        <line num="13" count="3" type="stmt"/>
        <line num="14" count="48" type="stmt"/>
        <line num="15" count="48" type="cond" truecount="4" falsecount="0"/>
        <line num="16" count="9" type="stmt"/>
        <line num="18" count="39" type="stmt"/>
        <line num="19" count="39" type="stmt"/>
        <line num="20" count="33" type="cond" truecount="1" falsecount="1"/>
        <line num="21" count="33" type="stmt"/>
        <line num="23" count="0" type="stmt"/>
        <line num="26" count="15" type="cond" truecount="2" falsecount="0"/>
        <line num="27" count="6" type="stmt"/>
        <line num="29" count="9" type="cond" truecount="1" falsecount="1"/>
        <line num="30" count="0" type="stmt"/>
        <line num="32" count="9" type="stmt"/>
        <line num="36" count="3" type="stmt"/>
      </file>
    </package>
    <package name="Assignment.middlewares.validations">
      <metrics statements="42" coveredstatements="41" conditionals="12" coveredconditionals="11" methods="6" coveredmethods="6"/>
      <file name="validate_schema.js" path="C:\Users\utkar\Desktop\Assignment\middlewares\validations\validate_schema.js">
        <metrics statements="9" coveredstatements="9" conditionals="0" coveredconditionals="0" methods="0" coveredmethods="0"/>
        <line num="2" count="3" type="stmt"/>
        <line num="5" count="3" type="stmt"/>
        <line num="12" count="3" type="stmt"/>
        <line num="21" count="3" type="stmt"/>
        <line num="27" count="3" type="stmt"/>
        <line num="40" count="3" type="stmt"/>
        <line num="50" count="3" type="stmt"/>
        <line num="56" count="3" type="stmt"/>
        <line num="62" count="3" type="stmt"/>
      </file>
      <file name="validator.js" path="C:\Users\utkar\Desktop\Assignment\middlewares\validations\validator.js">
        <metrics statements="33" coveredstatements="32" conditionals="12" coveredconditionals="11" methods="6" coveredmethods="6"/>
        <line num="1" count="3" type="stmt"/>
        <line num="2" count="3" type="stmt"/>
        <line num="11" count="3" type="stmt"/>
        <line num="12" count="18" type="stmt"/>
        <line num="13" count="18" type="cond" truecount="1" falsecount="1"/>
        <line num="14" count="0" type="stmt"/>
        <line num="16" count="18" type="stmt"/>
        <line num="27" count="3" type="stmt"/>
        <line num="28" count="2" type="stmt"/>
        <line num="29" count="2" type="cond" truecount="2" falsecount="0"/>
        <line num="30" count="1" type="stmt"/>
        <line num="32" count="1" type="stmt"/>
        <line num="43" count="3" type="stmt"/>
        <line num="44" count="12" type="stmt"/>
        <line num="45" count="12" type="cond" truecount="2" falsecount="0"/>
        <line num="46" count="2" type="stmt"/>
        <line num="48" count="10" type="stmt"/>
        <line num="59" count="3" type="stmt"/>
        <line num="60" count="3" type="stmt"/>
        <line num="61" count="3" type="cond" truecount="2" falsecount="0"/>
        <line num="62" count="1" type="stmt"/>
        <line num="64" count="2" type="stmt"/>
        <line num="75" count="3" type="stmt"/>
        <line num="76" count="4" type="stmt"/>
        <line num="77" count="4" type="cond" truecount="2" falsecount="0"/>
        <line num="78" count="1" type="stmt"/>
        <line num="80" count="3" type="stmt"/>
        <line num="91" count="3" type="stmt"/>
        <line num="92" count="5" type="stmt"/>
        <line num="93" count="5" type="cond" truecount="2" falsecount="0"/>
        <line num="94" count="2" type="stmt"/>
        <line num="96" count="3" type="stmt"/>
        <line num="100" count="3" type="stmt"/>
      </file>
    </package>
    <package name="Assignment.models">
      <metrics statements="4" coveredstatements="4" conditionals="0" coveredconditionals="0" methods="0" coveredmethods="0"/>
      <file name="testdatabaseconnect.js" path="C:\Users\utkar\Desktop\Assignment\models\testdatabaseconnect.js">
        <metrics statements="4" coveredstatements="4" conditionals="0" coveredconditionals="0" methods="0" coveredmethods="0"/>
        <line num="1" count="3" type="stmt"/>
        <line num="8" count="3" type="stmt"/>
        <line num="12" count="3" type="stmt"/>
        <line num="14" count="3" type="stmt"/>
      </file>
    </package>
    <package name="Assignment.models.model_query">
      <metrics statements="132" coveredstatements="90" conditionals="0" coveredconditionals="0" methods="24" coveredmethods="18"/>
      <file name="book_query.js" path="C:\Users\utkar\Desktop\Assignment\models\model_query\book_query.js">
        <metrics statements="58" coveredstatements="42" conditionals="0" coveredconditionals="0" methods="11" coveredmethods="9"/>
        <line num="1" count="3" type="stmt"/>
        <line num="2" count="3" type="stmt"/>
        <line num="11" count="3" type="stmt"/>
        <line num="12" count="1" type="stmt"/>
        <line num="13" count="1" type="stmt"/>
        <line num="14" count="1" type="stmt"/>
        <line num="16" count="0" type="stmt"/>
        <line num="27" count="3" type="stmt"/>
        <line num="28" count="4" type="stmt"/>
        <line num="29" count="4" type="stmt"/>
        <line num="30" count="2" type="stmt"/>
        <line num="32" count="2" type="stmt"/>
        <line num="43" count="3" type="stmt"/>
        <line num="44" count="1" type="stmt"/>
        <line num="45" count="1" type="stmt"/>
        <line num="48" count="1" type="stmt"/>
        <line num="50" count="0" type="stmt"/>
        <line num="61" count="3" type="stmt"/>
        <line num="62" count="0" type="stmt"/>
        <line num="63" count="0" type="stmt"/>
        <line num="64" count="0" type="stmt"/>
        <line num="66" count="0" type="stmt"/>
        <line num="78" count="3" type="stmt"/>
        <line num="79" count="1" type="stmt"/>
        <line num="81" count="1" type="stmt"/>
        <line num="83" count="1" type="stmt"/>
        <line num="85" count="0" type="stmt"/>
        <line num="95" count="3" type="stmt"/>
        <line num="96" count="0" type="stmt"/>
        <line num="97" count="0" type="stmt"/>
        <line num="104" count="0" type="stmt"/>
        <line num="106" count="0" type="stmt"/>
        <line num="119" count="3" type="stmt"/>
        <line num="120" count="2" type="stmt"/>
        <line num="121" count="2" type="stmt"/>
        <line num="125" count="2" type="stmt"/>
        <line num="127" count="0" type="stmt"/>
        <line num="139" count="3" type="stmt"/>
        <line num="140" count="1" type="stmt"/>
        <line num="141" count="1" type="stmt"/>
        <line num="145" count="1" type="stmt"/>
        <line num="147" count="0" type="stmt"/>
        <line num="160" count="3" type="stmt"/>
        <line num="161" count="3" type="stmt"/>
        <line num="162" count="3" type="stmt"/>
        <line num="165" count="3" type="stmt"/>
        <line num="167" count="0" type="stmt"/>
        <line num="180" count="3" type="stmt"/>
        <line num="181" count="1" type="stmt"/>
        <line num="182" count="1" type="stmt"/>
        <line num="185" count="1" type="stmt"/>
        <line num="187" count="0" type="stmt"/>
        <line num="199" count="3" type="stmt"/>
        <line num="200" count="1" type="stmt"/>
        <line num="201" count="1" type="stmt"/>
        <line num="208" count="1" type="stmt"/>
        <line num="210" count="0" type="stmt"/>
        <line num="214" count="3" type="stmt"/>
      </file>
      <file name="history_query.js" path="C:\Users\utkar\Desktop\Assignment\models\model_query\history_query.js">
        <metrics statements="51" coveredstatements="32" conditionals="0" coveredconditionals="0" methods="9" coveredmethods="6"/>
        <line num="1" count="3" type="stmt"/>
        <line num="2" count="3" type="stmt"/>
        <line num="3" count="3" type="stmt"/>
        <line num="12" count="3" type="stmt"/>
        <line num="13" count="1" type="stmt"/>
        <line num="14" count="1" type="stmt"/>
        <line num="17" count="1" type="stmt"/>
        <line num="19" count="0" type="stmt"/>
        <line num="30" count="3" type="stmt"/>
        <line num="31" count="0" type="stmt"/>
        <line num="32" count="0" type="stmt"/>
        <line num="33" count="0" type="stmt"/>
        <line num="35" count="0" type="stmt"/>
        <line num="47" count="3" type="stmt"/>
        <line num="48" count="0" type="stmt"/>
        <line num="49" count="0" type="stmt"/>
        <line num="51" count="0" type="stmt"/>
        <line num="61" count="0" type="stmt"/>
        <line num="63" count="0" type="stmt"/>
        <line num="74" count="3" type="stmt"/>
        <line num="75" count="1" type="stmt"/>
        <line num="76" count="1" type="stmt"/>
        <line num="79" count="1" type="stmt"/>
        <line num="81" count="0" type="stmt"/>
        <line num="93" count="3" type="stmt"/>
        <line num="94" count="1" type="stmt"/>
        <line num="95" count="1" type="stmt"/>
        <line num="97" count="1" type="stmt"/>
        <line num="105" count="1" type="stmt"/>
        <line num="107" count="0" type="stmt"/>
        <line num="117" count="3" type="stmt"/>
        <line num="118" count="1" type="stmt"/>
        <line num="119" count="1" type="stmt"/>
        <line num="125" count="1" type="stmt"/>
        <line num="127" count="0" type="stmt"/>
        <line num="138" count="3" type="stmt"/>
        <line num="139" count="1" type="stmt"/>
        <line num="140" count="1" type="stmt"/>
        <line num="143" count="1" type="stmt"/>
        <line num="145" count="0" type="stmt"/>
        <line num="156" count="3" type="stmt"/>
        <line num="157" count="7" type="stmt"/>
        <line num="158" count="7" type="stmt"/>
        <line num="170" count="7" type="stmt"/>
        <line num="172" count="0" type="stmt"/>
        <line num="183" count="3" type="stmt"/>
        <line num="184" count="0" type="stmt"/>
        <line num="185" count="0" type="stmt"/>
        <line num="188" count="0" type="stmt"/>
        <line num="190" count="0" type="stmt"/>
        <line num="194" count="3" type="stmt"/>
      </file>
      <file name="user_query.js" path="C:\Users\utkar\Desktop\Assignment\models\model_query\user_query.js">
        <metrics statements="23" coveredstatements="16" conditionals="0" coveredconditionals="0" methods="4" coveredmethods="3"/>
        <line num="1" count="3" type="stmt"/>
        <line num="2" count="3" type="stmt"/>
        <line num="11" count="3" type="stmt"/>
        <line num="12" count="27" type="stmt"/>
        <line num="13" count="27" type="stmt"/>
        <line num="14" count="27" type="stmt"/>
        <line num="16" count="0" type="stmt"/>
        <line num="27" count="3" type="stmt"/>
        <line num="28" count="0" type="stmt"/>
        <line num="29" count="0" type="stmt"/>
        <line num="30" count="0" type="stmt"/>
        <line num="32" count="0" type="stmt"/>
        <line num="43" count="3" type="stmt"/>
        <line num="44" count="1" type="stmt"/>
        <line num="45" count="1" type="stmt"/>
        <line num="46" count="1" type="stmt"/>
        <line num="48" count="0" type="stmt"/>
        <line num="60" count="3" type="stmt"/>
        <line num="61" count="1" type="stmt"/>
        <line num="62" count="1" type="stmt"/>
        <line num="68" count="1" type="stmt"/>
        <line num="70" count="0" type="stmt"/>
        <line num="74" count="3" type="stmt"/>
      </file>
    </package>
    <package name="Assignment.models.model_schema">
      <metrics statements="18" coveredstatements="18" conditionals="0" coveredconditionals="0" methods="0" coveredmethods="0"/>
      <file name="book.js" path="C:\Users\utkar\Desktop\Assignment\models\model_schema\book.js">
        <metrics statements="6" coveredstatements="6" conditionals="0" coveredconditionals="0" methods="0" coveredmethods="0"/>
        <line num="1" count="3" type="stmt"/>
        <line num="6" count="3" type="stmt"/>
        <line num="47" count="3" type="stmt"/>
        <line num="48" count="3" type="stmt"/>
        <line num="49" count="3" type="stmt"/>
        <line num="50" count="3" type="stmt"/>
      </file>
      <file name="history.js" path="C:\Users\utkar\Desktop\Assignment\models\model_schema\history.js">
        <metrics statements="6" coveredstatements="6" conditionals="0" coveredconditionals="0" methods="0" coveredmethods="0"/>
        <line num="1" count="3" type="stmt"/>
        <line num="6" count="3" type="stmt"/>
        <line num="34" count="3" type="stmt"/>
        <line num="35" count="3" type="stmt"/>
        <line num="36" count="3" type="stmt"/>
        <line num="38" count="3" type="stmt"/>
      </file>
      <file name="user.js" path="C:\Users\utkar\Desktop\Assignment\models\model_schema\user.js">
        <metrics statements="6" coveredstatements="6" conditionals="0" coveredconditionals="0" methods="0" coveredmethods="0"/>
        <line num="1" count="3" type="stmt"/>
        <line num="6" count="3" type="stmt"/>
        <line num="33" count="3" type="stmt"/>
        <line num="34" count="3" type="stmt"/>
        <line num="35" count="3" type="stmt"/>
        <line num="36" count="3" type="stmt"/>
      </file>
    </package>
    <package name="Assignment.response">
      <metrics statements="5" coveredstatements="5" conditionals="2" coveredconditionals="2" methods="1" coveredmethods="1"/>
      <file name="response.js" path="C:\Users\utkar\Desktop\Assignment\response\response.js">
        <metrics statements="5" coveredstatements="5" conditionals="2" coveredconditionals="2" methods="1" coveredmethods="1"/>
        <line num="8" count="3" type="stmt"/>
        <line num="9" count="69" type="cond" truecount="2" falsecount="0"/>
        <line num="10" count="47" type="stmt"/>
        <line num="15" count="22" type="stmt"/>
        <line num="22" count="3" type="stmt"/>
      </file>
    </package>
    <package name="Assignment.routes">
      <metrics statements="35" coveredstatements="35" conditionals="0" coveredconditionals="0" methods="0" coveredmethods="0"/>
      <file name="book.js" path="C:\Users\utkar\Desktop\Assignment\routes\book.js">
        <metrics statements="14" coveredstatements="14" conditionals="0" coveredconditionals="0" methods="0" coveredmethods="0"/>
        <line num="2" count="3" type="stmt"/>
        <line num="3" count="3" type="stmt"/>
        <line num="4" count="3" type="stmt"/>
        <line num="5" count="3" type="stmt"/>
        <line num="8" count="3" type="stmt"/>
        <line num="15" count="3" type="stmt"/>
        <line num="22" count="3" type="stmt"/>
        <line num="29" count="3" type="stmt"/>
        <line num="36" count="3" type="stmt"/>
        <line num="43" count="3" type="stmt"/>
        <line num="50" count="3" type="stmt"/>
        <line num="57" count="3" type="stmt"/>
        <line num="64" count="3" type="stmt"/>
        <line num="66" count="3" type="stmt"/>
      </file>
      <file name="history.js" path="C:\Users\utkar\Desktop\Assignment\routes\history.js">
        <metrics statements="11" coveredstatements="11" conditionals="0" coveredconditionals="0" methods="0" coveredmethods="0"/>
        <line num="2" count="3" type="stmt"/>
        <line num="3" count="3" type="stmt"/>
        <line num="4" count="3" type="stmt"/>
        <line num="5" count="3" type="stmt"/>
        <line num="8" count="3" type="stmt"/>
        <line num="15" count="3" type="stmt"/>
        <line num="22" count="3" type="stmt"/>
        <line num="29" count="3" type="stmt"/>
        <line num="36" count="3" type="stmt"/>
        <line num="43" count="3" type="stmt"/>
        <line num="45" count="3" type="stmt"/>
      </file>
      <file name="user.js" path="C:\Users\utkar\Desktop\Assignment\routes\user.js">
        <metrics statements="10" coveredstatements="10" conditionals="0" coveredconditionals="0" methods="0" coveredmethods="0"/>
        <line num="2" count="3" type="stmt"/>
        <line num="3" count="3" type="stmt"/>
        <line num="4" count="3" type="stmt"/>
        <line num="5" count="3" type="stmt"/>
        <line num="8" count="3" type="stmt"/>
        <line num="15" count="3" type="stmt"/>
        <line num="22" count="3" type="stmt"/>
        <line num="29" count="3" type="stmt"/>
        <line num="36" count="3" type="stmt"/>
        <line num="38" count="3" type="stmt"/>
      </file>
    </package>
    <package name="Assignment.services">
      <metrics statements="274" coveredstatements="217" conditionals="74" coveredconditionals="48" methods="20" coveredmethods="18"/>
      <file name="book.js" path="C:\Users\utkar\Desktop\Assignment\services\book.js">
        <metrics statements="118" coveredstatements="101" conditionals="32" coveredconditionals="20" methods="9" coveredmethods="9"/>
        <line num="1" count="3" type="stmt"/>
        <line num="2" count="3" type="stmt"/>
        <line num="3" count="3" type="stmt"/>
        <line num="4" count="3" type="stmt"/>
        <line num="5" count="3" type="stmt"/>
        <line num="10" count="3" type="stmt"/>
        <line num="22" count="3" type="stmt"/>
        <line num="23" count="2" type="stmt"/>
        <line num="24" count="2" type="stmt"/>
        <line num="25" count="2" type="stmt"/>
        <line num="26" count="2" type="stmt"/>
        <line num="28" count="2" type="cond" truecount="2" falsecount="0"/>
        <line num="29" count="1" type="stmt"/>
        <line num="30" count="1" type="stmt"/>
        <line num="31" count="1" type="stmt"/>
        <line num="34" count="1" type="stmt"/>
        <line num="36" count="1" type="cond" truecount="1" falsecount="1"/>
        <line num="37" count="1" type="stmt"/>
        <line num="39" count="0" type="stmt"/>
        <line num="40" count="0" type="stmt"/>
        <line num="42" count="1" type="stmt"/>
        <line num="45" count="2" type="stmt"/>
        <line num="59" count="3" type="stmt"/>
        <line num="60" count="3" type="stmt"/>
        <line num="61" count="3" type="stmt"/>
        <line num="62" count="3" type="stmt"/>
        <line num="63" count="3" type="stmt"/>
        <line num="65" count="3" type="cond" truecount="2" falsecount="0"/>
        <line num="66" count="2" type="stmt"/>
        <line num="67" count="1" type="cond" truecount="1" falsecount="1"/>
        <line num="68" count="0" type="stmt"/>
        <line num="70" count="1" type="stmt"/>
        <line num="71" count="1" type="cond" truecount="1" falsecount="1"/>
        <line num="72" count="1" type="stmt"/>
        <line num="74" count="1" type="cond" truecount="1" falsecount="1"/>
        <line num="75" count="1" type="stmt"/>
        <line num="77" count="1" type="cond" truecount="1" falsecount="1"/>
        <line num="78" count="1" type="stmt"/>
        <line num="80" count="1" type="stmt"/>
        <line num="83" count="1" type="stmt"/>
        <line num="86" count="1" type="stmt"/>
        <line num="89" count="2" type="stmt"/>
        <line num="100" count="3" type="stmt"/>
        <line num="101" count="1" type="stmt"/>
        <line num="102" count="1" type="stmt"/>
        <line num="103" count="1" type="stmt"/>
        <line num="104" count="1" type="stmt"/>
        <line num="107" count="1" type="stmt"/>
        <line num="108" count="1" type="stmt"/>
        <line num="109" count="6" type="stmt"/>
        <line num="110" count="6" type="stmt"/>
        <line num="111" count="6" type="stmt"/>
        <line num="114" count="6" type="cond" truecount="2" falsecount="0"/>
        <line num="115" count="2" type="stmt"/>
        <line num="122" count="4" type="stmt"/>
        <line num="130" count="1" type="stmt"/>
        <line num="132" count="0" type="stmt"/>
        <line num="143" count="3" type="stmt"/>
        <line num="144" count="2" type="stmt"/>
        <line num="145" count="2" type="stmt"/>
        <line num="146" count="2" type="stmt"/>
        <line num="147" count="2" type="stmt"/>
        <line num="148" count="2" type="stmt"/>
        <line num="149" count="2" type="cond" truecount="1" falsecount="1"/>
        <line num="150" count="2" type="stmt"/>
        <line num="152" count="0" type="stmt"/>
        <line num="155" count="0" type="stmt"/>
        <line num="166" count="3" type="stmt"/>
        <line num="167" count="3" type="stmt"/>
        <line num="168" count="3" type="stmt"/>
        <line num="169" count="3" type="stmt"/>
        <line num="170" count="3" type="stmt"/>
        <line num="171" count="3" type="stmt"/>
        <line num="172" count="3" type="cond" truecount="2" falsecount="0"/>
        <line num="173" count="2" type="stmt"/>
        <line num="175" count="1" type="stmt"/>
        <line num="178" count="0" type="stmt"/>
        <line num="190" count="3" type="stmt"/>
        <line num="191" count="2" type="stmt"/>
        <line num="192" count="2" type="stmt"/>
        <line num="193" count="2" type="stmt"/>
        <line num="194" count="2" type="stmt"/>
        <line num="195" count="2" type="cond" truecount="2" falsecount="0"/>
        <line num="196" count="1" type="stmt"/>
        <line num="197" count="1" type="stmt"/>
        <line num="198" count="1" type="stmt"/>
        <line num="201" count="1" type="stmt"/>
        <line num="203" count="1" type="stmt"/>
        <line num="206" count="1" type="stmt"/>
        <line num="217" count="3" type="stmt"/>
        <line num="218" count="1" type="stmt"/>
        <line num="219" count="1" type="stmt"/>
        <line num="220" count="1" type="stmt"/>
        <line num="221" count="1" type="stmt"/>
        <line num="222" count="1" type="stmt"/>
        <line num="225" count="1" type="cond" truecount="1" falsecount="1"/>
        <line num="226" count="1" type="stmt"/>
        <line num="228" count="0" type="stmt"/>
        <line num="231" count="0" type="stmt"/>
        <line num="244" count="3" type="stmt"/>
        <line num="245" count="2" type="stmt"/>
        <line num="246" count="2" type="stmt"/>
        <line num="247" count="2" type="stmt"/>
        <line num="248" count="1" type="cond" truecount="1" falsecount="1"/>
        <line num="249" count="1" type="cond" truecount="1" falsecount="1"/>
        <line num="250" count="1" type="stmt"/>
        <line num="251" count="1" type="cond" truecount="1" falsecount="1"/>
        <line num="252" count="0" type="stmt"/>
        <line num="253" count="0" type="cond" truecount="0" falsecount="2"/>
        <line num="254" count="0" type="stmt"/>
        <line num="255" count="0" type="stmt"/>
        <line num="256" count="0" type="stmt"/>
        <line num="261" count="0" type="stmt"/>
        <line num="268" count="1" type="stmt"/>
        <line num="275" count="0" type="stmt"/>
        <line num="278" count="0" type="stmt"/>
        <line num="281" count="1" type="stmt"/>
        <line num="285" count="3" type="stmt"/>
      </file>
      <file name="history.js" path="C:\Users\utkar\Desktop\Assignment\services\history.js">
        <metrics statements="98" coveredstatements="71" conditionals="26" coveredconditionals="17" methods="7" coveredmethods="5"/>
        <line num="1" count="3" type="stmt"/>
        <line num="2" count="3" type="stmt"/>
        <line num="3" count="3" type="stmt"/>
        <line num="4" count="3" type="stmt"/>
        <line num="5" count="3" type="stmt"/>
        <line num="6" count="3" type="stmt"/>
        <line num="11" count="3" type="stmt"/>
        <line num="21" count="3" type="stmt"/>
        <line num="22" count="1" type="stmt"/>
        <line num="23" count="1" type="stmt"/>
        <line num="24" count="1" type="stmt"/>
        <line num="25" count="1" type="stmt"/>
        <line num="26" count="1" type="stmt"/>
        <line num="27" count="1" type="stmt"/>
        <line num="28" count="1" type="stmt"/>
        <line num="29" count="1" type="stmt"/>
        <line num="30" count="1" type="stmt"/>
        <line num="31" count="1" type="stmt"/>
        <line num="32" count="1" type="cond" truecount="1" falsecount="1"/>
        <line num="33" count="0" type="stmt"/>
        <line num="35" count="1" type="stmt"/>
        <line num="36" count="1" type="stmt"/>
        <line num="39" count="1" type="stmt"/>
        <line num="40" count="1" type="stmt"/>
        <line num="41" count="1" type="stmt"/>
        <line num="43" count="1" type="cond" truecount="1" falsecount="1"/>
        <line num="44" count="0" type="stmt"/>
        <line num="48" count="1" type="stmt"/>
        <line num="49" count="1" type="stmt"/>
        <line num="50" count="1" type="cond" truecount="1" falsecount="1"/>
        <line num="51" count="1" type="stmt"/>
        <line num="53" count="0" type="stmt"/>
        <line num="54" count="0" type="stmt"/>
        <line num="57" count="0" type="stmt"/>
        <line num="68" count="0" type="stmt"/>
        <line num="69" count="0" type="stmt"/>
        <line num="75" count="0" type="stmt"/>
        <line num="76" count="0" type="stmt"/>
        <line num="80" count="0" type="stmt"/>
        <line num="83" count="0" type="stmt"/>
        <line num="95" count="3" type="stmt"/>
        <line num="96" count="0" type="stmt"/>
        <line num="97" count="0" type="stmt"/>
        <line num="98" count="0" type="stmt"/>
        <line num="99" count="0" type="stmt"/>
        <line num="100" count="0" type="stmt"/>
        <line num="101" count="0" type="stmt"/>
        <line num="102" count="0" type="stmt"/>
        <line num="103" count="0" type="cond" truecount="0" falsecount="2"/>
        <line num="104" count="0" type="stmt"/>
        <line num="106" count="0" type="stmt"/>
        <line num="107" count="0" type="stmt"/>
        <line num="108" count="0" type="stmt"/>
        <line num="111" count="0" type="stmt"/>
        <line num="124" count="3" type="stmt"/>
        <line num="125" count="3" type="stmt"/>
        <line num="126" count="3" type="stmt"/>
        <line num="127" count="3" type="stmt"/>
        <line num="128" count="3" type="stmt"/>
        <line num="129" count="3" type="stmt"/>
        <line num="130" count="3" type="stmt"/>
        <line num="131" count="3" type="cond" truecount="4" falsecount="0"/>
        <line num="132" count="2" type="stmt"/>
        <line num="133" count="2" type="cond" truecount="2" falsecount="0"/>
        <line num="134" count="1" type="stmt"/>
        <line num="136" count="1" type="stmt"/>
        <line num="137" count="1" type="stmt"/>
        <line num="138" count="1" type="stmt"/>
        <line num="139" count="1" type="cond" truecount="1" falsecount="1"/>
        <line num="140" count="0" type="stmt"/>
        <line num="142" count="1" type="stmt"/>
        <line num="144" count="1" type="stmt"/>
        <line num="146" count="1" type="stmt"/>
        <line num="150" count="2" type="stmt"/>
        <line num="161" count="3" type="stmt"/>
        <line num="162" count="1" type="stmt"/>
        <line num="163" count="1" type="stmt"/>
        <line num="164" count="1" type="stmt"/>
        <line num="166" count="0" type="stmt"/>
        <line num="179" count="3" type="stmt"/>
        <line num="180" count="3" type="stmt"/>
        <line num="181" count="3" type="stmt"/>
        <line num="182" count="3" type="stmt"/>
        <line num="183" count="3" type="stmt"/>
        <line num="184" count="3" type="stmt"/>
        <line num="185" count="3" type="stmt"/>
        <line num="186" count="3" type="cond" truecount="4" falsecount="0"/>
        <line num="187" count="2" type="stmt"/>
        <line num="188" count="2" type="cond" truecount="2" falsecount="0"/>
        <line num="189" count="1" type="stmt"/>
        <line num="191" count="1" type="stmt"/>
        <line num="192" count="1" type="stmt"/>
        <line num="193" count="1" type="cond" truecount="1" falsecount="1"/>
        <line num="194" count="0" type="stmt"/>
        <line num="196" count="1" type="stmt"/>
        <line num="199" count="1" type="stmt"/>
        <line num="202" count="2" type="stmt"/>
        <line num="206" count="3" type="stmt"/>
      </file>
      <file name="user.js" path="C:\Users\utkar\Desktop\Assignment\services\user.js">
        <metrics statements="58" coveredstatements="45" conditionals="16" coveredconditionals="11" methods="4" coveredmethods="4"/>
        <line num="1" count="3" type="stmt"/>
        <line num="2" count="3" type="stmt"/>
        <line num="4" count="3" type="stmt"/>
        <line num="5" count="3" type="stmt"/>
        <line num="6" count="3" type="stmt"/>
        <line num="12" count="3" type="stmt"/>
        <line num="23" count="3" type="stmt"/>
        <line num="24" count="18" type="stmt"/>
        <line num="25" count="18" type="stmt"/>
        <line num="26" count="18" type="cond" truecount="2" falsecount="0"/>
        <line num="27" count="6" type="stmt"/>
        <line num="30" count="12" type="stmt"/>
        <line num="32" count="12" type="cond" truecount="2" falsecount="0"/>
        <line num="33" count="6" type="stmt"/>
        <line num="37" count="6" type="stmt"/>
        <line num="39" count="6" type="stmt"/>
        <line num="42" count="12" type="stmt"/>
        <line num="54" count="3" type="stmt"/>
        <line num="55" count="1" type="stmt"/>
        <line num="56" count="1" type="stmt"/>
        <line num="57" count="1" type="cond" truecount="1" falsecount="1"/>
        <line num="58" count="1" type="stmt"/>
        <line num="61" count="0" type="stmt"/>
        <line num="62" count="0" type="stmt"/>
        <line num="63" count="0" type="stmt"/>
        <line num="64" count="0" type="stmt"/>
        <line num="65" count="0" type="stmt"/>
        <line num="66" count="0" type="stmt"/>
        <line num="67" count="0" type="stmt"/>
        <line num="69" count="0" type="stmt"/>
        <line num="74" count="0" type="cond" truecount="0" falsecount="2"/>
        <line num="75" count="0" type="stmt"/>
        <line num="78" count="1" type="stmt"/>
        <line num="91" count="3" type="stmt"/>
        <line num="92" count="3" type="stmt"/>
        <line num="93" count="3" type="stmt"/>
        <line num="94" count="3" type="stmt"/>
        <line num="95" count="3" type="stmt"/>
        <line num="96" count="3" type="stmt"/>
        <line num="97" count="3" type="cond" truecount="2" falsecount="0"/>
        <line num="98" count="1" type="stmt"/>
        <line num="100" count="2" type="cond" truecount="2" falsecount="0"/>
        <line num="101" count="1" type="stmt"/>
        <line num="102" count="1" type="cond" truecount="1" falsecount="1"/>
        <line num="103" count="1" type="stmt"/>
        <line num="105" count="0" type="stmt"/>
        <line num="108" count="1" type="stmt"/>
        <line num="111" count="2" type="stmt"/>
        <line num="122" count="3" type="stmt"/>
        <line num="123" count="1" type="stmt"/>
        <line num="124" count="1" type="stmt"/>
        <line num="125" count="1" type="stmt"/>
        <line num="126" count="1" type="stmt"/>
        <line num="127" count="1" type="cond" truecount="1" falsecount="1"/>
        <line num="128" count="1" type="stmt"/>
        <line num="130" count="0" type="stmt"/>
        <line num="133" count="0" type="stmt"/>
        <line num="137" count="3" type="stmt"/>
      </file>
    </package>
  </project>
</coverage>
