{"C:\\Users\\utkar\\Desktop\\Assignment\\app.js": {"path":"C:\\Users\\utkar\\Desktop\\Assignment\\app.js","statementMap":{"0":{"start":{"line":1,"column":16},"end":{"line":1,"column":34}},"1":{"start":{"line":2,"column":20},"end":{"line":2,"column":42}},"2":{"start":{"line":3,"column":15},"end":{"line":3,"column":32}},"3":{"start":{"line":4,"column":20},"end":{"line":4,"column":44}},"4":{"start":{"line":5,"column":20},"end":{"line":5,"column":44}},"5":{"start":{"line":6,"column":23},"end":{"line":6,"column":50}},"6":{"start":{"line":7,"column":19},"end":{"line":7,"column":49}},"7":{"start":{"line":9,"column":0},"end":{"line":9,"column":16}},"8":{"start":{"line":11,"column":12},"end":{"line":11,"column":21}},"9":{"start":{"line":14,"column":0},"end":{"line":14,"column":28}},"10":{"start":{"line":19,"column":0},"end":{"line":19,"column":30}},"11":{"start":{"line":23,"column":0},"end":{"line":23,"column":30}},"12":{"start":{"line":27,"column":0},"end":{"line":27,"column":36}},"13":{"start":{"line":31,"column":0},"end":{"line":33,"column":3}},"14":{"start":{"line":32,"column":2},"end":{"line":32,"column":50}},"15":{"start":{"line":36,"column":0},"end":{"line":36,"column":21}}},"fnMap":{"0":{"name":"(anonymous_0)","decl":{"start":{"line":31,"column":14},"end":{"line":31,"column":15}},"loc":{"start":{"line":31,"column":28},"end":{"line":33,"column":1}},"line":31}},"branchMap":{},"s":{"0":3,"1":3,"2":3,"3":3,"4":3,"5":3,"6":3,"7":3,"8":3,"9":3,"10":3,"11":3,"12":3,"13":3,"14":0,"15":3},"f":{"0":0},"b":{},"_coverageSchema":"1a1c01bbd47fc00a2c39e90264f33305004495a9","hash":"16e09cae52ae1fb4bf4c3c6ed91fc423996ccb0e"}
,"C:\\Users\\utkar\\Desktop\\Assignment\\controllers\\book.js": {"path":"C:\\Users\\utkar\\Desktop\\Assignment\\controllers\\book.js","statementMap":{"0":{"start":{"line":1,"column":21},"end":{"line":1,"column":48}},"1":{"start":{"line":3,"column":0},"end":{"line":5,"column":2}},"2":{"start":{"line":4,"column":2},"end":{"line":4,"column":34}},"3":{"start":{"line":7,"column":0},"end":{"line":9,"column":2}},"4":{"start":{"line":8,"column":2},"end":{"line":8,"column":37}},"5":{"start":{"line":11,"column":0},"end":{"line":13,"column":2}},"6":{"start":{"line":12,"column":2},"end":{"line":12,"column":39}},"7":{"start":{"line":15,"column":0},"end":{"line":17,"column":2}},"8":{"start":{"line":16,"column":2},"end":{"line":16,"column":40}},"9":{"start":{"line":19,"column":0},"end":{"line":21,"column":2}},"10":{"start":{"line":20,"column":2},"end":{"line":20,"column":41}},"11":{"start":{"line":23,"column":0},"end":{"line":25,"column":2}},"12":{"start":{"line":24,"column":2},"end":{"line":24,"column":38}},"13":{"start":{"line":27,"column":0},"end":{"line":29,"column":2}},"14":{"start":{"line":28,"column":2},"end":{"line":28,"column":47}},"15":{"start":{"line":31,"column":0},"end":{"line":33,"column":2}},"16":{"start":{"line":32,"column":2},"end":{"line":32,"column":47}}},"fnMap":{"0":{"name":"(anonymous_0)","decl":{"start":{"line":3,"column":19},"end":{"line":3,"column":20}},"loc":{"start":{"line":3,"column":39},"end":{"line":5,"column":1}},"line":3},"1":{"name":"(anonymous_1)","decl":{"start":{"line":7,"column":22},"end":{"line":7,"column":23}},"loc":{"start":{"line":7,"column":42},"end":{"line":9,"column":1}},"line":7},"2":{"name":"(anonymous_2)","decl":{"start":{"line":11,"column":24},"end":{"line":11,"column":25}},"loc":{"start":{"line":11,"column":44},"end":{"line":13,"column":1}},"line":11},"3":{"name":"(anonymous_3)","decl":{"start":{"line":15,"column":24},"end":{"line":15,"column":25}},"loc":{"start":{"line":15,"column":44},"end":{"line":17,"column":1}},"line":15},"4":{"name":"(anonymous_4)","decl":{"start":{"line":19,"column":25},"end":{"line":19,"column":26}},"loc":{"start":{"line":19,"column":45},"end":{"line":21,"column":1}},"line":19},"5":{"name":"(anonymous_5)","decl":{"start":{"line":23,"column":23},"end":{"line":23,"column":24}},"loc":{"start":{"line":23,"column":43},"end":{"line":25,"column":1}},"line":23},"6":{"name":"(anonymous_6)","decl":{"start":{"line":27,"column":31},"end":{"line":27,"column":32}},"loc":{"start":{"line":27,"column":51},"end":{"line":29,"column":1}},"line":27},"7":{"name":"(anonymous_7)","decl":{"start":{"line":31,"column":32},"end":{"line":31,"column":33}},"loc":{"start":{"line":31,"column":52},"end":{"line":33,"column":1}},"line":31}},"branchMap":{},"s":{"0":3,"1":3,"2":2,"3":3,"4":3,"5":3,"6":1,"7":3,"8":2,"9":3,"10":3,"11":3,"12":2,"13":3,"14":1,"15":3,"16":2},"f":{"0":2,"1":3,"2":1,"3":2,"4":3,"5":2,"6":1,"7":2},"b":{},"_coverageSchema":"1a1c01bbd47fc00a2c39e90264f33305004495a9","hash":"2990465f1c460d2528ad314bf55ea612694de0b8"}
,"C:\\Users\\utkar\\Desktop\\Assignment\\controllers\\history.js": {"path":"C:\\Users\\utkar\\Desktop\\Assignment\\controllers\\history.js","statementMap":{"0":{"start":{"line":1,"column":24},"end":{"line":1,"column":54}},"1":{"start":{"line":3,"column":0},"end":{"line":5,"column":2}},"2":{"start":{"line":4,"column":2},"end":{"line":4,"column":39}},"3":{"start":{"line":7,"column":0},"end":{"line":9,"column":2}},"4":{"start":{"line":8,"column":2},"end":{"line":8,"column":41}},"5":{"start":{"line":11,"column":0},"end":{"line":13,"column":2}},"6":{"start":{"line":12,"column":2},"end":{"line":12,"column":41}},"7":{"start":{"line":15,"column":0},"end":{"line":17,"column":2}},"8":{"start":{"line":16,"column":2},"end":{"line":16,"column":49}},"9":{"start":{"line":19,"column":0},"end":{"line":21,"column":2}},"10":{"start":{"line":20,"column":2},"end":{"line":20,"column":41}}},"fnMap":{"0":{"name":"(anonymous_0)","decl":{"start":{"line":3,"column":21},"end":{"line":3,"column":22}},"loc":{"start":{"line":3,"column":41},"end":{"line":5,"column":1}},"line":3},"1":{"name":"(anonymous_1)","decl":{"start":{"line":7,"column":23},"end":{"line":7,"column":24}},"loc":{"start":{"line":7,"column":43},"end":{"line":9,"column":1}},"line":7},"2":{"name":"(anonymous_2)","decl":{"start":{"line":11,"column":23},"end":{"line":11,"column":24}},"loc":{"start":{"line":11,"column":43},"end":{"line":13,"column":1}},"line":11},"3":{"name":"(anonymous_3)","decl":{"start":{"line":15,"column":31},"end":{"line":15,"column":32}},"loc":{"start":{"line":15,"column":51},"end":{"line":17,"column":1}},"line":15},"4":{"name":"(anonymous_4)","decl":{"start":{"line":19,"column":23},"end":{"line":19,"column":24}},"loc":{"start":{"line":19,"column":43},"end":{"line":21,"column":1}},"line":19}},"branchMap":{},"s":{"0":3,"1":3,"2":1,"3":3,"4":3,"5":3,"6":1,"7":3,"8":3,"9":3,"10":0},"f":{"0":1,"1":3,"2":1,"3":3,"4":0},"b":{},"_coverageSchema":"1a1c01bbd47fc00a2c39e90264f33305004495a9","hash":"5c52b08b4ba6f346a6f65a0226b97aa05472af86"}
,"C:\\Users\\utkar\\Desktop\\Assignment\\controllers\\user.js": {"path":"C:\\Users\\utkar\\Desktop\\Assignment\\controllers\\user.js","statementMap":{"0":{"start":{"line":1,"column":21},"end":{"line":1,"column":48}},"1":{"start":{"line":3,"column":0},"end":{"line":5,"column":2}},"2":{"start":{"line":4,"column":2},"end":{"line":4,"column":31}},"3":{"start":{"line":7,"column":0},"end":{"line":9,"column":2}},"4":{"start":{"line":8,"column":2},"end":{"line":8,"column":34}},"5":{"start":{"line":11,"column":0},"end":{"line":13,"column":2}},"6":{"start":{"line":12,"column":2},"end":{"line":12,"column":35}},"7":{"start":{"line":15,"column":0},"end":{"line":17,"column":2}},"8":{"start":{"line":16,"column":2},"end":{"line":16,"column":39}}},"fnMap":{"0":{"name":"(anonymous_0)","decl":{"start":{"line":3,"column":16},"end":{"line":3,"column":17}},"loc":{"start":{"line":3,"column":34},"end":{"line":5,"column":1}},"line":3},"1":{"name":"(anonymous_1)","decl":{"start":{"line":7,"column":19},"end":{"line":7,"column":20}},"loc":{"start":{"line":7,"column":37},"end":{"line":9,"column":1}},"line":7},"2":{"name":"(anonymous_2)","decl":{"start":{"line":11,"column":20},"end":{"line":11,"column":21}},"loc":{"start":{"line":11,"column":39},"end":{"line":13,"column":1}},"line":11},"3":{"name":"(anonymous_3)","decl":{"start":{"line":15,"column":24},"end":{"line":15,"column":25}},"loc":{"start":{"line":15,"column":43},"end":{"line":17,"column":1}},"line":15}},"branchMap":{},"s":{"0":3,"1":3,"2":18,"3":3,"4":1,"5":3,"6":3,"7":3,"8":1},"f":{"0":18,"1":1,"2":3,"3":1},"b":{},"_coverageSchema":"1a1c01bbd47fc00a2c39e90264f33305004495a9","hash":"93952fbcda815b6e5b30ed9ba5afbe67e37adcc2"}
,"C:\\Users\\utkar\\Desktop\\Assignment\\errors\\errors.js": {"path":"C:\\Users\\utkar\\Desktop\\Assignment\\errors\\errors.js","statementMap":{"0":{"start":{"line":12,"column":4},"end":{"line":12,"column":19}},"1":{"start":{"line":13,"column":4},"end":{"line":13,"column":38}},"2":{"start":{"line":14,"column":4},"end":{"line":14,"column":27}},"3":{"start":{"line":15,"column":4},"end":{"line":15,"column":20}},"4":{"start":{"line":28,"column":4},"end":{"line":28,"column":19}},"5":{"start":{"line":29,"column":4},"end":{"line":29,"column":38}},"6":{"start":{"line":30,"column":4},"end":{"line":30,"column":27}},"7":{"start":{"line":31,"column":4},"end":{"line":31,"column":20}},"8":{"start":{"line":44,"column":4},"end":{"line":44,"column":19}},"9":{"start":{"line":45,"column":4},"end":{"line":45,"column":38}},"10":{"start":{"line":46,"column":4},"end":{"line":46,"column":27}},"11":{"start":{"line":47,"column":4},"end":{"line":47,"column":20}},"12":{"start":{"line":60,"column":4},"end":{"line":60,"column":19}},"13":{"start":{"line":61,"column":4},"end":{"line":61,"column":38}},"14":{"start":{"line":62,"column":4},"end":{"line":62,"column":27}},"15":{"start":{"line":63,"column":4},"end":{"line":63,"column":20}},"16":{"start":{"line":76,"column":4},"end":{"line":76,"column":19}},"17":{"start":{"line":77,"column":4},"end":{"line":77,"column":38}},"18":{"start":{"line":78,"column":4},"end":{"line":78,"column":20}},"19":{"start":{"line":91,"column":4},"end":{"line":91,"column":19}},"20":{"start":{"line":92,"column":4},"end":{"line":92,"column":38}},"21":{"start":{"line":93,"column":4},"end":{"line":93,"column":20}},"22":{"start":{"line":106,"column":4},"end":{"line":106,"column":19}},"23":{"start":{"line":107,"column":4},"end":{"line":107,"column":38}},"24":{"start":{"line":108,"column":4},"end":{"line":108,"column":20}},"25":{"start":{"line":109,"column":4},"end":{"line":109,"column":27}},"26":{"start":{"line":114,"column":0},"end":{"line":122,"column":2}}},"fnMap":{"0":{"name":"(anonymous_0)","decl":{"start":{"line":11,"column":2},"end":{"line":11,"column":3}},"loc":{"start":{"line":11,"column":23},"end":{"line":16,"column":3}},"line":11},"1":{"name":"(anonymous_1)","decl":{"start":{"line":27,"column":2},"end":{"line":27,"column":3}},"loc":{"start":{"line":27,"column":23},"end":{"line":32,"column":3}},"line":27},"2":{"name":"(anonymous_2)","decl":{"start":{"line":43,"column":2},"end":{"line":43,"column":3}},"loc":{"start":{"line":43,"column":23},"end":{"line":48,"column":3}},"line":43},"3":{"name":"(anonymous_3)","decl":{"start":{"line":59,"column":2},"end":{"line":59,"column":3}},"loc":{"start":{"line":59,"column":23},"end":{"line":64,"column":3}},"line":59},"4":{"name":"(anonymous_4)","decl":{"start":{"line":75,"column":2},"end":{"line":75,"column":3}},"loc":{"start":{"line":75,"column":23},"end":{"line":79,"column":3}},"line":75},"5":{"name":"(anonymous_5)","decl":{"start":{"line":90,"column":2},"end":{"line":90,"column":3}},"loc":{"start":{"line":90,"column":23},"end":{"line":94,"column":3}},"line":90},"6":{"name":"(anonymous_6)","decl":{"start":{"line":105,"column":2},"end":{"line":105,"column":3}},"loc":{"start":{"line":105,"column":23},"end":{"line":110,"column":3}},"line":105}},"branchMap":{},"s":{"0":9,"1":9,"2":9,"3":9,"4":6,"5":6,"6":6,"7":6,"8":2,"9":2,"10":2,"11":2,"12":6,"13":6,"14":6,"15":6,"16":2,"17":2,"18":2,"19":0,"20":0,"21":0,"22":9,"23":9,"24":9,"25":9,"26":3},"f":{"0":9,"1":6,"2":2,"3":6,"4":2,"5":0,"6":9},"b":{},"_coverageSchema":"1a1c01bbd47fc00a2c39e90264f33305004495a9","hash":"6479a7b379ff36b68bb14a886f20c557258a7c1a"}
,"C:\\Users\\utkar\\Desktop\\Assignment\\middlewares\\authorization\\authorize.js": {"path":"C:\\Users\\utkar\\Desktop\\Assignment\\middlewares\\authorization\\authorize.js","statementMap":{"0":{"start":{"line":1,"column":12},"end":{"line":1,"column":35}},"1":{"start":{"line":2,"column":31},"end":{"line":2,"column":61}},"2":{"start":{"line":3,"column":19},"end":{"line":3,"column":53}},"3":{"start":{"line":14,"column":2},"end":{"line":33,"column":3}},"4":{"start":{"line":15,"column":4},"end":{"line":17,"column":5}},"5":{"start":{"line":16,"column":6},"end":{"line":16,"column":62}},"6":{"start":{"line":18,"column":18},"end":{"line":18,"column":57}},"7":{"start":{"line":19,"column":21},"end":{"line":19,"column":63}},"8":{"start":{"line":20,"column":4},"end":{"line":24,"column":5}},"9":{"start":{"line":21,"column":6},"end":{"line":21,"column":13}},"10":{"start":{"line":23,"column":6},"end":{"line":23,"column":57}},"11":{"start":{"line":26,"column":4},"end":{"line":28,"column":5}},"12":{"start":{"line":27,"column":6},"end":{"line":27,"column":55}},"13":{"start":{"line":29,"column":4},"end":{"line":31,"column":5}},"14":{"start":{"line":30,"column":6},"end":{"line":30,"column":69}},"15":{"start":{"line":32,"column":4},"end":{"line":32,"column":49}},"16":{"start":{"line":36,"column":0},"end":{"line":36,"column":45}}},"fnMap":{"0":{"name":"authorization","decl":{"start":{"line":13,"column":9},"end":{"line":13,"column":22}},"loc":{"start":{"line":13,"column":41},"end":{"line":34,"column":1}},"line":13}},"branchMap":{"0":{"loc":{"start":{"line":15,"column":4},"end":{"line":17,"column":5}},"type":"if","locations":[{"start":{"line":15,"column":4},"end":{"line":17,"column":5}},{"start":{"line":15,"column":4},"end":{"line":17,"column":5}}],"line":15},"1":{"loc":{"start":{"line":15,"column":8},"end":{"line":15,"column":50}},"type":"binary-expr","locations":[{"start":{"line":15,"column":8},"end":{"line":15,"column":20}},{"start":{"line":15,"column":24},"end":{"line":15,"column":50}}],"line":15},"2":{"loc":{"start":{"line":20,"column":4},"end":{"line":24,"column":5}},"type":"if","locations":[{"start":{"line":20,"column":4},"end":{"line":24,"column":5}},{"start":{"line":20,"column":4},"end":{"line":24,"column":5}}],"line":20},"3":{"loc":{"start":{"line":26,"column":4},"end":{"line":28,"column":5}},"type":"if","locations":[{"start":{"line":26,"column":4},"end":{"line":28,"column":5}},{"start":{"line":26,"column":4},"end":{"line":28,"column":5}}],"line":26},"4":{"loc":{"start":{"line":29,"column":4},"end":{"line":31,"column":5}},"type":"if","locations":[{"start":{"line":29,"column":4},"end":{"line":31,"column":5}},{"start":{"line":29,"column":4},"end":{"line":31,"column":5}}],"line":29}},"s":{"0":3,"1":3,"2":3,"3":48,"4":48,"5":9,"6":39,"7":39,"8":33,"9":33,"10":0,"11":15,"12":6,"13":9,"14":0,"15":9,"16":3},"f":{"0":48},"b":{"0":[9,39],"1":[48,48],"2":[33,0],"3":[6,9],"4":[0,9]},"_coverageSchema":"1a1c01bbd47fc00a2c39e90264f33305004495a9","hash":"35045947cd30c556dffbf043a9a91ac056e80e35"}
,"C:\\Users\\utkar\\Desktop\\Assignment\\middlewares\\validations\\validate_schema.js": {"path":"C:\\Users\\utkar\\Desktop\\Assignment\\middlewares\\validations\\validate_schema.js","statementMap":{"0":{"start":{"line":2,"column":12},"end":{"line":2,"column":26}},"1":{"start":{"line":5,"column":0},"end":{"line":10,"column":3}},"2":{"start":{"line":12,"column":0},"end":{"line":19,"column":3}},"3":{"start":{"line":21,"column":0},"end":{"line":25,"column":3}},"4":{"start":{"line":27,"column":0},"end":{"line":38,"column":3}},"5":{"start":{"line":40,"column":0},"end":{"line":47,"column":3}},"6":{"start":{"line":50,"column":30},"end":{"line":54,"column":2}},"7":{"start":{"line":56,"column":0},"end":{"line":60,"column":3}}},"fnMap":{},"branchMap":{},"s":{"0":3,"1":3,"2":3,"3":3,"4":3,"5":3,"6":3,"7":3},"f":{},"b":{},"_coverageSchema":"1a1c01bbd47fc00a2c39e90264f33305004495a9","hash":"28043b7a97ace3e7103571358d2630552061d576"}
,"C:\\Users\\utkar\\Desktop\\Assignment\\middlewares\\validations\\validator.js": {"path":"C:\\Users\\utkar\\Desktop\\Assignment\\middlewares\\validations\\validator.js","statementMap":{"0":{"start":{"line":1,"column":24},"end":{"line":1,"column":52}},"1":{"start":{"line":2,"column":19},"end":{"line":2,"column":53}},"2":{"start":{"line":12,"column":16},"end":{"line":12,"column":63}},"3":{"start":{"line":13,"column":2},"end":{"line":17,"column":3}},"4":{"start":{"line":14,"column":4},"end":{"line":14,"column":65}},"5":{"start":{"line":16,"column":4},"end":{"line":16,"column":11}},"6":{"start":{"line":28,"column":16},"end":{"line":28,"column":70}},"7":{"start":{"line":29,"column":2},"end":{"line":33,"column":3}},"8":{"start":{"line":30,"column":4},"end":{"line":30,"column":65}},"9":{"start":{"line":32,"column":4},"end":{"line":32,"column":11}},"10":{"start":{"line":44,"column":16},"end":{"line":44,"column":67}},"11":{"start":{"line":45,"column":2},"end":{"line":49,"column":3}},"12":{"start":{"line":46,"column":4},"end":{"line":46,"column":65}},"13":{"start":{"line":48,"column":4},"end":{"line":48,"column":11}},"14":{"start":{"line":60,"column":16},"end":{"line":60,"column":66}},"15":{"start":{"line":61,"column":2},"end":{"line":65,"column":3}},"16":{"start":{"line":62,"column":4},"end":{"line":62,"column":65}},"17":{"start":{"line":64,"column":4},"end":{"line":64,"column":11}},"18":{"start":{"line":76,"column":16},"end":{"line":76,"column":69}},"19":{"start":{"line":77,"column":2},"end":{"line":81,"column":3}},"20":{"start":{"line":78,"column":4},"end":{"line":78,"column":65}},"21":{"start":{"line":80,"column":4},"end":{"line":80,"column":11}},"22":{"start":{"line":92,"column":16},"end":{"line":92,"column":71}},"23":{"start":{"line":93,"column":2},"end":{"line":97,"column":3}},"24":{"start":{"line":94,"column":4},"end":{"line":94,"column":65}},"25":{"start":{"line":96,"column":4},"end":{"line":96,"column":11}},"26":{"start":{"line":100,"column":0},"end":{"line":107,"column":2}}},"fnMap":{"0":{"name":"login_validator","decl":{"start":{"line":11,"column":9},"end":{"line":11,"column":24}},"loc":{"start":{"line":11,"column":41},"end":{"line":18,"column":1}},"line":11},"1":{"name":"register_validator","decl":{"start":{"line":27,"column":9},"end":{"line":27,"column":27}},"loc":{"start":{"line":27,"column":44},"end":{"line":34,"column":1}},"line":27},"2":{"name":"new_admin_validator","decl":{"start":{"line":43,"column":9},"end":{"line":43,"column":28}},"loc":{"start":{"line":43,"column":45},"end":{"line":50,"column":1}},"line":43},"3":{"name":"new_book_validator","decl":{"start":{"line":59,"column":9},"end":{"line":59,"column":27}},"loc":{"start":{"line":59,"column":44},"end":{"line":66,"column":1}},"line":59},"4":{"name":"book_update_validator","decl":{"start":{"line":75,"column":9},"end":{"line":75,"column":30}},"loc":{"start":{"line":75,"column":47},"end":{"line":82,"column":1}},"line":75},"5":{"name":"book_id_array_validator","decl":{"start":{"line":91,"column":9},"end":{"line":91,"column":32}},"loc":{"start":{"line":91,"column":49},"end":{"line":98,"column":1}},"line":91}},"branchMap":{"0":{"loc":{"start":{"line":13,"column":2},"end":{"line":17,"column":3}},"type":"if","locations":[{"start":{"line":13,"column":2},"end":{"line":17,"column":3}},{"start":{"line":13,"column":2},"end":{"line":17,"column":3}}],"line":13},"1":{"loc":{"start":{"line":29,"column":2},"end":{"line":33,"column":3}},"type":"if","locations":[{"start":{"line":29,"column":2},"end":{"line":33,"column":3}},{"start":{"line":29,"column":2},"end":{"line":33,"column":3}}],"line":29},"2":{"loc":{"start":{"line":45,"column":2},"end":{"line":49,"column":3}},"type":"if","locations":[{"start":{"line":45,"column":2},"end":{"line":49,"column":3}},{"start":{"line":45,"column":2},"end":{"line":49,"column":3}}],"line":45},"3":{"loc":{"start":{"line":61,"column":2},"end":{"line":65,"column":3}},"type":"if","locations":[{"start":{"line":61,"column":2},"end":{"line":65,"column":3}},{"start":{"line":61,"column":2},"end":{"line":65,"column":3}}],"line":61},"4":{"loc":{"start":{"line":77,"column":2},"end":{"line":81,"column":3}},"type":"if","locations":[{"start":{"line":77,"column":2},"end":{"line":81,"column":3}},{"start":{"line":77,"column":2},"end":{"line":81,"column":3}}],"line":77},"5":{"loc":{"start":{"line":93,"column":2},"end":{"line":97,"column":3}},"type":"if","locations":[{"start":{"line":93,"column":2},"end":{"line":97,"column":3}},{"start":{"line":93,"column":2},"end":{"line":97,"column":3}}],"line":93}},"s":{"0":3,"1":3,"2":18,"3":18,"4":0,"5":18,"6":2,"7":2,"8":1,"9":1,"10":12,"11":12,"12":2,"13":10,"14":3,"15":3,"16":1,"17":2,"18":4,"19":4,"20":1,"21":3,"22":5,"23":5,"24":2,"25":3,"26":3},"f":{"0":18,"1":2,"2":12,"3":3,"4":4,"5":5},"b":{"0":[0,18],"1":[1,1],"2":[2,10],"3":[1,2],"4":[1,3],"5":[2,3]},"_coverageSchema":"1a1c01bbd47fc00a2c39e90264f33305004495a9","hash":"3492c0d20b6a19b3be23c4523e423e19789bd5e1"}
,"C:\\Users\\utkar\\Desktop\\Assignment\\models\\testdatabaseconnect.js": {"path":"C:\\Users\\utkar\\Desktop\\Assignment\\models\\testdatabaseconnect.js","statementMap":{"0":{"start":{"line":1,"column":17},"end":{"line":1,"column":36}},"1":{"start":{"line":7,"column":0},"end":{"line":11,"column":1}},"2":{"start":{"line":8,"column":2},"end":{"line":8,"column":115}},"3":{"start":{"line":10,"column":2},"end":{"line":10,"column":17}},"4":{"start":{"line":13,"column":0},"end":{"line":13,"column":40}},"5":{"start":{"line":15,"column":0},"end":{"line":15,"column":31}}},"fnMap":{},"branchMap":{},"s":{"0":3,"1":3,"2":3,"3":0,"4":3,"5":3},"f":{},"b":{},"_coverageSchema":"1a1c01bbd47fc00a2c39e90264f33305004495a9","hash":"d9039241cf78da3b5b02e29261acbf94767b2a0d"}
,"C:\\Users\\utkar\\Desktop\\Assignment\\models\\model_query\\book_query.js": {"path":"C:\\Users\\utkar\\Desktop\\Assignment\\models\\model_query\\book_query.js","statementMap":{"0":{"start":{"line":2,"column":13},"end":{"line":2,"column":44}},"1":{"start":{"line":3,"column":35},"end":{"line":3,"column":65}},"2":{"start":{"line":12,"column":0},"end":{"line":19,"column":2}},"3":{"start":{"line":13,"column":2},"end":{"line":18,"column":3}},"4":{"start":{"line":14,"column":23},"end":{"line":14,"column":55}},"5":{"start":{"line":15,"column":4},"end":{"line":15,"column":22}},"6":{"start":{"line":17,"column":4},"end":{"line":17,"column":68}},"7":{"start":{"line":28,"column":0},"end":{"line":35,"column":2}},"8":{"start":{"line":29,"column":2},"end":{"line":34,"column":3}},"9":{"start":{"line":30,"column":23},"end":{"line":30,"column":52}},"10":{"start":{"line":31,"column":4},"end":{"line":31,"column":22}},"11":{"start":{"line":33,"column":4},"end":{"line":33,"column":68}},"12":{"start":{"line":44,"column":0},"end":{"line":51,"column":2}},"13":{"start":{"line":45,"column":2},"end":{"line":50,"column":3}},"14":{"start":{"line":46,"column":24},"end":{"line":46,"column":87}},"15":{"start":{"line":47,"column":4},"end":{"line":47,"column":23}},"16":{"start":{"line":49,"column":4},"end":{"line":49,"column":68}},"17":{"start":{"line":60,"column":0},"end":{"line":67,"column":2}},"18":{"start":{"line":61,"column":2},"end":{"line":66,"column":3}},"19":{"start":{"line":62,"column":27},"end":{"line":62,"column":68}},"20":{"start":{"line":63,"column":4},"end":{"line":63,"column":26}},"21":{"start":{"line":65,"column":4},"end":{"line":65,"column":68}},"22":{"start":{"line":77,"column":0},"end":{"line":85,"column":2}},"23":{"start":{"line":78,"column":2},"end":{"line":84,"column":3}},"24":{"start":{"line":80,"column":25},"end":{"line":80,"column":96}},"25":{"start":{"line":81,"column":4},"end":{"line":81,"column":24}},"26":{"start":{"line":83,"column":4},"end":{"line":83,"column":68}},"27":{"start":{"line":93,"column":0},"end":{"line":106,"column":2}},"28":{"start":{"line":94,"column":2},"end":{"line":105,"column":3}},"29":{"start":{"line":95,"column":24},"end":{"line":101,"column":6}},"30":{"start":{"line":102,"column":4},"end":{"line":102,"column":29}},"31":{"start":{"line":104,"column":4},"end":{"line":104,"column":68}},"32":{"start":{"line":117,"column":0},"end":{"line":124,"column":2}},"33":{"start":{"line":118,"column":2},"end":{"line":123,"column":3}},"34":{"start":{"line":119,"column":27},"end":{"line":119,"column":123}},"35":{"start":{"line":120,"column":4},"end":{"line":120,"column":26}},"36":{"start":{"line":122,"column":4},"end":{"line":122,"column":68}},"37":{"start":{"line":134,"column":0},"end":{"line":141,"column":2}},"38":{"start":{"line":135,"column":2},"end":{"line":140,"column":3}},"39":{"start":{"line":136,"column":38},"end":{"line":136,"column":104}},"40":{"start":{"line":137,"column":4},"end":{"line":137,"column":37}},"41":{"start":{"line":139,"column":4},"end":{"line":139,"column":68}},"42":{"start":{"line":152,"column":0},"end":{"line":159,"column":2}},"43":{"start":{"line":153,"column":2},"end":{"line":158,"column":3}},"44":{"start":{"line":154,"column":28},"end":{"line":154,"column":119}},"45":{"start":{"line":155,"column":4},"end":{"line":155,"column":27}},"46":{"start":{"line":157,"column":4},"end":{"line":157,"column":68}},"47":{"start":{"line":170,"column":0},"end":{"line":177,"column":2}},"48":{"start":{"line":171,"column":2},"end":{"line":176,"column":3}},"49":{"start":{"line":172,"column":22},"end":{"line":172,"column":93}},"50":{"start":{"line":173,"column":4},"end":{"line":173,"column":21}},"51":{"start":{"line":175,"column":4},"end":{"line":175,"column":68}},"52":{"start":{"line":187,"column":0},"end":{"line":195,"column":2}},"53":{"start":{"line":188,"column":2},"end":{"line":194,"column":3}},"54":{"start":{"line":189,"column":22},"end":{"line":189,"column":131}},"55":{"start":{"line":191,"column":4},"end":{"line":191,"column":21}},"56":{"start":{"line":193,"column":4},"end":{"line":193,"column":68}}},"fnMap":{"0":{"name":"(anonymous_0)","decl":{"start":{"line":12,"column":30},"end":{"line":12,"column":31}},"loc":{"start":{"line":12,"column":46},"end":{"line":19,"column":1}},"line":12},"1":{"name":"(anonymous_1)","decl":{"start":{"line":28,"column":28},"end":{"line":28,"column":29}},"loc":{"start":{"line":28,"column":42},"end":{"line":35,"column":1}},"line":28},"2":{"name":"(anonymous_2)","decl":{"start":{"line":44,"column":22},"end":{"line":44,"column":23}},"loc":{"start":{"line":44,"column":36},"end":{"line":51,"column":1}},"line":44},"3":{"name":"(anonymous_3)","decl":{"start":{"line":60,"column":26},"end":{"line":60,"column":27}},"loc":{"start":{"line":60,"column":46},"end":{"line":67,"column":1}},"line":60},"4":{"name":"(anonymous_4)","decl":{"start":{"line":77,"column":21},"end":{"line":77,"column":22}},"loc":{"start":{"line":77,"column":49},"end":{"line":85,"column":1}},"line":77},"5":{"name":"(anonymous_5)","decl":{"start":{"line":93,"column":28},"end":{"line":93,"column":29}},"loc":{"start":{"line":93,"column":40},"end":{"line":106,"column":1}},"line":93},"6":{"name":"(anonymous_6)","decl":{"start":{"line":117,"column":25},"end":{"line":117,"column":26}},"loc":{"start":{"line":117,"column":55},"end":{"line":124,"column":1}},"line":117},"7":{"name":"(anonymous_7)","decl":{"start":{"line":134,"column":36},"end":{"line":134,"column":37}},"loc":{"start":{"line":134,"column":59},"end":{"line":141,"column":1}},"line":134},"8":{"name":"(anonymous_8)","decl":{"start":{"line":152,"column":26},"end":{"line":152,"column":27}},"loc":{"start":{"line":152,"column":57},"end":{"line":159,"column":1}},"line":152},"9":{"name":"(anonymous_9)","decl":{"start":{"line":170,"column":31},"end":{"line":170,"column":32}},"loc":{"start":{"line":170,"column":62},"end":{"line":177,"column":1}},"line":170},"10":{"name":"(anonymous_10)","decl":{"start":{"line":187,"column":28},"end":{"line":187,"column":29}},"loc":{"start":{"line":187,"column":58},"end":{"line":195,"column":1}},"line":187}},"branchMap":{},"s":{"0":3,"1":3,"2":3,"3":1,"4":1,"5":1,"6":0,"7":3,"8":4,"9":4,"10":2,"11":2,"12":3,"13":1,"14":1,"15":1,"16":0,"17":3,"18":0,"19":0,"20":0,"21":0,"22":3,"23":1,"24":1,"25":1,"26":0,"27":3,"28":0,"29":0,"30":0,"31":0,"32":3,"33":2,"34":2,"35":2,"36":0,"37":3,"38":1,"39":1,"40":1,"41":0,"42":3,"43":3,"44":3,"45":3,"46":0,"47":3,"48":1,"49":1,"50":1,"51":0,"52":3,"53":1,"54":1,"55":1,"56":0},"f":{"0":1,"1":4,"2":1,"3":0,"4":1,"5":0,"6":2,"7":1,"8":3,"9":1,"10":1},"b":{},"_coverageSchema":"1a1c01bbd47fc00a2c39e90264f33305004495a9","hash":"3239be3d5c51fe117455bd69b6dd403d5ecc9270"}
,"C:\\Users\\utkar\\Desktop\\Assignment\\models\\model_query\\history_query.js": {"path":"C:\\Users\\utkar\\Desktop\\Assignment\\models\\model_query\\history_query.js","statementMap":{"0":{"start":{"line":3,"column":17},"end":{"line":3,"column":36}},"1":{"start":{"line":4,"column":16},"end":{"line":4,"column":50}},"2":{"start":{"line":5,"column":19},"end":{"line":5,"column":40}},"3":{"start":{"line":6,"column":35},"end":{"line":6,"column":65}},"4":{"start":{"line":15,"column":0},"end":{"line":22,"column":2}},"5":{"start":{"line":16,"column":2},"end":{"line":21,"column":3}},"6":{"start":{"line":17,"column":18},"end":{"line":17,"column":94}},"7":{"start":{"line":18,"column":4},"end":{"line":18,"column":17}},"8":{"start":{"line":20,"column":4},"end":{"line":20,"column":68}},"9":{"start":{"line":31,"column":0},"end":{"line":38,"column":2}},"10":{"start":{"line":32,"column":2},"end":{"line":37,"column":3}},"11":{"start":{"line":33,"column":23},"end":{"line":33,"column":65}},"12":{"start":{"line":34,"column":4},"end":{"line":34,"column":22}},"13":{"start":{"line":36,"column":4},"end":{"line":36,"column":68}},"14":{"start":{"line":48,"column":0},"end":{"line":58,"column":2}},"15":{"start":{"line":49,"column":2},"end":{"line":57,"column":3}},"16":{"start":{"line":50,"column":4},"end":{"line":50,"column":20}},"17":{"start":{"line":52,"column":25},"end":{"line":52,"column":222}},"18":{"start":{"line":54,"column":4},"end":{"line":54,"column":24}},"19":{"start":{"line":56,"column":4},"end":{"line":56,"column":68}},"20":{"start":{"line":67,"column":0},"end":{"line":74,"column":2}},"21":{"start":{"line":68,"column":2},"end":{"line":73,"column":3}},"22":{"start":{"line":69,"column":18},"end":{"line":69,"column":95}},"23":{"start":{"line":70,"column":4},"end":{"line":70,"column":17}},"24":{"start":{"line":72,"column":4},"end":{"line":72,"column":68}},"25":{"start":{"line":84,"column":0},"end":{"line":93,"column":2}},"26":{"start":{"line":85,"column":2},"end":{"line":92,"column":3}},"27":{"start":{"line":86,"column":17},"end":{"line":86,"column":68}},"28":{"start":{"line":88,"column":19},"end":{"line":88,"column":169}},"29":{"start":{"line":89,"column":4},"end":{"line":89,"column":18}},"30":{"start":{"line":91,"column":4},"end":{"line":91,"column":68}},"31":{"start":{"line":101,"column":0},"end":{"line":108,"column":2}},"32":{"start":{"line":102,"column":2},"end":{"line":107,"column":3}},"33":{"start":{"line":103,"column":25},"end":{"line":103,"column":135}},"34":{"start":{"line":104,"column":4},"end":{"line":104,"column":24}},"35":{"start":{"line":106,"column":4},"end":{"line":106,"column":68}},"36":{"start":{"line":117,"column":0},"end":{"line":124,"column":2}},"37":{"start":{"line":118,"column":2},"end":{"line":123,"column":3}},"38":{"start":{"line":119,"column":33},"end":{"line":119,"column":86}},"39":{"start":{"line":120,"column":4},"end":{"line":120,"column":32}},"40":{"start":{"line":122,"column":4},"end":{"line":122,"column":68}},"41":{"start":{"line":133,"column":0},"end":{"line":141,"column":2}},"42":{"start":{"line":134,"column":2},"end":{"line":140,"column":3}},"43":{"start":{"line":135,"column":34},"end":{"line":135,"column":196}},"44":{"start":{"line":137,"column":4},"end":{"line":137,"column":33}},"45":{"start":{"line":139,"column":4},"end":{"line":139,"column":68}},"46":{"start":{"line":150,"column":0},"end":{"line":157,"column":2}},"47":{"start":{"line":151,"column":2},"end":{"line":156,"column":3}},"48":{"start":{"line":152,"column":20},"end":{"line":152,"column":108}},"49":{"start":{"line":153,"column":4},"end":{"line":153,"column":19}},"50":{"start":{"line":155,"column":4},"end":{"line":155,"column":68}}},"fnMap":{"0":{"name":"(anonymous_0)","decl":{"start":{"line":15,"column":29},"end":{"line":15,"column":30}},"loc":{"start":{"line":15,"column":43},"end":{"line":22,"column":1}},"line":15},"1":{"name":"(anonymous_1)","decl":{"start":{"line":31,"column":21},"end":{"line":31,"column":22}},"loc":{"start":{"line":31,"column":49},"end":{"line":38,"column":1}},"line":31},"2":{"name":"(anonymous_2)","decl":{"start":{"line":48,"column":23},"end":{"line":48,"column":24}},"loc":{"start":{"line":48,"column":57},"end":{"line":58,"column":1}},"line":48},"3":{"name":"(anonymous_3)","decl":{"start":{"line":67,"column":40},"end":{"line":67,"column":41}},"loc":{"start":{"line":67,"column":54},"end":{"line":74,"column":1}},"line":67},"4":{"name":"(anonymous_4)","decl":{"start":{"line":84,"column":23},"end":{"line":84,"column":24}},"loc":{"start":{"line":84,"column":48},"end":{"line":93,"column":1}},"line":84},"5":{"name":"(anonymous_5)","decl":{"start":{"line":101,"column":32},"end":{"line":101,"column":33}},"loc":{"start":{"line":101,"column":44},"end":{"line":108,"column":1}},"line":101},"6":{"name":"(anonymous_6)","decl":{"start":{"line":117,"column":31},"end":{"line":117,"column":32}},"loc":{"start":{"line":117,"column":45},"end":{"line":124,"column":1}},"line":117},"7":{"name":"(anonymous_7)","decl":{"start":{"line":133,"column":32},"end":{"line":133,"column":33}},"loc":{"start":{"line":133,"column":46},"end":{"line":141,"column":1}},"line":133},"8":{"name":"(anonymous_8)","decl":{"start":{"line":150,"column":29},"end":{"line":150,"column":30}},"loc":{"start":{"line":150,"column":48},"end":{"line":157,"column":1}},"line":150}},"branchMap":{},"s":{"0":3,"1":3,"2":3,"3":3,"4":3,"5":1,"6":1,"7":1,"8":0,"9":3,"10":0,"11":0,"12":0,"13":0,"14":3,"15":0,"16":0,"17":0,"18":0,"19":0,"20":3,"21":0,"22":0,"23":0,"24":0,"25":3,"26":1,"27":1,"28":1,"29":1,"30":0,"31":3,"32":1,"33":1,"34":1,"35":0,"36":3,"37":1,"38":1,"39":1,"40":0,"41":3,"42":7,"43":7,"44":7,"45":0,"46":3,"47":0,"48":0,"49":0,"50":0},"f":{"0":1,"1":0,"2":0,"3":0,"4":1,"5":1,"6":1,"7":7,"8":0},"b":{},"_coverageSchema":"1a1c01bbd47fc00a2c39e90264f33305004495a9","hash":"eda7bb59198d22bcb41ce2b0e9908a4eb68c0f64"}
,"C:\\Users\\utkar\\Desktop\\Assignment\\models\\model_query\\user_query.js": {"path":"C:\\Users\\utkar\\Desktop\\Assignment\\models\\model_query\\user_query.js","statementMap":{"0":{"start":{"line":2,"column":35},"end":{"line":2,"column":65}},"1":{"start":{"line":3,"column":13},"end":{"line":3,"column":44}},"2":{"start":{"line":12,"column":0},"end":{"line":19,"column":2}},"3":{"start":{"line":13,"column":2},"end":{"line":18,"column":3}},"4":{"start":{"line":14,"column":23},"end":{"line":14,"column":68}},"5":{"start":{"line":15,"column":4},"end":{"line":15,"column":22}},"6":{"start":{"line":17,"column":4},"end":{"line":17,"column":68}},"7":{"start":{"line":28,"column":0},"end":{"line":35,"column":2}},"8":{"start":{"line":29,"column":2},"end":{"line":34,"column":3}},"9":{"start":{"line":30,"column":26},"end":{"line":30,"column":67}},"10":{"start":{"line":31,"column":4},"end":{"line":31,"column":25}},"11":{"start":{"line":33,"column":4},"end":{"line":33,"column":68}},"12":{"start":{"line":44,"column":0},"end":{"line":51,"column":2}},"13":{"start":{"line":45,"column":2},"end":{"line":50,"column":3}},"14":{"start":{"line":46,"column":18},"end":{"line":46,"column":72}},"15":{"start":{"line":47,"column":4},"end":{"line":47,"column":17}},"16":{"start":{"line":49,"column":4},"end":{"line":49,"column":68}},"17":{"start":{"line":61,"column":0},"end":{"line":68,"column":2}},"18":{"start":{"line":62,"column":2},"end":{"line":67,"column":3}},"19":{"start":{"line":63,"column":18},"end":{"line":63,"column":97}},"20":{"start":{"line":64,"column":4},"end":{"line":64,"column":17}},"21":{"start":{"line":66,"column":4},"end":{"line":66,"column":68}}},"fnMap":{"0":{"name":"(anonymous_0)","decl":{"start":{"line":12,"column":20},"end":{"line":12,"column":21}},"loc":{"start":{"line":12,"column":37},"end":{"line":19,"column":1}},"line":12},"1":{"name":"(anonymous_1)","decl":{"start":{"line":28,"column":24},"end":{"line":28,"column":25}},"loc":{"start":{"line":28,"column":44},"end":{"line":35,"column":1}},"line":28},"2":{"name":"(anonymous_2)","decl":{"start":{"line":44,"column":26},"end":{"line":44,"column":27}},"loc":{"start":{"line":44,"column":43},"end":{"line":51,"column":1}},"line":44},"3":{"name":"(anonymous_3)","decl":{"start":{"line":61,"column":25},"end":{"line":61,"column":26}},"loc":{"start":{"line":61,"column":48},"end":{"line":68,"column":1}},"line":61}},"branchMap":{},"s":{"0":3,"1":3,"2":3,"3":27,"4":27,"5":27,"6":0,"7":3,"8":0,"9":0,"10":0,"11":0,"12":3,"13":1,"14":1,"15":1,"16":0,"17":3,"18":1,"19":1,"20":1,"21":0},"f":{"0":27,"1":0,"2":1,"3":1},"b":{},"_coverageSchema":"1a1c01bbd47fc00a2c39e90264f33305004495a9","hash":"c650746e2dfcd54353a2e36ffbde665249305ba0"}
,"C:\\Users\\utkar\\Desktop\\Assignment\\models\\model_schema\\book.js": {"path":"C:\\Users\\utkar\\Desktop\\Assignment\\models\\model_schema\\book.js","statementMap":{"0":{"start":{"line":1,"column":17},"end":{"line":1,"column":36}},"1":{"start":{"line":6,"column":20},"end":{"line":45,"column":2}},"2":{"start":{"line":47,"column":0},"end":{"line":47,"column":36}},"3":{"start":{"line":48,"column":0},"end":{"line":48,"column":29}},"4":{"start":{"line":49,"column":0},"end":{"line":49,"column":30}},"5":{"start":{"line":50,"column":0},"end":{"line":50,"column":53}}},"fnMap":{},"branchMap":{},"s":{"0":3,"1":3,"2":3,"3":3,"4":3,"5":3},"f":{},"b":{},"_coverageSchema":"1a1c01bbd47fc00a2c39e90264f33305004495a9","hash":"196a35ed2b90b5bd012c6658cb6eab05a311c23c"}
,"C:\\Users\\utkar\\Desktop\\Assignment\\models\\model_schema\\history.js": {"path":"C:\\Users\\utkar\\Desktop\\Assignment\\models\\model_schema\\history.js","statementMap":{"0":{"start":{"line":1,"column":17},"end":{"line":1,"column":36}},"1":{"start":{"line":6,"column":22},"end":{"line":32,"column":2}},"2":{"start":{"line":34,"column":0},"end":{"line":34,"column":35}},"3":{"start":{"line":35,"column":0},"end":{"line":35,"column":35}},"4":{"start":{"line":36,"column":0},"end":{"line":36,"column":33}},"5":{"start":{"line":38,"column":0},"end":{"line":38,"column":59}}},"fnMap":{},"branchMap":{},"s":{"0":3,"1":3,"2":3,"3":3,"4":3,"5":3},"f":{},"b":{},"_coverageSchema":"1a1c01bbd47fc00a2c39e90264f33305004495a9","hash":"ee6df03e7073d7cbef746babafa48625cbe6e7a1"}
,"C:\\Users\\utkar\\Desktop\\Assignment\\models\\model_schema\\user.js": {"path":"C:\\Users\\utkar\\Desktop\\Assignment\\models\\model_schema\\user.js","statementMap":{"0":{"start":{"line":1,"column":17},"end":{"line":1,"column":36}},"1":{"start":{"line":6,"column":19},"end":{"line":31,"column":2}},"2":{"start":{"line":33,"column":0},"end":{"line":33,"column":30}},"3":{"start":{"line":34,"column":0},"end":{"line":34,"column":29}},"4":{"start":{"line":35,"column":0},"end":{"line":35,"column":33}},"5":{"start":{"line":36,"column":0},"end":{"line":36,"column":53}}},"fnMap":{},"branchMap":{},"s":{"0":3,"1":3,"2":3,"3":3,"4":3,"5":3},"f":{},"b":{},"_coverageSchema":"1a1c01bbd47fc00a2c39e90264f33305004495a9","hash":"197d88b463a73fb75db1d69a9e9094f5f5261e90"}
,"C:\\Users\\utkar\\Desktop\\Assignment\\response\\response.js": {"path":"C:\\Users\\utkar\\Desktop\\Assignment\\response\\response.js","statementMap":{"0":{"start":{"line":9,"column":2},"end":{"line":19,"column":3}},"1":{"start":{"line":10,"column":4},"end":{"line":13,"column":7}},"2":{"start":{"line":15,"column":4},"end":{"line":18,"column":7}},"3":{"start":{"line":22,"column":0},"end":{"line":22,"column":35}}},"fnMap":{"0":{"name":"response","decl":{"start":{"line":8,"column":9},"end":{"line":8,"column":17}},"loc":{"start":{"line":8,"column":45},"end":{"line":20,"column":1}},"line":8}},"branchMap":{"0":{"loc":{"start":{"line":9,"column":2},"end":{"line":19,"column":3}},"type":"if","locations":[{"start":{"line":9,"column":2},"end":{"line":19,"column":3}},{"start":{"line":9,"column":2},"end":{"line":19,"column":3}}],"line":9}},"s":{"0":69,"1":47,"2":22,"3":3},"f":{"0":69},"b":{"0":[47,22]},"_coverageSchema":"1a1c01bbd47fc00a2c39e90264f33305004495a9","hash":"1a6d848be5ec12126acc45d2b6d8eff076b5fb46"}
,"C:\\Users\\utkar\\Desktop\\Assignment\\routes\\book.js": {"path":"C:\\Users\\utkar\\Desktop\\Assignment\\routes\\book.js","statementMap":{"0":{"start":{"line":2,"column":16},"end":{"line":2,"column":34}},"1":{"start":{"line":3,"column":24},"end":{"line":3,"column":54}},"2":{"start":{"line":4,"column":18},"end":{"line":4,"column":67}},"3":{"start":{"line":5,"column":18},"end":{"line":5,"column":65}},"4":{"start":{"line":8,"column":15},"end":{"line":8,"column":31}},"5":{"start":{"line":15,"column":0},"end":{"line":15,"column":101}},"6":{"start":{"line":22,"column":0},"end":{"line":22,"column":110}},"7":{"start":{"line":29,"column":0},"end":{"line":29,"column":77}},"8":{"start":{"line":36,"column":0},"end":{"line":36,"column":79}},"9":{"start":{"line":43,"column":0},"end":{"line":43,"column":115}},"10":{"start":{"line":50,"column":0},"end":{"line":50,"column":84}},"11":{"start":{"line":57,"column":0},"end":{"line":57,"column":84}},"12":{"start":{"line":64,"column":0},"end":{"line":64,"column":83}},"13":{"start":{"line":66,"column":0},"end":{"line":66,"column":24}}},"fnMap":{},"branchMap":{},"s":{"0":3,"1":3,"2":3,"3":3,"4":3,"5":3,"6":3,"7":3,"8":3,"9":3,"10":3,"11":3,"12":3,"13":3},"f":{},"b":{},"_coverageSchema":"1a1c01bbd47fc00a2c39e90264f33305004495a9","hash":"68f2fff97d1e4bf8a4c4f93c9007c372143e271c"}
,"C:\\Users\\utkar\\Desktop\\Assignment\\routes\\history.js": {"path":"C:\\Users\\utkar\\Desktop\\Assignment\\routes\\history.js","statementMap":{"0":{"start":{"line":2,"column":16},"end":{"line":2,"column":34}},"1":{"start":{"line":3,"column":27},"end":{"line":3,"column":60}},"2":{"start":{"line":4,"column":18},"end":{"line":4,"column":67}},"3":{"start":{"line":5,"column":18},"end":{"line":5,"column":65}},"4":{"start":{"line":8,"column":15},"end":{"line":8,"column":31}},"5":{"start":{"line":15,"column":0},"end":{"line":15,"column":116}},"6":{"start":{"line":22,"column":0},"end":{"line":22,"column":85}},"7":{"start":{"line":29,"column":0},"end":{"line":29,"column":117}},"8":{"start":{"line":36,"column":0},"end":{"line":36,"column":124}},"9":{"start":{"line":43,"column":0},"end":{"line":43,"column":120}},"10":{"start":{"line":45,"column":0},"end":{"line":45,"column":24}}},"fnMap":{},"branchMap":{},"s":{"0":3,"1":3,"2":3,"3":3,"4":3,"5":3,"6":3,"7":3,"8":3,"9":3,"10":3},"f":{},"b":{},"_coverageSchema":"1a1c01bbd47fc00a2c39e90264f33305004495a9","hash":"c8270e428b300a5f0d156ba919d4964d08d4ef81"}
,"C:\\Users\\utkar\\Desktop\\Assignment\\routes\\user.js": {"path":"C:\\Users\\utkar\\Desktop\\Assignment\\routes\\user.js","statementMap":{"0":{"start":{"line":2,"column":16},"end":{"line":2,"column":34}},"1":{"start":{"line":3,"column":24},"end":{"line":3,"column":54}},"2":{"start":{"line":4,"column":18},"end":{"line":4,"column":65}},"3":{"start":{"line":5,"column":18},"end":{"line":5,"column":67}},"4":{"start":{"line":8,"column":15},"end":{"line":8,"column":31}},"5":{"start":{"line":15,"column":0},"end":{"line":15,"column":72}},"6":{"start":{"line":22,"column":0},"end":{"line":22,"column":81}},"7":{"start":{"line":29,"column":0},"end":{"line":29,"column":104}},"8":{"start":{"line":36,"column":0},"end":{"line":36,"column":75}},"9":{"start":{"line":38,"column":0},"end":{"line":38,"column":24}}},"fnMap":{},"branchMap":{},"s":{"0":3,"1":3,"2":3,"3":3,"4":3,"5":3,"6":3,"7":3,"8":3,"9":3},"f":{},"b":{},"_coverageSchema":"1a1c01bbd47fc00a2c39e90264f33305004495a9","hash":"70c73d44598da557f4bd5d650ec7a9a69b08c71d"}
,"C:\\Users\\utkar\\Desktop\\Assignment\\services\\book.js": {"path":"C:\\Users\\utkar\\Desktop\\Assignment\\services\\book.js","statementMap":{"0":{"start":{"line":2,"column":19},"end":{"line":2,"column":62}},"1":{"start":{"line":3,"column":22},"end":{"line":3,"column":68}},"2":{"start":{"line":4,"column":12},"end":{"line":4,"column":35}},"3":{"start":{"line":5,"column":19},"end":{"line":5,"column":40}},"4":{"start":{"line":6,"column":19},"end":{"line":6,"column":50}},"5":{"start":{"line":7,"column":66},"end":{"line":7,"column":93}},"6":{"start":{"line":20,"column":2},"end":{"line":41,"column":3}},"7":{"start":{"line":21,"column":18},"end":{"line":21,"column":57}},"8":{"start":{"line":22,"column":20},"end":{"line":22,"column":62}},"9":{"start":{"line":23,"column":26},"end":{"line":23,"column":47}},"10":{"start":{"line":25,"column":4},"end":{"line":38,"column":5}},"11":{"start":{"line":26,"column":23},"end":{"line":26,"column":31}},"12":{"start":{"line":27,"column":6},"end":{"line":27,"column":34}},"13":{"start":{"line":28,"column":6},"end":{"line":28,"column":91}},"14":{"start":{"line":29,"column":25},"end":{"line":29,"column":76}},"15":{"start":{"line":31,"column":6},"end":{"line":33,"column":7}},"16":{"start":{"line":32,"column":8},"end":{"line":32,"column":59}},"17":{"start":{"line":34,"column":19},"end":{"line":34,"column":61}},"18":{"start":{"line":35,"column":6},"end":{"line":35,"column":60}},"19":{"start":{"line":37,"column":6},"end":{"line":37,"column":68}},"20":{"start":{"line":40,"column":4},"end":{"line":40,"column":49}},"21":{"start":{"line":55,"column":2},"end":{"line":83,"column":3}},"22":{"start":{"line":56,"column":18},"end":{"line":56,"column":57}},"23":{"start":{"line":57,"column":20},"end":{"line":57,"column":62}},"24":{"start":{"line":58,"column":26},"end":{"line":58,"column":47}},"25":{"start":{"line":60,"column":4},"end":{"line":80,"column":5}},"26":{"start":{"line":61,"column":25},"end":{"line":61,"column":77}},"27":{"start":{"line":62,"column":6},"end":{"line":77,"column":7}},"28":{"start":{"line":63,"column":8},"end":{"line":63,"column":52}},"29":{"start":{"line":65,"column":25},"end":{"line":65,"column":27}},"30":{"start":{"line":66,"column":8},"end":{"line":68,"column":9}},"31":{"start":{"line":67,"column":10},"end":{"line":67,"column":44}},"32":{"start":{"line":69,"column":8},"end":{"line":71,"column":9}},"33":{"start":{"line":70,"column":10},"end":{"line":70,"column":42}},"34":{"start":{"line":72,"column":8},"end":{"line":74,"column":9}},"35":{"start":{"line":73,"column":10},"end":{"line":73,"column":50}},"36":{"start":{"line":75,"column":28},"end":{"line":75,"column":84}},"37":{"start":{"line":76,"column":8},"end":{"line":76,"column":71}},"38":{"start":{"line":79,"column":6},"end":{"line":79,"column":67}},"39":{"start":{"line":82,"column":4},"end":{"line":82,"column":49}},"40":{"start":{"line":94,"column":2},"end":{"line":122,"column":3}},"41":{"start":{"line":95,"column":17},"end":{"line":95,"column":31}},"42":{"start":{"line":96,"column":18},"end":{"line":96,"column":33}},"43":{"start":{"line":97,"column":38},"end":{"line":97,"column":93}},"44":{"start":{"line":98,"column":24},"end":{"line":98,"column":26}},"45":{"start":{"line":99,"column":4},"end":{"line":118,"column":5}},"46":{"start":{"line":99,"column":21},"end":{"line":99,"column":22}},"47":{"start":{"line":100,"column":22},"end":{"line":100,"column":58}},"48":{"start":{"line":101,"column":27},"end":{"line":101,"column":66}},"49":{"start":{"line":102,"column":36},"end":{"line":102,"column":86}},"50":{"start":{"line":103,"column":6},"end":{"line":117,"column":7}},"51":{"start":{"line":104,"column":8},"end":{"line":109,"column":11}},"52":{"start":{"line":111,"column":8},"end":{"line":116,"column":11}},"53":{"start":{"line":119,"column":4},"end":{"line":119,"column":69}},"54":{"start":{"line":121,"column":4},"end":{"line":121,"column":49}},"55":{"start":{"line":133,"column":2},"end":{"line":145,"column":3}},"56":{"start":{"line":134,"column":18},"end":{"line":134,"column":33}},"57":{"start":{"line":135,"column":17},"end":{"line":135,"column":39}},"58":{"start":{"line":136,"column":18},"end":{"line":136,"column":41}},"59":{"start":{"line":137,"column":22},"end":{"line":137,"column":73}},"60":{"start":{"line":138,"column":4},"end":{"line":142,"column":5}},"61":{"start":{"line":139,"column":6},"end":{"line":139,"column":74}},"62":{"start":{"line":141,"column":6},"end":{"line":141,"column":64}},"63":{"start":{"line":144,"column":4},"end":{"line":144,"column":49}},"64":{"start":{"line":156,"column":2},"end":{"line":168,"column":3}},"65":{"start":{"line":157,"column":19},"end":{"line":157,"column":35}},"66":{"start":{"line":158,"column":17},"end":{"line":158,"column":31}},"67":{"start":{"line":159,"column":18},"end":{"line":159,"column":33}},"68":{"start":{"line":160,"column":22},"end":{"line":160,"column":75}},"69":{"start":{"line":161,"column":4},"end":{"line":165,"column":5}},"70":{"start":{"line":162,"column":6},"end":{"line":162,"column":75}},"71":{"start":{"line":164,"column":6},"end":{"line":164,"column":65}},"72":{"start":{"line":167,"column":4},"end":{"line":167,"column":49}},"73":{"start":{"line":180,"column":2},"end":{"line":194,"column":3}},"74":{"start":{"line":181,"column":18},"end":{"line":181,"column":57}},"75":{"start":{"line":182,"column":20},"end":{"line":182,"column":62}},"76":{"start":{"line":183,"column":26},"end":{"line":183,"column":47}},"77":{"start":{"line":184,"column":4},"end":{"line":191,"column":5}},"78":{"start":{"line":185,"column":25},"end":{"line":185,"column":38}},"79":{"start":{"line":186,"column":29},"end":{"line":186,"column":67}},"80":{"start":{"line":186,"column":54},"end":{"line":186,"column":66}},"81":{"start":{"line":187,"column":40},"end":{"line":187,"column":84}},"82":{"start":{"line":188,"column":6},"end":{"line":188,"column":77}},"83":{"start":{"line":190,"column":6},"end":{"line":190,"column":67}},"84":{"start":{"line":193,"column":4},"end":{"line":193,"column":49}},"85":{"start":{"line":205,"column":2},"end":{"line":217,"column":3}},"86":{"start":{"line":206,"column":19},"end":{"line":206,"column":35}},"87":{"start":{"line":207,"column":17},"end":{"line":207,"column":39}},"88":{"start":{"line":208,"column":18},"end":{"line":208,"column":41}},"89":{"start":{"line":209,"column":22},"end":{"line":209,"column":81}},"90":{"start":{"line":210,"column":4},"end":{"line":214,"column":5}},"91":{"start":{"line":211,"column":6},"end":{"line":211,"column":92}},"92":{"start":{"line":213,"column":6},"end":{"line":213,"column":90}},"93":{"start":{"line":216,"column":4},"end":{"line":216,"column":49}},"94":{"start":{"line":230,"column":2},"end":{"line":255,"column":3}},"95":{"start":{"line":231,"column":20},"end":{"line":231,"column":37}},"96":{"start":{"line":232,"column":17},"end":{"line":232,"column":60}},"97":{"start":{"line":233,"column":4},"end":{"line":252,"column":5}},"98":{"start":{"line":234,"column":6},"end":{"line":249,"column":7}},"99":{"start":{"line":235,"column":28},"end":{"line":235,"column":78}},"100":{"start":{"line":236,"column":8},"end":{"line":246,"column":9}},"101":{"start":{"line":237,"column":29},"end":{"line":237,"column":79}},"102":{"start":{"line":238,"column":10},"end":{"line":243,"column":11}},"103":{"start":{"line":239,"column":28},"end":{"line":239,"column":75}},"104":{"start":{"line":240,"column":30},"end":{"line":240,"column":60}},"105":{"start":{"line":241,"column":35},"end":{"line":241,"column":112}},"106":{"start":{"line":242,"column":12},"end":{"line":242,"column":104}},"107":{"start":{"line":245,"column":10},"end":{"line":245,"column":91}},"108":{"start":{"line":248,"column":8},"end":{"line":248,"column":70}},"109":{"start":{"line":251,"column":6},"end":{"line":251,"column":50}},"110":{"start":{"line":254,"column":4},"end":{"line":254,"column":49}},"111":{"start":{"line":258,"column":0},"end":{"line":267,"column":2}}},"fnMap":{"0":{"name":"new_book","decl":{"start":{"line":19,"column":15},"end":{"line":19,"column":23}},"loc":{"start":{"line":19,"column":34},"end":{"line":42,"column":1}},"line":19},"1":{"name":"update_book","decl":{"start":{"line":54,"column":15},"end":{"line":54,"column":26}},"loc":{"start":{"line":54,"column":37},"end":{"line":84,"column":1}},"line":54},"2":{"name":"current_books","decl":{"start":{"line":93,"column":15},"end":{"line":93,"column":28}},"loc":{"start":{"line":93,"column":39},"end":{"line":123,"column":1}},"line":93},"3":{"name":"books_by_genre","decl":{"start":{"line":132,"column":15},"end":{"line":132,"column":29}},"loc":{"start":{"line":132,"column":40},"end":{"line":146,"column":1}},"line":132},"4":{"name":"books_by_author","decl":{"start":{"line":155,"column":15},"end":{"line":155,"column":30}},"loc":{"start":{"line":155,"column":41},"end":{"line":169,"column":1}},"line":155},"5":{"name":"remove_books","decl":{"start":{"line":179,"column":15},"end":{"line":179,"column":27}},"loc":{"start":{"line":179,"column":38},"end":{"line":195,"column":1}},"line":179},"6":{"name":"(anonymous_6)","decl":{"start":{"line":186,"column":44},"end":{"line":186,"column":45}},"loc":{"start":{"line":186,"column":54},"end":{"line":186,"column":66}},"line":186},"7":{"name":"books_by_author_match","decl":{"start":{"line":204,"column":15},"end":{"line":204,"column":36}},"loc":{"start":{"line":204,"column":47},"end":{"line":218,"column":1}},"line":204},"8":{"name":"book_by_earliest_date","decl":{"start":{"line":229,"column":15},"end":{"line":229,"column":36}},"loc":{"start":{"line":229,"column":47},"end":{"line":256,"column":1}},"line":229}},"branchMap":{"0":{"loc":{"start":{"line":25,"column":4},"end":{"line":38,"column":5}},"type":"if","locations":[{"start":{"line":25,"column":4},"end":{"line":38,"column":5}},{"start":{"line":25,"column":4},"end":{"line":38,"column":5}}],"line":25},"1":{"loc":{"start":{"line":31,"column":6},"end":{"line":33,"column":7}},"type":"if","locations":[{"start":{"line":31,"column":6},"end":{"line":33,"column":7}},{"start":{"line":31,"column":6},"end":{"line":33,"column":7}}],"line":31},"2":{"loc":{"start":{"line":60,"column":4},"end":{"line":80,"column":5}},"type":"if","locations":[{"start":{"line":60,"column":4},"end":{"line":80,"column":5}},{"start":{"line":60,"column":4},"end":{"line":80,"column":5}}],"line":60},"3":{"loc":{"start":{"line":62,"column":6},"end":{"line":77,"column":7}},"type":"if","locations":[{"start":{"line":62,"column":6},"end":{"line":77,"column":7}},{"start":{"line":62,"column":6},"end":{"line":77,"column":7}}],"line":62},"4":{"loc":{"start":{"line":66,"column":8},"end":{"line":68,"column":9}},"type":"if","locations":[{"start":{"line":66,"column":8},"end":{"line":68,"column":9}},{"start":{"line":66,"column":8},"end":{"line":68,"column":9}}],"line":66},"5":{"loc":{"start":{"line":69,"column":8},"end":{"line":71,"column":9}},"type":"if","locations":[{"start":{"line":69,"column":8},"end":{"line":71,"column":9}},{"start":{"line":69,"column":8},"end":{"line":71,"column":9}}],"line":69},"6":{"loc":{"start":{"line":72,"column":8},"end":{"line":74,"column":9}},"type":"if","locations":[{"start":{"line":72,"column":8},"end":{"line":74,"column":9}},{"start":{"line":72,"column":8},"end":{"line":74,"column":9}}],"line":72},"7":{"loc":{"start":{"line":103,"column":6},"end":{"line":117,"column":7}},"type":"if","locations":[{"start":{"line":103,"column":6},"end":{"line":117,"column":7}},{"start":{"line":103,"column":6},"end":{"line":117,"column":7}}],"line":103},"8":{"loc":{"start":{"line":138,"column":4},"end":{"line":142,"column":5}},"type":"if","locations":[{"start":{"line":138,"column":4},"end":{"line":142,"column":5}},{"start":{"line":138,"column":4},"end":{"line":142,"column":5}}],"line":138},"9":{"loc":{"start":{"line":161,"column":4},"end":{"line":165,"column":5}},"type":"if","locations":[{"start":{"line":161,"column":4},"end":{"line":165,"column":5}},{"start":{"line":161,"column":4},"end":{"line":165,"column":5}}],"line":161},"10":{"loc":{"start":{"line":184,"column":4},"end":{"line":191,"column":5}},"type":"if","locations":[{"start":{"line":184,"column":4},"end":{"line":191,"column":5}},{"start":{"line":184,"column":4},"end":{"line":191,"column":5}}],"line":184},"11":{"loc":{"start":{"line":210,"column":4},"end":{"line":214,"column":5}},"type":"if","locations":[{"start":{"line":210,"column":4},"end":{"line":214,"column":5}},{"start":{"line":210,"column":4},"end":{"line":214,"column":5}}],"line":210},"12":{"loc":{"start":{"line":233,"column":4},"end":{"line":252,"column":5}},"type":"if","locations":[{"start":{"line":233,"column":4},"end":{"line":252,"column":5}},{"start":{"line":233,"column":4},"end":{"line":252,"column":5}}],"line":233},"13":{"loc":{"start":{"line":234,"column":6},"end":{"line":249,"column":7}},"type":"if","locations":[{"start":{"line":234,"column":6},"end":{"line":249,"column":7}},{"start":{"line":234,"column":6},"end":{"line":249,"column":7}}],"line":234},"14":{"loc":{"start":{"line":236,"column":8},"end":{"line":246,"column":9}},"type":"if","locations":[{"start":{"line":236,"column":8},"end":{"line":246,"column":9}},{"start":{"line":236,"column":8},"end":{"line":246,"column":9}}],"line":236},"15":{"loc":{"start":{"line":238,"column":10},"end":{"line":243,"column":11}},"type":"if","locations":[{"start":{"line":238,"column":10},"end":{"line":243,"column":11}},{"start":{"line":238,"column":10},"end":{"line":243,"column":11}}],"line":238}},"s":{"0":3,"1":3,"2":3,"3":3,"4":3,"5":3,"6":2,"7":2,"8":2,"9":2,"10":2,"11":1,"12":1,"13":1,"14":1,"15":1,"16":1,"17":0,"18":0,"19":1,"20":2,"21":3,"22":3,"23":3,"24":3,"25":3,"26":2,"27":1,"28":0,"29":1,"30":1,"31":1,"32":1,"33":1,"34":1,"35":1,"36":1,"37":1,"38":1,"39":2,"40":1,"41":1,"42":1,"43":1,"44":1,"45":1,"46":1,"47":6,"48":6,"49":6,"50":6,"51":2,"52":4,"53":1,"54":0,"55":2,"56":2,"57":2,"58":2,"59":2,"60":2,"61":2,"62":0,"63":0,"64":3,"65":3,"66":3,"67":3,"68":3,"69":3,"70":2,"71":1,"72":0,"73":2,"74":2,"75":2,"76":2,"77":2,"78":1,"79":1,"80":1,"81":1,"82":1,"83":1,"84":1,"85":1,"86":1,"87":1,"88":1,"89":1,"90":1,"91":1,"92":0,"93":0,"94":2,"95":2,"96":2,"97":1,"98":1,"99":1,"100":1,"101":0,"102":0,"103":0,"104":0,"105":0,"106":0,"107":1,"108":0,"109":0,"110":1,"111":3},"f":{"0":2,"1":3,"2":1,"3":2,"4":3,"5":2,"6":1,"7":1,"8":2},"b":{"0":[1,1],"1":[1,0],"2":[2,1],"3":[0,1],"4":[1,0],"5":[1,0],"6":[1,0],"7":[2,4],"8":[2,0],"9":[2,1],"10":[1,1],"11":[1,0],"12":[1,0],"13":[1,0],"14":[0,1],"15":[0,0]},"_coverageSchema":"1a1c01bbd47fc00a2c39e90264f33305004495a9","hash":"97e711b6b7d5d63c2a802308e1062efa96838d3c"}
,"C:\\Users\\utkar\\Desktop\\Assignment\\services\\history.js": {"path":"C:\\Users\\utkar\\Desktop\\Assignment\\services\\history.js","statementMap":{"0":{"start":{"line":2,"column":22},"end":{"line":2,"column":68}},"1":{"start":{"line":3,"column":19},"end":{"line":3,"column":62}},"2":{"start":{"line":4,"column":19},"end":{"line":4,"column":62}},"3":{"start":{"line":5,"column":19},"end":{"line":5,"column":40}},"4":{"start":{"line":6,"column":12},"end":{"line":6,"column":35}},"5":{"start":{"line":7,"column":19},"end":{"line":7,"column":50}},"6":{"start":{"line":8,"column":69},"end":{"line":8,"column":96}},"7":{"start":{"line":19,"column":2},"end":{"line":63,"column":3}},"8":{"start":{"line":20,"column":23},"end":{"line":20,"column":36}},"9":{"start":{"line":21,"column":18},"end":{"line":21,"column":57}},"10":{"start":{"line":22,"column":20},"end":{"line":22,"column":62}},"11":{"start":{"line":23,"column":23},"end":{"line":23,"column":41}},"12":{"start":{"line":24,"column":17},"end":{"line":24,"column":55}},"13":{"start":{"line":25,"column":15},"end":{"line":25,"column":23}},"14":{"start":{"line":26,"column":31},"end":{"line":26,"column":73}},"15":{"start":{"line":27,"column":16},"end":{"line":27,"column":34}},"16":{"start":{"line":28,"column":16},"end":{"line":28,"column":68}},"17":{"start":{"line":29,"column":4},"end":{"line":60,"column":5}},"18":{"start":{"line":30,"column":6},"end":{"line":30,"column":77}},"19":{"start":{"line":32,"column":29},"end":{"line":32,"column":67}},"20":{"start":{"line":32,"column":54},"end":{"line":32,"column":66}},"21":{"start":{"line":33,"column":33},"end":{"line":33,"column":88}},"22":{"start":{"line":34,"column":42},"end":{"line":34,"column":44}},"23":{"start":{"line":35,"column":6},"end":{"line":40,"column":7}},"24":{"start":{"line":35,"column":19},"end":{"line":35,"column":20}},"25":{"start":{"line":36,"column":23},"end":{"line":36,"column":98}},"26":{"start":{"line":37,"column":8},"end":{"line":39,"column":9}},"27":{"start":{"line":38,"column":10},"end":{"line":38,"column":66}},"28":{"start":{"line":42,"column":31},"end":{"line":42,"column":33}},"29":{"start":{"line":43,"column":6},"end":{"line":45,"column":7}},"30":{"start":{"line":44,"column":8},"end":{"line":44,"column":97}},"31":{"start":{"line":46,"column":6},"end":{"line":57,"column":7}},"32":{"start":{"line":46,"column":19},"end":{"line":46,"column":20}},"33":{"start":{"line":47,"column":8},"end":{"line":56,"column":10}},"34":{"start":{"line":58,"column":25},"end":{"line":58,"column":73}},"35":{"start":{"line":59,"column":6},"end":{"line":59,"column":68}},"36":{"start":{"line":62,"column":4},"end":{"line":62,"column":49}},"37":{"start":{"line":75,"column":2},"end":{"line":91,"column":3}},"38":{"start":{"line":76,"column":23},"end":{"line":76,"column":36}},"39":{"start":{"line":77,"column":18},"end":{"line":77,"column":57}},"40":{"start":{"line":78,"column":20},"end":{"line":78,"column":62}},"41":{"start":{"line":79,"column":23},"end":{"line":79,"column":41}},"42":{"start":{"line":80,"column":17},"end":{"line":80,"column":55}},"43":{"start":{"line":81,"column":15},"end":{"line":81,"column":23}},"44":{"start":{"line":82,"column":4},"end":{"line":88,"column":5}},"45":{"start":{"line":83,"column":6},"end":{"line":83,"column":50}},"46":{"start":{"line":85,"column":29},"end":{"line":85,"column":67}},"47":{"start":{"line":85,"column":54},"end":{"line":85,"column":66}},"48":{"start":{"line":86,"column":27},"end":{"line":86,"column":79}},"49":{"start":{"line":87,"column":6},"end":{"line":87,"column":65}},"50":{"start":{"line":90,"column":4},"end":{"line":90,"column":49}},"51":{"start":{"line":104,"column":2},"end":{"line":130,"column":3}},"52":{"start":{"line":105,"column":18},"end":{"line":105,"column":32}},"53":{"start":{"line":106,"column":18},"end":{"line":106,"column":57}},"54":{"start":{"line":107,"column":20},"end":{"line":107,"column":62}},"55":{"start":{"line":108,"column":23},"end":{"line":108,"column":41}},"56":{"start":{"line":109,"column":21},"end":{"line":109,"column":42}},"57":{"start":{"line":110,"column":4},"end":{"line":126,"column":5}},"58":{"start":{"line":111,"column":19},"end":{"line":111,"column":52}},"59":{"start":{"line":112,"column":6},"end":{"line":114,"column":7}},"60":{"start":{"line":113,"column":8},"end":{"line":113,"column":52}},"61":{"start":{"line":115,"column":20},"end":{"line":115,"column":30}},"62":{"start":{"line":116,"column":24},"end":{"line":116,"column":58}},"63":{"start":{"line":117,"column":21},"end":{"line":117,"column":74}},"64":{"start":{"line":118,"column":6},"end":{"line":120,"column":7}},"65":{"start":{"line":119,"column":8},"end":{"line":119,"column":79}},"66":{"start":{"line":121,"column":25},"end":{"line":121,"column":40}},"67":{"start":{"line":123,"column":6},"end":{"line":123,"column":86}},"68":{"start":{"line":125,"column":6},"end":{"line":125,"column":67}},"69":{"start":{"line":129,"column":4},"end":{"line":129,"column":49}},"70":{"start":{"line":141,"column":2},"end":{"line":146,"column":3}},"71":{"start":{"line":142,"column":25},"end":{"line":142,"column":68}},"72":{"start":{"line":143,"column":4},"end":{"line":143,"column":81}},"73":{"start":{"line":145,"column":4},"end":{"line":145,"column":49}},"74":{"start":{"line":159,"column":2},"end":{"line":182,"column":3}},"75":{"start":{"line":160,"column":18},"end":{"line":160,"column":57}},"76":{"start":{"line":161,"column":20},"end":{"line":161,"column":62}},"77":{"start":{"line":162,"column":23},"end":{"line":162,"column":41}},"78":{"start":{"line":163,"column":26},"end":{"line":163,"column":47}},"79":{"start":{"line":164,"column":18},"end":{"line":164,"column":32}},"80":{"start":{"line":165,"column":4},"end":{"line":179,"column":5}},"81":{"start":{"line":166,"column":19},"end":{"line":166,"column":61}},"82":{"start":{"line":167,"column":6},"end":{"line":169,"column":7}},"83":{"start":{"line":168,"column":8},"end":{"line":168,"column":52}},"84":{"start":{"line":170,"column":17},"end":{"line":170,"column":25}},"85":{"start":{"line":171,"column":35},"end":{"line":171,"column":79}},"86":{"start":{"line":172,"column":6},"end":{"line":176,"column":7}},"87":{"start":{"line":173,"column":8},"end":{"line":173,"column":85}},"88":{"start":{"line":175,"column":8},"end":{"line":175,"column":72}},"89":{"start":{"line":178,"column":6},"end":{"line":178,"column":67}},"90":{"start":{"line":181,"column":4},"end":{"line":181,"column":49}},"91":{"start":{"line":185,"column":0},"end":{"line":191,"column":2}}},"fnMap":{"0":{"name":"rent_books","decl":{"start":{"line":18,"column":15},"end":{"line":18,"column":25}},"loc":{"start":{"line":18,"column":36},"end":{"line":64,"column":1}},"line":18},"1":{"name":"(anonymous_1)","decl":{"start":{"line":32,"column":44},"end":{"line":32,"column":45}},"loc":{"start":{"line":32,"column":54},"end":{"line":32,"column":66}},"line":32},"2":{"name":"return_books","decl":{"start":{"line":74,"column":15},"end":{"line":74,"column":27}},"loc":{"start":{"line":74,"column":38},"end":{"line":92,"column":1}},"line":74},"3":{"name":"(anonymous_3)","decl":{"start":{"line":85,"column":44},"end":{"line":85,"column":45}},"loc":{"start":{"line":85,"column":54},"end":{"line":85,"column":66}},"line":85},"4":{"name":"amount_spent","decl":{"start":{"line":103,"column":15},"end":{"line":103,"column":27}},"loc":{"start":{"line":103,"column":38},"end":{"line":131,"column":1}},"line":103},"5":{"name":"rented_books","decl":{"start":{"line":140,"column":15},"end":{"line":140,"column":27}},"loc":{"start":{"line":140,"column":38},"end":{"line":147,"column":1}},"line":140},"6":{"name":"rented_books_to_user","decl":{"start":{"line":158,"column":15},"end":{"line":158,"column":35}},"loc":{"start":{"line":158,"column":46},"end":{"line":183,"column":1}},"line":158}},"branchMap":{"0":{"loc":{"start":{"line":29,"column":4},"end":{"line":60,"column":5}},"type":"if","locations":[{"start":{"line":29,"column":4},"end":{"line":60,"column":5}},{"start":{"line":29,"column":4},"end":{"line":60,"column":5}}],"line":29},"1":{"loc":{"start":{"line":37,"column":8},"end":{"line":39,"column":9}},"type":"if","locations":[{"start":{"line":37,"column":8},"end":{"line":39,"column":9}},{"start":{"line":37,"column":8},"end":{"line":39,"column":9}}],"line":37},"2":{"loc":{"start":{"line":43,"column":6},"end":{"line":45,"column":7}},"type":"if","locations":[{"start":{"line":43,"column":6},"end":{"line":45,"column":7}},{"start":{"line":43,"column":6},"end":{"line":45,"column":7}}],"line":43},"3":{"loc":{"start":{"line":46,"column":22},"end":{"line":46,"column":89}},"type":"binary-expr","locations":[{"start":{"line":46,"column":22},"end":{"line":46,"column":48}},{"start":{"line":46,"column":52},"end":{"line":46,"column":89}}],"line":46},"4":{"loc":{"start":{"line":82,"column":4},"end":{"line":88,"column":5}},"type":"if","locations":[{"start":{"line":82,"column":4},"end":{"line":88,"column":5}},{"start":{"line":82,"column":4},"end":{"line":88,"column":5}}],"line":82},"5":{"loc":{"start":{"line":110,"column":4},"end":{"line":126,"column":5}},"type":"if","locations":[{"start":{"line":110,"column":4},"end":{"line":126,"column":5}},{"start":{"line":110,"column":4},"end":{"line":126,"column":5}}],"line":110},"6":{"loc":{"start":{"line":110,"column":8},"end":{"line":110,"column":44}},"type":"binary-expr","locations":[{"start":{"line":110,"column":9},"end":{"line":110,"column":17}},{"start":{"line":110,"column":23},"end":{"line":110,"column":43}}],"line":110},"7":{"loc":{"start":{"line":112,"column":6},"end":{"line":114,"column":7}},"type":"if","locations":[{"start":{"line":112,"column":6},"end":{"line":114,"column":7}},{"start":{"line":112,"column":6},"end":{"line":114,"column":7}}],"line":112},"8":{"loc":{"start":{"line":118,"column":6},"end":{"line":120,"column":7}},"type":"if","locations":[{"start":{"line":118,"column":6},"end":{"line":120,"column":7}},{"start":{"line":118,"column":6},"end":{"line":120,"column":7}}],"line":118},"9":{"loc":{"start":{"line":165,"column":4},"end":{"line":179,"column":5}},"type":"if","locations":[{"start":{"line":165,"column":4},"end":{"line":179,"column":5}},{"start":{"line":165,"column":4},"end":{"line":179,"column":5}}],"line":165},"10":{"loc":{"start":{"line":165,"column":8},"end":{"line":165,"column":49}},"type":"binary-expr","locations":[{"start":{"line":165,"column":9},"end":{"line":165,"column":22}},{"start":{"line":165,"column":28},"end":{"line":165,"column":48}}],"line":165},"11":{"loc":{"start":{"line":167,"column":6},"end":{"line":169,"column":7}},"type":"if","locations":[{"start":{"line":167,"column":6},"end":{"line":169,"column":7}},{"start":{"line":167,"column":6},"end":{"line":169,"column":7}}],"line":167},"12":{"loc":{"start":{"line":172,"column":6},"end":{"line":176,"column":7}},"type":"if","locations":[{"start":{"line":172,"column":6},"end":{"line":176,"column":7}},{"start":{"line":172,"column":6},"end":{"line":176,"column":7}}],"line":172}},"s":{"0":3,"1":3,"2":3,"3":3,"4":3,"5":3,"6":3,"7":1,"8":1,"9":1,"10":1,"11":1,"12":1,"13":1,"14":1,"15":1,"16":1,"17":1,"18":0,"19":1,"20":1,"21":1,"22":1,"23":1,"24":1,"25":0,"26":0,"27":0,"28":1,"29":1,"30":1,"31":0,"32":0,"33":0,"34":0,"35":0,"36":0,"37":0,"38":0,"39":0,"40":0,"41":0,"42":0,"43":0,"44":0,"45":0,"46":0,"47":0,"48":0,"49":0,"50":0,"51":3,"52":3,"53":3,"54":3,"55":3,"56":3,"57":3,"58":2,"59":2,"60":1,"61":1,"62":1,"63":1,"64":1,"65":0,"66":1,"67":1,"68":1,"69":2,"70":1,"71":1,"72":1,"73":0,"74":3,"75":3,"76":3,"77":3,"78":3,"79":3,"80":3,"81":2,"82":2,"83":1,"84":1,"85":1,"86":1,"87":0,"88":1,"89":1,"90":2,"91":3},"f":{"0":1,"1":1,"2":0,"3":0,"4":3,"5":1,"6":3},"b":{"0":[0,1],"1":[0,0],"2":[1,0],"3":[0,0],"4":[0,0],"5":[2,1],"6":[3,1],"7":[1,1],"8":[0,1],"9":[2,1],"10":[3,1],"11":[1,1],"12":[0,1]},"_coverageSchema":"1a1c01bbd47fc00a2c39e90264f33305004495a9","hash":"3b88a573350e6aad7f747eaa7fd0e7b9cc854282"}
,"C:\\Users\\utkar\\Desktop\\Assignment\\services\\user.js": {"path":"C:\\Users\\utkar\\Desktop\\Assignment\\services\\user.js","statementMap":{"0":{"start":{"line":2,"column":19},"end":{"line":2,"column":62}},"1":{"start":{"line":3,"column":19},"end":{"line":3,"column":40}},"2":{"start":{"line":5,"column":12},"end":{"line":5,"column":35}},"3":{"start":{"line":6,"column":15},"end":{"line":6,"column":32}},"4":{"start":{"line":7,"column":19},"end":{"line":7,"column":50}},"5":{"start":{"line":8,"column":84},"end":{"line":8,"column":111}},"6":{"start":{"line":20,"column":2},"end":{"line":39,"column":3}},"7":{"start":{"line":21,"column":17},"end":{"line":21,"column":59}},"8":{"start":{"line":22,"column":4},"end":{"line":24,"column":5}},"9":{"start":{"line":23,"column":6},"end":{"line":23,"column":50}},"10":{"start":{"line":26,"column":30},"end":{"line":26,"column":85}},"11":{"start":{"line":28,"column":4},"end":{"line":36,"column":5}},"12":{"start":{"line":29,"column":20},"end":{"line":32,"column":53}},"13":{"start":{"line":33,"column":6},"end":{"line":33,"column":53}},"14":{"start":{"line":35,"column":6},"end":{"line":35,"column":54}},"15":{"start":{"line":38,"column":4},"end":{"line":38,"column":49}},"16":{"start":{"line":51,"column":2},"end":{"line":75,"column":3}},"17":{"start":{"line":52,"column":17},"end":{"line":52,"column":59}},"18":{"start":{"line":53,"column":4},"end":{"line":55,"column":5}},"19":{"start":{"line":54,"column":6},"end":{"line":54,"column":57}},"20":{"start":{"line":57,"column":26},"end":{"line":57,"column":66}},"21":{"start":{"line":58,"column":21},"end":{"line":58,"column":29}},"22":{"start":{"line":59,"column":4},"end":{"line":59,"column":38}},"23":{"start":{"line":60,"column":4},"end":{"line":60,"column":30}},"24":{"start":{"line":61,"column":4},"end":{"line":61,"column":30}},"25":{"start":{"line":62,"column":4},"end":{"line":62,"column":78}},"26":{"start":{"line":63,"column":23},"end":{"line":63,"column":63}},"27":{"start":{"line":65,"column":18},"end":{"line":68,"column":50}},"28":{"start":{"line":70,"column":4},"end":{"line":72,"column":5}},"29":{"start":{"line":71,"column":6},"end":{"line":71,"column":71}},"30":{"start":{"line":74,"column":4},"end":{"line":74,"column":49}},"31":{"start":{"line":88,"column":2},"end":{"line":108,"column":3}},"32":{"start":{"line":89,"column":18},"end":{"line":89,"column":57}},"33":{"start":{"line":90,"column":20},"end":{"line":90,"column":62}},"34":{"start":{"line":91,"column":26},"end":{"line":91,"column":47}},"35":{"start":{"line":92,"column":17},"end":{"line":92,"column":59}},"36":{"start":{"line":93,"column":4},"end":{"line":95,"column":5}},"37":{"start":{"line":94,"column":6},"end":{"line":94,"column":50}},"38":{"start":{"line":96,"column":4},"end":{"line":105,"column":5}},"39":{"start":{"line":97,"column":20},"end":{"line":97,"column":68}},"40":{"start":{"line":98,"column":6},"end":{"line":102,"column":7}},"41":{"start":{"line":99,"column":8},"end":{"line":99,"column":70}},"42":{"start":{"line":101,"column":8},"end":{"line":101,"column":52}},"43":{"start":{"line":104,"column":6},"end":{"line":104,"column":67}},"44":{"start":{"line":107,"column":4},"end":{"line":107,"column":49}},"45":{"start":{"line":119,"column":2},"end":{"line":130,"column":3}},"46":{"start":{"line":120,"column":17},"end":{"line":120,"column":39}},"47":{"start":{"line":121,"column":18},"end":{"line":121,"column":41}},"48":{"start":{"line":122,"column":18},"end":{"line":122,"column":62}},"49":{"start":{"line":123,"column":4},"end":{"line":127,"column":5}},"50":{"start":{"line":124,"column":6},"end":{"line":124,"column":60}},"51":{"start":{"line":126,"column":6},"end":{"line":126,"column":59}},"52":{"start":{"line":129,"column":4},"end":{"line":129,"column":49}},"53":{"start":{"line":133,"column":0},"end":{"line":138,"column":2}}},"fnMap":{"0":{"name":"login","decl":{"start":{"line":19,"column":15},"end":{"line":19,"column":20}},"loc":{"start":{"line":19,"column":31},"end":{"line":40,"column":1}},"line":19},"1":{"name":"register","decl":{"start":{"line":50,"column":15},"end":{"line":50,"column":23}},"loc":{"start":{"line":50,"column":34},"end":{"line":76,"column":1}},"line":50},"2":{"name":"new_admin","decl":{"start":{"line":87,"column":15},"end":{"line":87,"column":24}},"loc":{"start":{"line":87,"column":35},"end":{"line":109,"column":1}},"line":87},"3":{"name":"get_all_users","decl":{"start":{"line":118,"column":15},"end":{"line":118,"column":28}},"loc":{"start":{"line":118,"column":39},"end":{"line":131,"column":1}},"line":118}},"branchMap":{"0":{"loc":{"start":{"line":22,"column":4},"end":{"line":24,"column":5}},"type":"if","locations":[{"start":{"line":22,"column":4},"end":{"line":24,"column":5}},{"start":{"line":22,"column":4},"end":{"line":24,"column":5}}],"line":22},"1":{"loc":{"start":{"line":28,"column":4},"end":{"line":36,"column":5}},"type":"if","locations":[{"start":{"line":28,"column":4},"end":{"line":36,"column":5}},{"start":{"line":28,"column":4},"end":{"line":36,"column":5}}],"line":28},"2":{"loc":{"start":{"line":53,"column":4},"end":{"line":55,"column":5}},"type":"if","locations":[{"start":{"line":53,"column":4},"end":{"line":55,"column":5}},{"start":{"line":53,"column":4},"end":{"line":55,"column":5}}],"line":53},"3":{"loc":{"start":{"line":70,"column":4},"end":{"line":72,"column":5}},"type":"if","locations":[{"start":{"line":70,"column":4},"end":{"line":72,"column":5}},{"start":{"line":70,"column":4},"end":{"line":72,"column":5}}],"line":70},"4":{"loc":{"start":{"line":93,"column":4},"end":{"line":95,"column":5}},"type":"if","locations":[{"start":{"line":93,"column":4},"end":{"line":95,"column":5}},{"start":{"line":93,"column":4},"end":{"line":95,"column":5}}],"line":93},"5":{"loc":{"start":{"line":96,"column":4},"end":{"line":105,"column":5}},"type":"if","locations":[{"start":{"line":96,"column":4},"end":{"line":105,"column":5}},{"start":{"line":96,"column":4},"end":{"line":105,"column":5}}],"line":96},"6":{"loc":{"start":{"line":98,"column":6},"end":{"line":102,"column":7}},"type":"if","locations":[{"start":{"line":98,"column":6},"end":{"line":102,"column":7}},{"start":{"line":98,"column":6},"end":{"line":102,"column":7}}],"line":98},"7":{"loc":{"start":{"line":123,"column":4},"end":{"line":127,"column":5}},"type":"if","locations":[{"start":{"line":123,"column":4},"end":{"line":127,"column":5}},{"start":{"line":123,"column":4},"end":{"line":127,"column":5}}],"line":123}},"s":{"0":3,"1":3,"2":3,"3":3,"4":3,"5":3,"6":18,"7":18,"8":18,"9":6,"10":12,"11":12,"12":6,"13":6,"14":6,"15":12,"16":1,"17":1,"18":1,"19":1,"20":0,"21":0,"22":0,"23":0,"24":0,"25":0,"26":0,"27":0,"28":0,"29":0,"30":1,"31":3,"32":3,"33":3,"34":3,"35":3,"36":3,"37":1,"38":2,"39":1,"40":1,"41":1,"42":0,"43":1,"44":2,"45":1,"46":1,"47":1,"48":1,"49":1,"50":1,"51":0,"52":0,"53":3},"f":{"0":18,"1":1,"2":3,"3":1},"b":{"0":[6,12],"1":[6,6],"2":[1,0],"3":[0,0],"4":[1,2],"5":[1,1],"6":[1,0],"7":[1,0]},"_coverageSchema":"1a1c01bbd47fc00a2c39e90264f33305004495a9","hash":"83a3b898dda6a194a44959b120d1d3cd57d495ac"}
}
