{"C:\\Users\\utkar\\Desktop\\Assignment\\app.js": {"path":"C:\\Users\\utkar\\Desktop\\Assignment\\app.js","statementMap":{"0":{"start":{"line":1,"column":16},"end":{"line":1,"column":34}},"1":{"start":{"line":2,"column":20},"end":{"line":2,"column":42}},"2":{"start":{"line":3,"column":15},"end":{"line":3,"column":32}},"3":{"start":{"line":4,"column":20},"end":{"line":4,"column":44}},"4":{"start":{"line":5,"column":20},"end":{"line":5,"column":44}},"5":{"start":{"line":6,"column":23},"end":{"line":6,"column":50}},"6":{"start":{"line":7,"column":19},"end":{"line":7,"column":49}},"7":{"start":{"line":9,"column":0},"end":{"line":9,"column":16}},"8":{"start":{"line":11,"column":12},"end":{"line":11,"column":21}},"9":{"start":{"line":14,"column":0},"end":{"line":14,"column":28}},"10":{"start":{"line":19,"column":0},"end":{"line":19,"column":30}},"11":{"start":{"line":23,"column":0},"end":{"line":23,"column":30}},"12":{"start":{"line":27,"column":0},"end":{"line":27,"column":36}},"13":{"start":{"line":31,"column":0},"end":{"line":33,"column":3}},"14":{"start":{"line":32,"column":2},"end":{"line":32,"column":50}},"15":{"start":{"line":36,"column":0},"end":{"line":36,"column":21}}},"fnMap":{"0":{"name":"(anonymous_0)","decl":{"start":{"line":31,"column":14},"end":{"line":31,"column":15}},"loc":{"start":{"line":31,"column":28},"end":{"line":33,"column":1}},"line":31}},"branchMap":{},"s":{"0":3,"1":3,"2":3,"3":3,"4":3,"5":3,"6":3,"7":3,"8":3,"9":3,"10":3,"11":3,"12":3,"13":3,"14":0,"15":3},"f":{"0":0},"b":{},"_coverageSchema":"1a1c01bbd47fc00a2c39e90264f33305004495a9","hash":"16e09cae52ae1fb4bf4c3c6ed91fc423996ccb0e"}
,"C:\\Users\\utkar\\Desktop\\Assignment\\controllers\\book.js": {"path":"C:\\Users\\utkar\\Desktop\\Assignment\\controllers\\book.js","statementMap":{"0":{"start":{"line":1,"column":21},"end":{"line":1,"column":48}},"1":{"start":{"line":3,"column":0},"end":{"line":5,"column":2}},"2":{"start":{"line":4,"column":2},"end":{"line":4,"column":34}},"3":{"start":{"line":7,"column":0},"end":{"line":9,"column":2}},"4":{"start":{"line":8,"column":2},"end":{"line":8,"column":37}},"5":{"start":{"line":11,"column":0},"end":{"line":13,"column":2}},"6":{"start":{"line":12,"column":2},"end":{"line":12,"column":39}},"7":{"start":{"line":15,"column":0},"end":{"line":17,"column":2}},"8":{"start":{"line":16,"column":2},"end":{"line":16,"column":40}},"9":{"start":{"line":19,"column":0},"end":{"line":21,"column":2}},"10":{"start":{"line":20,"column":2},"end":{"line":20,"column":41}},"11":{"start":{"line":23,"column":0},"end":{"line":25,"column":2}},"12":{"start":{"line":24,"column":2},"end":{"line":24,"column":38}},"13":{"start":{"line":27,"column":0},"end":{"line":29,"column":2}},"14":{"start":{"line":28,"column":2},"end":{"line":28,"column":47}},"15":{"start":{"line":31,"column":0},"end":{"line":33,"column":2}},"16":{"start":{"line":32,"column":2},"end":{"line":32,"column":47}}},"fnMap":{"0":{"name":"(anonymous_0)","decl":{"start":{"line":3,"column":19},"end":{"line":3,"column":20}},"loc":{"start":{"line":3,"column":39},"end":{"line":5,"column":1}},"line":3},"1":{"name":"(anonymous_1)","decl":{"start":{"line":7,"column":22},"end":{"line":7,"column":23}},"loc":{"start":{"line":7,"column":42},"end":{"line":9,"column":1}},"line":7},"2":{"name":"(anonymous_2)","decl":{"start":{"line":11,"column":24},"end":{"line":11,"column":25}},"loc":{"start":{"line":11,"column":44},"end":{"line":13,"column":1}},"line":11},"3":{"name":"(anonymous_3)","decl":{"start":{"line":15,"column":24},"end":{"line":15,"column":25}},"loc":{"start":{"line":15,"column":44},"end":{"line":17,"column":1}},"line":15},"4":{"name":"(anonymous_4)","decl":{"start":{"line":19,"column":25},"end":{"line":19,"column":26}},"loc":{"start":{"line":19,"column":45},"end":{"line":21,"column":1}},"line":19},"5":{"name":"(anonymous_5)","decl":{"start":{"line":23,"column":23},"end":{"line":23,"column":24}},"loc":{"start":{"line":23,"column":43},"end":{"line":25,"column":1}},"line":23},"6":{"name":"(anonymous_6)","decl":{"start":{"line":27,"column":31},"end":{"line":27,"column":32}},"loc":{"start":{"line":27,"column":51},"end":{"line":29,"column":1}},"line":27},"7":{"name":"(anonymous_7)","decl":{"start":{"line":31,"column":32},"end":{"line":31,"column":33}},"loc":{"start":{"line":31,"column":52},"end":{"line":33,"column":1}},"line":31}},"branchMap":{},"s":{"0":3,"1":3,"2":1,"3":3,"4":0,"5":3,"6":1,"7":3,"8":2,"9":3,"10":3,"11":3,"12":0,"13":3,"14":1,"15":3,"16":2},"f":{"0":1,"1":0,"2":1,"3":2,"4":3,"5":0,"6":1,"7":2},"b":{},"_coverageSchema":"1a1c01bbd47fc00a2c39e90264f33305004495a9","hash":"2990465f1c460d2528ad314bf55ea612694de0b8"}
,"C:\\Users\\utkar\\Desktop\\Assignment\\controllers\\history.js": {"path":"C:\\Users\\utkar\\Desktop\\Assignment\\controllers\\history.js","statementMap":{"0":{"start":{"line":1,"column":24},"end":{"line":1,"column":54}},"1":{"start":{"line":3,"column":0},"end":{"line":5,"column":2}},"2":{"start":{"line":4,"column":2},"end":{"line":4,"column":39}},"3":{"start":{"line":7,"column":0},"end":{"line":9,"column":2}},"4":{"start":{"line":8,"column":2},"end":{"line":8,"column":41}},"5":{"start":{"line":11,"column":0},"end":{"line":13,"column":2}},"6":{"start":{"line":12,"column":2},"end":{"line":12,"column":41}},"7":{"start":{"line":15,"column":0},"end":{"line":17,"column":2}},"8":{"start":{"line":16,"column":2},"end":{"line":16,"column":49}},"9":{"start":{"line":19,"column":0},"end":{"line":21,"column":2}},"10":{"start":{"line":20,"column":2},"end":{"line":20,"column":41}}},"fnMap":{"0":{"name":"(anonymous_0)","decl":{"start":{"line":3,"column":21},"end":{"line":3,"column":22}},"loc":{"start":{"line":3,"column":41},"end":{"line":5,"column":1}},"line":3},"1":{"name":"(anonymous_1)","decl":{"start":{"line":7,"column":23},"end":{"line":7,"column":24}},"loc":{"start":{"line":7,"column":43},"end":{"line":9,"column":1}},"line":7},"2":{"name":"(anonymous_2)","decl":{"start":{"line":11,"column":23},"end":{"line":11,"column":24}},"loc":{"start":{"line":11,"column":43},"end":{"line":13,"column":1}},"line":11},"3":{"name":"(anonymous_3)","decl":{"start":{"line":15,"column":31},"end":{"line":15,"column":32}},"loc":{"start":{"line":15,"column":51},"end":{"line":17,"column":1}},"line":15},"4":{"name":"(anonymous_4)","decl":{"start":{"line":19,"column":23},"end":{"line":19,"column":24}},"loc":{"start":{"line":19,"column":43},"end":{"line":21,"column":1}},"line":19}},"branchMap":{},"s":{"0":3,"1":3,"2":0,"3":3,"4":3,"5":3,"6":1,"7":3,"8":1,"9":3,"10":0},"f":{"0":0,"1":3,"2":1,"3":1,"4":0},"b":{},"_coverageSchema":"1a1c01bbd47fc00a2c39e90264f33305004495a9","hash":"5c52b08b4ba6f346a6f65a0226b97aa05472af86"}
,"C:\\Users\\utkar\\Desktop\\Assignment\\controllers\\user.js": {"path":"C:\\Users\\utkar\\Desktop\\Assignment\\controllers\\user.js","statementMap":{"0":{"start":{"line":1,"column":21},"end":{"line":1,"column":48}},"1":{"start":{"line":3,"column":0},"end":{"line":5,"column":2}},"2":{"start":{"line":4,"column":2},"end":{"line":4,"column":31}},"3":{"start":{"line":7,"column":0},"end":{"line":9,"column":2}},"4":{"start":{"line":8,"column":2},"end":{"line":8,"column":34}},"5":{"start":{"line":11,"column":0},"end":{"line":13,"column":2}},"6":{"start":{"line":12,"column":2},"end":{"line":12,"column":35}},"7":{"start":{"line":15,"column":0},"end":{"line":17,"column":2}},"8":{"start":{"line":16,"column":2},"end":{"line":16,"column":39}}},"fnMap":{"0":{"name":"(anonymous_0)","decl":{"start":{"line":3,"column":16},"end":{"line":3,"column":17}},"loc":{"start":{"line":3,"column":34},"end":{"line":5,"column":1}},"line":3},"1":{"name":"(anonymous_1)","decl":{"start":{"line":7,"column":19},"end":{"line":7,"column":20}},"loc":{"start":{"line":7,"column":37},"end":{"line":9,"column":1}},"line":7},"2":{"name":"(anonymous_2)","decl":{"start":{"line":11,"column":20},"end":{"line":11,"column":21}},"loc":{"start":{"line":11,"column":39},"end":{"line":13,"column":1}},"line":11},"3":{"name":"(anonymous_3)","decl":{"start":{"line":15,"column":24},"end":{"line":15,"column":25}},"loc":{"start":{"line":15,"column":43},"end":{"line":17,"column":1}},"line":15}},"branchMap":{},"s":{"0":3,"1":3,"2":6,"3":3,"4":1,"5":3,"6":0,"7":3,"8":1},"f":{"0":6,"1":1,"2":0,"3":1},"b":{},"_coverageSchema":"1a1c01bbd47fc00a2c39e90264f33305004495a9","hash":"93952fbcda815b6e5b30ed9ba5afbe67e37adcc2"}
,"C:\\Users\\utkar\\Desktop\\Assignment\\errors\\errors.js": {"path":"C:\\Users\\utkar\\Desktop\\Assignment\\errors\\errors.js","statementMap":{"0":{"start":{"line":12,"column":4},"end":{"line":12,"column":19}},"1":{"start":{"line":13,"column":4},"end":{"line":13,"column":38}},"2":{"start":{"line":14,"column":4},"end":{"line":14,"column":27}},"3":{"start":{"line":15,"column":4},"end":{"line":15,"column":20}},"4":{"start":{"line":28,"column":4},"end":{"line":28,"column":19}},"5":{"start":{"line":29,"column":4},"end":{"line":29,"column":38}},"6":{"start":{"line":30,"column":4},"end":{"line":30,"column":27}},"7":{"start":{"line":31,"column":4},"end":{"line":31,"column":20}},"8":{"start":{"line":44,"column":4},"end":{"line":44,"column":19}},"9":{"start":{"line":45,"column":4},"end":{"line":45,"column":38}},"10":{"start":{"line":46,"column":4},"end":{"line":46,"column":27}},"11":{"start":{"line":47,"column":4},"end":{"line":47,"column":20}},"12":{"start":{"line":60,"column":4},"end":{"line":60,"column":19}},"13":{"start":{"line":61,"column":4},"end":{"line":61,"column":38}},"14":{"start":{"line":62,"column":4},"end":{"line":62,"column":27}},"15":{"start":{"line":63,"column":4},"end":{"line":63,"column":20}},"16":{"start":{"line":76,"column":4},"end":{"line":76,"column":19}},"17":{"start":{"line":77,"column":4},"end":{"line":77,"column":38}},"18":{"start":{"line":78,"column":4},"end":{"line":78,"column":27}},"19":{"start":{"line":79,"column":4},"end":{"line":79,"column":20}},"20":{"start":{"line":92,"column":4},"end":{"line":92,"column":19}},"21":{"start":{"line":93,"column":4},"end":{"line":93,"column":38}},"22":{"start":{"line":94,"column":4},"end":{"line":94,"column":27}},"23":{"start":{"line":95,"column":4},"end":{"line":95,"column":20}},"24":{"start":{"line":108,"column":4},"end":{"line":108,"column":19}},"25":{"start":{"line":109,"column":4},"end":{"line":109,"column":38}},"26":{"start":{"line":110,"column":4},"end":{"line":110,"column":20}},"27":{"start":{"line":123,"column":4},"end":{"line":123,"column":19}},"28":{"start":{"line":124,"column":4},"end":{"line":124,"column":38}},"29":{"start":{"line":125,"column":4},"end":{"line":125,"column":20}},"30":{"start":{"line":138,"column":4},"end":{"line":138,"column":19}},"31":{"start":{"line":139,"column":4},"end":{"line":139,"column":38}},"32":{"start":{"line":140,"column":4},"end":{"line":140,"column":20}},"33":{"start":{"line":141,"column":4},"end":{"line":141,"column":27}},"34":{"start":{"line":146,"column":0},"end":{"line":156,"column":2}}},"fnMap":{"0":{"name":"(anonymous_0)","decl":{"start":{"line":11,"column":2},"end":{"line":11,"column":3}},"loc":{"start":{"line":11,"column":23},"end":{"line":16,"column":3}},"line":11},"1":{"name":"(anonymous_1)","decl":{"start":{"line":27,"column":2},"end":{"line":27,"column":3}},"loc":{"start":{"line":27,"column":23},"end":{"line":32,"column":3}},"line":27},"2":{"name":"(anonymous_2)","decl":{"start":{"line":43,"column":2},"end":{"line":43,"column":3}},"loc":{"start":{"line":43,"column":23},"end":{"line":48,"column":3}},"line":43},"3":{"name":"(anonymous_3)","decl":{"start":{"line":59,"column":2},"end":{"line":59,"column":3}},"loc":{"start":{"line":59,"column":23},"end":{"line":64,"column":3}},"line":59},"4":{"name":"(anonymous_4)","decl":{"start":{"line":75,"column":2},"end":{"line":75,"column":3}},"loc":{"start":{"line":75,"column":23},"end":{"line":80,"column":3}},"line":75},"5":{"name":"(anonymous_5)","decl":{"start":{"line":91,"column":2},"end":{"line":91,"column":3}},"loc":{"start":{"line":91,"column":23},"end":{"line":96,"column":3}},"line":91},"6":{"name":"(anonymous_6)","decl":{"start":{"line":107,"column":2},"end":{"line":107,"column":3}},"loc":{"start":{"line":107,"column":23},"end":{"line":111,"column":3}},"line":107},"7":{"name":"(anonymous_7)","decl":{"start":{"line":122,"column":2},"end":{"line":122,"column":3}},"loc":{"start":{"line":122,"column":23},"end":{"line":126,"column":3}},"line":122},"8":{"name":"(anonymous_8)","decl":{"start":{"line":137,"column":2},"end":{"line":137,"column":3}},"loc":{"start":{"line":137,"column":23},"end":{"line":142,"column":3}},"line":137}},"branchMap":{},"s":{"0":2,"1":2,"2":2,"3":2,"4":1,"5":1,"6":1,"7":1,"8":2,"9":2,"10":2,"11":2,"12":1,"13":1,"14":1,"15":1,"16":0,"17":0,"18":0,"19":0,"20":0,"21":0,"22":0,"23":0,"24":1,"25":1,"26":1,"27":0,"28":0,"29":0,"30":7,"31":7,"32":7,"33":7,"34":3},"f":{"0":2,"1":1,"2":2,"3":1,"4":0,"5":0,"6":1,"7":0,"8":7},"b":{},"_coverageSchema":"1a1c01bbd47fc00a2c39e90264f33305004495a9","hash":"5982b221e622c4cfb66b1272a6acc0d43991eb62"}
,"C:\\Users\\utkar\\Desktop\\Assignment\\middlewares\\authorization\\authorize.js": {"path":"C:\\Users\\utkar\\Desktop\\Assignment\\middlewares\\authorization\\authorize.js","statementMap":{"0":{"start":{"line":1,"column":12},"end":{"line":1,"column":35}},"1":{"start":{"line":2,"column":31},"end":{"line":2,"column":61}},"2":{"start":{"line":3,"column":19},"end":{"line":3,"column":53}},"3":{"start":{"line":14,"column":2},"end":{"line":33,"column":3}},"4":{"start":{"line":15,"column":4},"end":{"line":17,"column":5}},"5":{"start":{"line":16,"column":6},"end":{"line":16,"column":62}},"6":{"start":{"line":18,"column":18},"end":{"line":18,"column":57}},"7":{"start":{"line":19,"column":21},"end":{"line":19,"column":63}},"8":{"start":{"line":20,"column":4},"end":{"line":24,"column":5}},"9":{"start":{"line":21,"column":6},"end":{"line":21,"column":13}},"10":{"start":{"line":23,"column":6},"end":{"line":23,"column":57}},"11":{"start":{"line":26,"column":4},"end":{"line":28,"column":5}},"12":{"start":{"line":27,"column":6},"end":{"line":27,"column":55}},"13":{"start":{"line":29,"column":4},"end":{"line":31,"column":5}},"14":{"start":{"line":30,"column":6},"end":{"line":30,"column":69}},"15":{"start":{"line":32,"column":4},"end":{"line":32,"column":49}},"16":{"start":{"line":36,"column":0},"end":{"line":36,"column":45}}},"fnMap":{"0":{"name":"authorization","decl":{"start":{"line":13,"column":9},"end":{"line":13,"column":22}},"loc":{"start":{"line":13,"column":41},"end":{"line":34,"column":1}},"line":13}},"branchMap":{"0":{"loc":{"start":{"line":15,"column":4},"end":{"line":17,"column":5}},"type":"if","locations":[{"start":{"line":15,"column":4},"end":{"line":17,"column":5}},{"start":{"line":15,"column":4},"end":{"line":17,"column":5}}],"line":15},"1":{"loc":{"start":{"line":15,"column":8},"end":{"line":15,"column":50}},"type":"binary-expr","locations":[{"start":{"line":15,"column":8},"end":{"line":15,"column":20}},{"start":{"line":15,"column":24},"end":{"line":15,"column":50}}],"line":15},"2":{"loc":{"start":{"line":20,"column":4},"end":{"line":24,"column":5}},"type":"if","locations":[{"start":{"line":20,"column":4},"end":{"line":24,"column":5}},{"start":{"line":20,"column":4},"end":{"line":24,"column":5}}],"line":20},"3":{"loc":{"start":{"line":26,"column":4},"end":{"line":28,"column":5}},"type":"if","locations":[{"start":{"line":26,"column":4},"end":{"line":28,"column":5}},{"start":{"line":26,"column":4},"end":{"line":28,"column":5}}],"line":26},"4":{"loc":{"start":{"line":29,"column":4},"end":{"line":31,"column":5}},"type":"if","locations":[{"start":{"line":29,"column":4},"end":{"line":31,"column":5}},{"start":{"line":29,"column":4},"end":{"line":31,"column":5}}],"line":29}},"s":{"0":3,"1":3,"2":3,"3":27,"4":27,"5":7,"6":20,"7":20,"8":18,"9":18,"10":0,"11":9,"12":2,"13":7,"14":0,"15":7,"16":3},"f":{"0":27},"b":{"0":[7,20],"1":[27,27],"2":[18,0],"3":[2,7],"4":[0,7]},"_coverageSchema":"1a1c01bbd47fc00a2c39e90264f33305004495a9","hash":"35045947cd30c556dffbf043a9a91ac056e80e35"}
,"C:\\Users\\utkar\\Desktop\\Assignment\\middlewares\\validations\\validate_schema.js": {"path":"C:\\Users\\utkar\\Desktop\\Assignment\\middlewares\\validations\\validate_schema.js","statementMap":{"0":{"start":{"line":2,"column":12},"end":{"line":2,"column":26}},"1":{"start":{"line":4,"column":0},"end":{"line":9,"column":3}},"2":{"start":{"line":11,"column":0},"end":{"line":18,"column":3}},"3":{"start":{"line":20,"column":0},"end":{"line":24,"column":3}},"4":{"start":{"line":26,"column":0},"end":{"line":37,"column":3}},"5":{"start":{"line":39,"column":0},"end":{"line":46,"column":3}},"6":{"start":{"line":48,"column":0},"end":{"line":53,"column":3}},"7":{"start":{"line":55,"column":0},"end":{"line":59,"column":3}},"8":{"start":{"line":61,"column":0},"end":{"line":65,"column":3}},"9":{"start":{"line":67,"column":30},"end":{"line":71,"column":2}},"10":{"start":{"line":73,"column":0},"end":{"line":77,"column":3}}},"fnMap":{},"branchMap":{},"s":{"0":3,"1":3,"2":3,"3":3,"4":3,"5":3,"6":3,"7":3,"8":3,"9":3,"10":3},"f":{},"b":{},"_coverageSchema":"1a1c01bbd47fc00a2c39e90264f33305004495a9","hash":"9f74bf7990218f0f7ae832301531306812654410"}
,"C:\\Users\\utkar\\Desktop\\Assignment\\middlewares\\validations\\validator.js": {"path":"C:\\Users\\utkar\\Desktop\\Assignment\\middlewares\\validations\\validator.js","statementMap":{"0":{"start":{"line":1,"column":24},"end":{"line":1,"column":52}},"1":{"start":{"line":2,"column":19},"end":{"line":2,"column":53}},"2":{"start":{"line":11,"column":0},"end":{"line":18,"column":2}},"3":{"start":{"line":12,"column":16},"end":{"line":12,"column":63}},"4":{"start":{"line":13,"column":2},"end":{"line":17,"column":3}},"5":{"start":{"line":14,"column":4},"end":{"line":14,"column":65}},"6":{"start":{"line":16,"column":4},"end":{"line":16,"column":11}},"7":{"start":{"line":27,"column":0},"end":{"line":34,"column":2}},"8":{"start":{"line":28,"column":16},"end":{"line":28,"column":70}},"9":{"start":{"line":29,"column":2},"end":{"line":33,"column":3}},"10":{"start":{"line":30,"column":4},"end":{"line":30,"column":65}},"11":{"start":{"line":32,"column":4},"end":{"line":32,"column":11}},"12":{"start":{"line":43,"column":0},"end":{"line":50,"column":2}},"13":{"start":{"line":44,"column":16},"end":{"line":44,"column":67}},"14":{"start":{"line":45,"column":2},"end":{"line":49,"column":3}},"15":{"start":{"line":46,"column":4},"end":{"line":46,"column":65}},"16":{"start":{"line":48,"column":4},"end":{"line":48,"column":11}},"17":{"start":{"line":59,"column":0},"end":{"line":66,"column":2}},"18":{"start":{"line":60,"column":16},"end":{"line":60,"column":66}},"19":{"start":{"line":61,"column":2},"end":{"line":65,"column":3}},"20":{"start":{"line":62,"column":4},"end":{"line":62,"column":65}},"21":{"start":{"line":64,"column":4},"end":{"line":64,"column":11}},"22":{"start":{"line":75,"column":0},"end":{"line":82,"column":2}},"23":{"start":{"line":76,"column":16},"end":{"line":76,"column":69}},"24":{"start":{"line":77,"column":2},"end":{"line":81,"column":3}},"25":{"start":{"line":78,"column":4},"end":{"line":78,"column":65}},"26":{"start":{"line":80,"column":4},"end":{"line":80,"column":11}},"27":{"start":{"line":91,"column":0},"end":{"line":98,"column":2}},"28":{"start":{"line":92,"column":16},"end":{"line":92,"column":62}},"29":{"start":{"line":93,"column":2},"end":{"line":97,"column":3}},"30":{"start":{"line":94,"column":4},"end":{"line":94,"column":65}},"31":{"start":{"line":96,"column":4},"end":{"line":96,"column":11}},"32":{"start":{"line":107,"column":0},"end":{"line":114,"column":2}},"33":{"start":{"line":108,"column":16},"end":{"line":108,"column":71}},"34":{"start":{"line":109,"column":2},"end":{"line":113,"column":3}},"35":{"start":{"line":110,"column":4},"end":{"line":110,"column":65}},"36":{"start":{"line":112,"column":4},"end":{"line":112,"column":11}}},"fnMap":{"0":{"name":"(anonymous_0)","decl":{"start":{"line":11,"column":26},"end":{"line":11,"column":27}},"loc":{"start":{"line":11,"column":44},"end":{"line":18,"column":1}},"line":11},"1":{"name":"(anonymous_1)","decl":{"start":{"line":27,"column":29},"end":{"line":27,"column":30}},"loc":{"start":{"line":27,"column":49},"end":{"line":34,"column":1}},"line":27},"2":{"name":"(anonymous_2)","decl":{"start":{"line":43,"column":30},"end":{"line":43,"column":31}},"loc":{"start":{"line":43,"column":48},"end":{"line":50,"column":1}},"line":43},"3":{"name":"(anonymous_3)","decl":{"start":{"line":59,"column":29},"end":{"line":59,"column":30}},"loc":{"start":{"line":59,"column":49},"end":{"line":66,"column":1}},"line":59},"4":{"name":"(anonymous_4)","decl":{"start":{"line":75,"column":32},"end":{"line":75,"column":33}},"loc":{"start":{"line":75,"column":52},"end":{"line":82,"column":1}},"line":75},"5":{"name":"(anonymous_5)","decl":{"start":{"line":91,"column":25},"end":{"line":91,"column":26}},"loc":{"start":{"line":91,"column":45},"end":{"line":98,"column":1}},"line":91},"6":{"name":"(anonymous_6)","decl":{"start":{"line":107,"column":34},"end":{"line":107,"column":35}},"loc":{"start":{"line":107,"column":54},"end":{"line":114,"column":1}},"line":107}},"branchMap":{"0":{"loc":{"start":{"line":13,"column":2},"end":{"line":17,"column":3}},"type":"if","locations":[{"start":{"line":13,"column":2},"end":{"line":17,"column":3}},{"start":{"line":13,"column":2},"end":{"line":17,"column":3}}],"line":13},"1":{"loc":{"start":{"line":29,"column":2},"end":{"line":33,"column":3}},"type":"if","locations":[{"start":{"line":29,"column":2},"end":{"line":33,"column":3}},{"start":{"line":29,"column":2},"end":{"line":33,"column":3}}],"line":29},"2":{"loc":{"start":{"line":45,"column":2},"end":{"line":49,"column":3}},"type":"if","locations":[{"start":{"line":45,"column":2},"end":{"line":49,"column":3}},{"start":{"line":45,"column":2},"end":{"line":49,"column":3}}],"line":45},"3":{"loc":{"start":{"line":61,"column":2},"end":{"line":65,"column":3}},"type":"if","locations":[{"start":{"line":61,"column":2},"end":{"line":65,"column":3}},{"start":{"line":61,"column":2},"end":{"line":65,"column":3}}],"line":61},"4":{"loc":{"start":{"line":77,"column":2},"end":{"line":81,"column":3}},"type":"if","locations":[{"start":{"line":77,"column":2},"end":{"line":81,"column":3}},{"start":{"line":77,"column":2},"end":{"line":81,"column":3}}],"line":77},"5":{"loc":{"start":{"line":93,"column":2},"end":{"line":97,"column":3}},"type":"if","locations":[{"start":{"line":93,"column":2},"end":{"line":97,"column":3}},{"start":{"line":93,"column":2},"end":{"line":97,"column":3}}],"line":93},"6":{"loc":{"start":{"line":109,"column":2},"end":{"line":113,"column":3}},"type":"if","locations":[{"start":{"line":109,"column":2},"end":{"line":113,"column":3}},{"start":{"line":109,"column":2},"end":{"line":113,"column":3}}],"line":109}},"s":{"0":3,"1":3,"2":3,"3":6,"4":6,"5":0,"6":6,"7":3,"8":2,"9":2,"10":1,"11":1,"12":3,"13":5,"14":5,"15":1,"16":4,"17":3,"18":2,"19":2,"20":1,"21":1,"22":3,"23":0,"24":0,"25":0,"26":0,"27":3,"28":0,"29":0,"30":0,"31":0,"32":3,"33":0,"34":0,"35":0,"36":0},"f":{"0":6,"1":2,"2":5,"3":2,"4":0,"5":0,"6":0},"b":{"0":[0,6],"1":[1,1],"2":[1,4],"3":[1,1],"4":[0,0],"5":[0,0],"6":[0,0]},"_coverageSchema":"1a1c01bbd47fc00a2c39e90264f33305004495a9","hash":"087d503234eec579666bf1ae3f2bb3e61006a5ad"}
,"C:\\Users\\utkar\\Desktop\\Assignment\\models\\testdatabaseconnect.js": {"path":"C:\\Users\\utkar\\Desktop\\Assignment\\models\\testdatabaseconnect.js","statementMap":{"0":{"start":{"line":1,"column":17},"end":{"line":1,"column":36}},"1":{"start":{"line":7,"column":0},"end":{"line":18,"column":1}},"2":{"start":{"line":8,"column":2},"end":{"line":15,"column":5}},"3":{"start":{"line":9,"column":4},"end":{"line":14,"column":5}},"4":{"start":{"line":10,"column":6},"end":{"line":10,"column":21}},"5":{"start":{"line":11,"column":6},"end":{"line":11,"column":47}},"6":{"start":{"line":13,"column":6},"end":{"line":13,"column":34}},"7":{"start":{"line":17,"column":2},"end":{"line":17,"column":17}},"8":{"start":{"line":20,"column":0},"end":{"line":20,"column":40}},"9":{"start":{"line":22,"column":0},"end":{"line":22,"column":31}}},"fnMap":{"0":{"name":"(anonymous_0)","decl":{"start":{"line":8,"column":115},"end":{"line":8,"column":116}},"loc":{"start":{"line":8,"column":124},"end":{"line":15,"column":3}},"line":8}},"branchMap":{"0":{"loc":{"start":{"line":9,"column":4},"end":{"line":14,"column":5}},"type":"if","locations":[{"start":{"line":9,"column":4},"end":{"line":14,"column":5}},{"start":{"line":9,"column":4},"end":{"line":14,"column":5}}],"line":9}},"s":{"0":3,"1":3,"2":3,"3":3,"4":0,"5":0,"6":3,"7":0,"8":3,"9":3},"f":{"0":3},"b":{"0":[0,3]},"_coverageSchema":"1a1c01bbd47fc00a2c39e90264f33305004495a9","hash":"bf17d9a456da94f4515c1d44b2f090d24a38ae3c"}
,"C:\\Users\\utkar\\Desktop\\Assignment\\models\\model_query\\book_query.js": {"path":"C:\\Users\\utkar\\Desktop\\Assignment\\models\\model_query\\book_query.js","statementMap":{"0":{"start":{"line":2,"column":13},"end":{"line":2,"column":44}},"1":{"start":{"line":3,"column":35},"end":{"line":3,"column":65}},"2":{"start":{"line":12,"column":0},"end":{"line":19,"column":2}},"3":{"start":{"line":13,"column":2},"end":{"line":18,"column":3}},"4":{"start":{"line":14,"column":23},"end":{"line":14,"column":55}},"5":{"start":{"line":15,"column":4},"end":{"line":15,"column":22}},"6":{"start":{"line":17,"column":4},"end":{"line":17,"column":68}},"7":{"start":{"line":28,"column":0},"end":{"line":35,"column":2}},"8":{"start":{"line":29,"column":2},"end":{"line":34,"column":3}},"9":{"start":{"line":30,"column":23},"end":{"line":30,"column":52}},"10":{"start":{"line":31,"column":4},"end":{"line":31,"column":22}},"11":{"start":{"line":33,"column":4},"end":{"line":33,"column":68}},"12":{"start":{"line":44,"column":0},"end":{"line":51,"column":2}},"13":{"start":{"line":45,"column":2},"end":{"line":50,"column":3}},"14":{"start":{"line":46,"column":24},"end":{"line":46,"column":87}},"15":{"start":{"line":47,"column":4},"end":{"line":47,"column":23}},"16":{"start":{"line":49,"column":4},"end":{"line":49,"column":68}},"17":{"start":{"line":60,"column":0},"end":{"line":67,"column":2}},"18":{"start":{"line":61,"column":2},"end":{"line":66,"column":3}},"19":{"start":{"line":62,"column":27},"end":{"line":62,"column":68}},"20":{"start":{"line":63,"column":4},"end":{"line":63,"column":26}},"21":{"start":{"line":65,"column":4},"end":{"line":65,"column":68}},"22":{"start":{"line":77,"column":0},"end":{"line":85,"column":2}},"23":{"start":{"line":78,"column":2},"end":{"line":84,"column":3}},"24":{"start":{"line":80,"column":25},"end":{"line":80,"column":96}},"25":{"start":{"line":81,"column":4},"end":{"line":81,"column":24}},"26":{"start":{"line":83,"column":4},"end":{"line":83,"column":68}},"27":{"start":{"line":93,"column":0},"end":{"line":106,"column":2}},"28":{"start":{"line":94,"column":2},"end":{"line":105,"column":3}},"29":{"start":{"line":95,"column":24},"end":{"line":101,"column":6}},"30":{"start":{"line":102,"column":4},"end":{"line":102,"column":29}},"31":{"start":{"line":104,"column":4},"end":{"line":104,"column":68}},"32":{"start":{"line":117,"column":0},"end":{"line":124,"column":2}},"33":{"start":{"line":118,"column":2},"end":{"line":123,"column":3}},"34":{"start":{"line":119,"column":27},"end":{"line":119,"column":123}},"35":{"start":{"line":120,"column":4},"end":{"line":120,"column":26}},"36":{"start":{"line":122,"column":4},"end":{"line":122,"column":68}},"37":{"start":{"line":134,"column":0},"end":{"line":141,"column":2}},"38":{"start":{"line":135,"column":2},"end":{"line":140,"column":3}},"39":{"start":{"line":136,"column":38},"end":{"line":136,"column":104}},"40":{"start":{"line":137,"column":4},"end":{"line":137,"column":37}},"41":{"start":{"line":139,"column":4},"end":{"line":139,"column":68}},"42":{"start":{"line":152,"column":0},"end":{"line":159,"column":2}},"43":{"start":{"line":153,"column":2},"end":{"line":158,"column":3}},"44":{"start":{"line":154,"column":28},"end":{"line":154,"column":119}},"45":{"start":{"line":155,"column":4},"end":{"line":155,"column":27}},"46":{"start":{"line":157,"column":4},"end":{"line":157,"column":68}},"47":{"start":{"line":170,"column":0},"end":{"line":177,"column":2}},"48":{"start":{"line":171,"column":2},"end":{"line":176,"column":3}},"49":{"start":{"line":172,"column":22},"end":{"line":172,"column":93}},"50":{"start":{"line":173,"column":4},"end":{"line":173,"column":21}},"51":{"start":{"line":175,"column":4},"end":{"line":175,"column":68}},"52":{"start":{"line":187,"column":0},"end":{"line":195,"column":2}},"53":{"start":{"line":188,"column":2},"end":{"line":194,"column":3}},"54":{"start":{"line":189,"column":22},"end":{"line":189,"column":131}},"55":{"start":{"line":191,"column":4},"end":{"line":191,"column":21}},"56":{"start":{"line":193,"column":4},"end":{"line":193,"column":68}}},"fnMap":{"0":{"name":"(anonymous_0)","decl":{"start":{"line":12,"column":30},"end":{"line":12,"column":31}},"loc":{"start":{"line":12,"column":46},"end":{"line":19,"column":1}},"line":12},"1":{"name":"(anonymous_1)","decl":{"start":{"line":28,"column":28},"end":{"line":28,"column":29}},"loc":{"start":{"line":28,"column":42},"end":{"line":35,"column":1}},"line":28},"2":{"name":"(anonymous_2)","decl":{"start":{"line":44,"column":22},"end":{"line":44,"column":23}},"loc":{"start":{"line":44,"column":36},"end":{"line":51,"column":1}},"line":44},"3":{"name":"(anonymous_3)","decl":{"start":{"line":60,"column":26},"end":{"line":60,"column":27}},"loc":{"start":{"line":60,"column":46},"end":{"line":67,"column":1}},"line":60},"4":{"name":"(anonymous_4)","decl":{"start":{"line":77,"column":21},"end":{"line":77,"column":22}},"loc":{"start":{"line":77,"column":49},"end":{"line":85,"column":1}},"line":77},"5":{"name":"(anonymous_5)","decl":{"start":{"line":93,"column":28},"end":{"line":93,"column":29}},"loc":{"start":{"line":93,"column":40},"end":{"line":106,"column":1}},"line":93},"6":{"name":"(anonymous_6)","decl":{"start":{"line":117,"column":25},"end":{"line":117,"column":26}},"loc":{"start":{"line":117,"column":55},"end":{"line":124,"column":1}},"line":117},"7":{"name":"(anonymous_7)","decl":{"start":{"line":134,"column":36},"end":{"line":134,"column":37}},"loc":{"start":{"line":134,"column":59},"end":{"line":141,"column":1}},"line":134},"8":{"name":"(anonymous_8)","decl":{"start":{"line":152,"column":26},"end":{"line":152,"column":27}},"loc":{"start":{"line":152,"column":57},"end":{"line":159,"column":1}},"line":152},"9":{"name":"(anonymous_9)","decl":{"start":{"line":170,"column":31},"end":{"line":170,"column":32}},"loc":{"start":{"line":170,"column":62},"end":{"line":177,"column":1}},"line":170},"10":{"name":"(anonymous_10)","decl":{"start":{"line":187,"column":28},"end":{"line":187,"column":29}},"loc":{"start":{"line":187,"column":58},"end":{"line":195,"column":1}},"line":187}},"branchMap":{},"s":{"0":3,"1":3,"2":3,"3":1,"4":1,"5":1,"6":0,"7":3,"8":2,"9":2,"10":1,"11":1,"12":3,"13":0,"14":0,"15":0,"16":0,"17":3,"18":0,"19":0,"20":0,"21":0,"22":3,"23":0,"24":0,"25":0,"26":0,"27":3,"28":0,"29":0,"30":0,"31":0,"32":3,"33":2,"34":2,"35":2,"36":0,"37":3,"38":1,"39":1,"40":1,"41":0,"42":3,"43":3,"44":3,"45":3,"46":0,"47":3,"48":1,"49":1,"50":1,"51":0,"52":3,"53":0,"54":0,"55":0,"56":0},"f":{"0":1,"1":2,"2":0,"3":0,"4":0,"5":0,"6":2,"7":1,"8":3,"9":1,"10":0},"b":{},"_coverageSchema":"1a1c01bbd47fc00a2c39e90264f33305004495a9","hash":"3239be3d5c51fe117455bd69b6dd403d5ecc9270"}
,"C:\\Users\\utkar\\Desktop\\Assignment\\models\\model_query\\history_query.js": {"path":"C:\\Users\\utkar\\Desktop\\Assignment\\models\\model_query\\history_query.js","statementMap":{"0":{"start":{"line":3,"column":17},"end":{"line":3,"column":36}},"1":{"start":{"line":4,"column":16},"end":{"line":4,"column":50}},"2":{"start":{"line":5,"column":19},"end":{"line":5,"column":40}},"3":{"start":{"line":6,"column":35},"end":{"line":6,"column":65}},"4":{"start":{"line":15,"column":0},"end":{"line":22,"column":2}},"5":{"start":{"line":16,"column":2},"end":{"line":21,"column":3}},"6":{"start":{"line":17,"column":18},"end":{"line":17,"column":94}},"7":{"start":{"line":18,"column":4},"end":{"line":18,"column":17}},"8":{"start":{"line":20,"column":4},"end":{"line":20,"column":68}},"9":{"start":{"line":31,"column":0},"end":{"line":38,"column":2}},"10":{"start":{"line":32,"column":2},"end":{"line":37,"column":3}},"11":{"start":{"line":33,"column":23},"end":{"line":33,"column":65}},"12":{"start":{"line":34,"column":4},"end":{"line":34,"column":22}},"13":{"start":{"line":36,"column":4},"end":{"line":36,"column":68}},"14":{"start":{"line":48,"column":0},"end":{"line":58,"column":2}},"15":{"start":{"line":49,"column":2},"end":{"line":57,"column":3}},"16":{"start":{"line":50,"column":4},"end":{"line":50,"column":20}},"17":{"start":{"line":52,"column":25},"end":{"line":52,"column":222}},"18":{"start":{"line":54,"column":4},"end":{"line":54,"column":24}},"19":{"start":{"line":56,"column":4},"end":{"line":56,"column":68}},"20":{"start":{"line":67,"column":0},"end":{"line":74,"column":2}},"21":{"start":{"line":68,"column":2},"end":{"line":73,"column":3}},"22":{"start":{"line":69,"column":18},"end":{"line":69,"column":89}},"23":{"start":{"line":70,"column":4},"end":{"line":70,"column":17}},"24":{"start":{"line":72,"column":4},"end":{"line":72,"column":68}},"25":{"start":{"line":84,"column":0},"end":{"line":93,"column":2}},"26":{"start":{"line":85,"column":2},"end":{"line":92,"column":3}},"27":{"start":{"line":86,"column":17},"end":{"line":86,"column":68}},"28":{"start":{"line":88,"column":19},"end":{"line":88,"column":169}},"29":{"start":{"line":89,"column":4},"end":{"line":89,"column":18}},"30":{"start":{"line":91,"column":4},"end":{"line":91,"column":68}},"31":{"start":{"line":101,"column":0},"end":{"line":108,"column":2}},"32":{"start":{"line":102,"column":2},"end":{"line":107,"column":3}},"33":{"start":{"line":103,"column":25},"end":{"line":103,"column":135}},"34":{"start":{"line":104,"column":4},"end":{"line":104,"column":24}},"35":{"start":{"line":106,"column":4},"end":{"line":106,"column":68}},"36":{"start":{"line":117,"column":0},"end":{"line":124,"column":2}},"37":{"start":{"line":118,"column":2},"end":{"line":123,"column":3}},"38":{"start":{"line":119,"column":33},"end":{"line":119,"column":86}},"39":{"start":{"line":120,"column":4},"end":{"line":120,"column":32}},"40":{"start":{"line":122,"column":4},"end":{"line":122,"column":68}},"41":{"start":{"line":133,"column":0},"end":{"line":141,"column":2}},"42":{"start":{"line":134,"column":2},"end":{"line":140,"column":3}},"43":{"start":{"line":135,"column":34},"end":{"line":135,"column":196}},"44":{"start":{"line":137,"column":4},"end":{"line":137,"column":33}},"45":{"start":{"line":139,"column":4},"end":{"line":139,"column":68}},"46":{"start":{"line":150,"column":0},"end":{"line":157,"column":2}},"47":{"start":{"line":151,"column":2},"end":{"line":156,"column":3}},"48":{"start":{"line":152,"column":20},"end":{"line":152,"column":108}},"49":{"start":{"line":153,"column":4},"end":{"line":153,"column":19}},"50":{"start":{"line":155,"column":4},"end":{"line":155,"column":68}}},"fnMap":{"0":{"name":"(anonymous_0)","decl":{"start":{"line":15,"column":29},"end":{"line":15,"column":30}},"loc":{"start":{"line":15,"column":43},"end":{"line":22,"column":1}},"line":15},"1":{"name":"(anonymous_1)","decl":{"start":{"line":31,"column":21},"end":{"line":31,"column":22}},"loc":{"start":{"line":31,"column":49},"end":{"line":38,"column":1}},"line":31},"2":{"name":"(anonymous_2)","decl":{"start":{"line":48,"column":23},"end":{"line":48,"column":24}},"loc":{"start":{"line":48,"column":57},"end":{"line":58,"column":1}},"line":48},"3":{"name":"(anonymous_3)","decl":{"start":{"line":67,"column":40},"end":{"line":67,"column":41}},"loc":{"start":{"line":67,"column":54},"end":{"line":74,"column":1}},"line":67},"4":{"name":"(anonymous_4)","decl":{"start":{"line":84,"column":23},"end":{"line":84,"column":24}},"loc":{"start":{"line":84,"column":48},"end":{"line":93,"column":1}},"line":84},"5":{"name":"(anonymous_5)","decl":{"start":{"line":101,"column":32},"end":{"line":101,"column":33}},"loc":{"start":{"line":101,"column":44},"end":{"line":108,"column":1}},"line":101},"6":{"name":"(anonymous_6)","decl":{"start":{"line":117,"column":31},"end":{"line":117,"column":32}},"loc":{"start":{"line":117,"column":45},"end":{"line":124,"column":1}},"line":117},"7":{"name":"(anonymous_7)","decl":{"start":{"line":133,"column":32},"end":{"line":133,"column":33}},"loc":{"start":{"line":133,"column":46},"end":{"line":141,"column":1}},"line":133},"8":{"name":"(anonymous_8)","decl":{"start":{"line":150,"column":29},"end":{"line":150,"column":30}},"loc":{"start":{"line":150,"column":48},"end":{"line":157,"column":1}},"line":150}},"branchMap":{},"s":{"0":3,"1":3,"2":3,"3":3,"4":3,"5":0,"6":0,"7":0,"8":0,"9":3,"10":0,"11":0,"12":0,"13":0,"14":3,"15":0,"16":0,"17":0,"18":0,"19":0,"20":3,"21":0,"22":0,"23":0,"24":0,"25":3,"26":1,"27":1,"28":1,"29":1,"30":0,"31":3,"32":1,"33":1,"34":1,"35":0,"36":3,"37":1,"38":1,"39":1,"40":0,"41":3,"42":7,"43":7,"44":7,"45":0,"46":3,"47":0,"48":0,"49":0,"50":0},"f":{"0":0,"1":0,"2":0,"3":0,"4":1,"5":1,"6":1,"7":7,"8":0},"b":{},"_coverageSchema":"1a1c01bbd47fc00a2c39e90264f33305004495a9","hash":"af835d6aa68b70d9c5e0edd88a5757fda1818328"}
,"C:\\Users\\utkar\\Desktop\\Assignment\\models\\model_query\\user_query.js": {"path":"C:\\Users\\utkar\\Desktop\\Assignment\\models\\model_query\\user_query.js","statementMap":{"0":{"start":{"line":2,"column":35},"end":{"line":2,"column":65}},"1":{"start":{"line":3,"column":13},"end":{"line":3,"column":44}},"2":{"start":{"line":12,"column":0},"end":{"line":19,"column":2}},"3":{"start":{"line":13,"column":2},"end":{"line":18,"column":3}},"4":{"start":{"line":14,"column":23},"end":{"line":14,"column":68}},"5":{"start":{"line":15,"column":4},"end":{"line":15,"column":22}},"6":{"start":{"line":17,"column":4},"end":{"line":17,"column":68}},"7":{"start":{"line":28,"column":0},"end":{"line":35,"column":2}},"8":{"start":{"line":29,"column":2},"end":{"line":34,"column":3}},"9":{"start":{"line":30,"column":26},"end":{"line":30,"column":67}},"10":{"start":{"line":31,"column":4},"end":{"line":31,"column":25}},"11":{"start":{"line":33,"column":4},"end":{"line":33,"column":68}},"12":{"start":{"line":44,"column":0},"end":{"line":51,"column":2}},"13":{"start":{"line":45,"column":2},"end":{"line":50,"column":3}},"14":{"start":{"line":46,"column":18},"end":{"line":46,"column":72}},"15":{"start":{"line":47,"column":4},"end":{"line":47,"column":17}},"16":{"start":{"line":49,"column":4},"end":{"line":49,"column":68}},"17":{"start":{"line":61,"column":0},"end":{"line":68,"column":2}},"18":{"start":{"line":62,"column":2},"end":{"line":67,"column":3}},"19":{"start":{"line":63,"column":18},"end":{"line":63,"column":97}},"20":{"start":{"line":64,"column":4},"end":{"line":64,"column":17}},"21":{"start":{"line":66,"column":4},"end":{"line":66,"column":68}}},"fnMap":{"0":{"name":"(anonymous_0)","decl":{"start":{"line":12,"column":20},"end":{"line":12,"column":21}},"loc":{"start":{"line":12,"column":37},"end":{"line":19,"column":1}},"line":12},"1":{"name":"(anonymous_1)","decl":{"start":{"line":28,"column":24},"end":{"line":28,"column":25}},"loc":{"start":{"line":28,"column":44},"end":{"line":35,"column":1}},"line":28},"2":{"name":"(anonymous_2)","decl":{"start":{"line":44,"column":26},"end":{"line":44,"column":27}},"loc":{"start":{"line":44,"column":43},"end":{"line":51,"column":1}},"line":44},"3":{"name":"(anonymous_3)","decl":{"start":{"line":61,"column":25},"end":{"line":61,"column":26}},"loc":{"start":{"line":61,"column":48},"end":{"line":68,"column":1}},"line":61}},"branchMap":{},"s":{"0":3,"1":3,"2":3,"3":10,"4":10,"5":10,"6":0,"7":3,"8":0,"9":0,"10":0,"11":0,"12":3,"13":0,"14":0,"15":0,"16":0,"17":3,"18":1,"19":1,"20":1,"21":0},"f":{"0":10,"1":0,"2":0,"3":1},"b":{},"_coverageSchema":"1a1c01bbd47fc00a2c39e90264f33305004495a9","hash":"c650746e2dfcd54353a2e36ffbde665249305ba0"}
,"C:\\Users\\utkar\\Desktop\\Assignment\\models\\model_schema\\book.js": {"path":"C:\\Users\\utkar\\Desktop\\Assignment\\models\\model_schema\\book.js","statementMap":{"0":{"start":{"line":1,"column":17},"end":{"line":1,"column":36}},"1":{"start":{"line":6,"column":20},"end":{"line":45,"column":2}},"2":{"start":{"line":47,"column":0},"end":{"line":47,"column":36}},"3":{"start":{"line":48,"column":0},"end":{"line":48,"column":29}},"4":{"start":{"line":49,"column":0},"end":{"line":49,"column":30}},"5":{"start":{"line":50,"column":0},"end":{"line":50,"column":53}}},"fnMap":{},"branchMap":{},"s":{"0":3,"1":3,"2":3,"3":3,"4":3,"5":3},"f":{},"b":{},"_coverageSchema":"1a1c01bbd47fc00a2c39e90264f33305004495a9","hash":"196a35ed2b90b5bd012c6658cb6eab05a311c23c"}
,"C:\\Users\\utkar\\Desktop\\Assignment\\models\\model_schema\\history.js": {"path":"C:\\Users\\utkar\\Desktop\\Assignment\\models\\model_schema\\history.js","statementMap":{"0":{"start":{"line":1,"column":17},"end":{"line":1,"column":36}},"1":{"start":{"line":6,"column":22},"end":{"line":32,"column":2}},"2":{"start":{"line":34,"column":0},"end":{"line":34,"column":35}},"3":{"start":{"line":35,"column":0},"end":{"line":35,"column":35}},"4":{"start":{"line":36,"column":0},"end":{"line":36,"column":33}},"5":{"start":{"line":38,"column":0},"end":{"line":38,"column":59}}},"fnMap":{},"branchMap":{},"s":{"0":3,"1":3,"2":3,"3":3,"4":3,"5":3},"f":{},"b":{},"_coverageSchema":"1a1c01bbd47fc00a2c39e90264f33305004495a9","hash":"ee6df03e7073d7cbef746babafa48625cbe6e7a1"}
,"C:\\Users\\utkar\\Desktop\\Assignment\\models\\model_schema\\user.js": {"path":"C:\\Users\\utkar\\Desktop\\Assignment\\models\\model_schema\\user.js","statementMap":{"0":{"start":{"line":1,"column":17},"end":{"line":1,"column":36}},"1":{"start":{"line":6,"column":19},"end":{"line":31,"column":2}},"2":{"start":{"line":33,"column":0},"end":{"line":33,"column":30}},"3":{"start":{"line":34,"column":0},"end":{"line":34,"column":29}},"4":{"start":{"line":35,"column":0},"end":{"line":35,"column":33}},"5":{"start":{"line":36,"column":0},"end":{"line":36,"column":53}}},"fnMap":{},"branchMap":{},"s":{"0":3,"1":3,"2":3,"3":3,"4":3,"5":3},"f":{},"b":{},"_coverageSchema":"1a1c01bbd47fc00a2c39e90264f33305004495a9","hash":"197d88b463a73fb75db1d69a9e9094f5f5261e90"}
,"C:\\Users\\utkar\\Desktop\\Assignment\\response\\response.js": {"path":"C:\\Users\\utkar\\Desktop\\Assignment\\response\\response.js","statementMap":{"0":{"start":{"line":9,"column":2},"end":{"line":19,"column":3}},"1":{"start":{"line":10,"column":4},"end":{"line":13,"column":7}},"2":{"start":{"line":15,"column":4},"end":{"line":18,"column":7}},"3":{"start":{"line":22,"column":0},"end":{"line":22,"column":35}}},"fnMap":{"0":{"name":"response","decl":{"start":{"line":8,"column":9},"end":{"line":8,"column":17}},"loc":{"start":{"line":8,"column":45},"end":{"line":20,"column":1}},"line":8}},"branchMap":{"0":{"loc":{"start":{"line":9,"column":2},"end":{"line":19,"column":3}},"type":"if","locations":[{"start":{"line":9,"column":2},"end":{"line":19,"column":3}},{"start":{"line":9,"column":2},"end":{"line":19,"column":3}}],"line":9}},"s":{"0":35,"1":19,"2":16,"3":3},"f":{"0":35},"b":{"0":[19,16]},"_coverageSchema":"1a1c01bbd47fc00a2c39e90264f33305004495a9","hash":"1a6d848be5ec12126acc45d2b6d8eff076b5fb46"}
,"C:\\Users\\utkar\\Desktop\\Assignment\\routes\\book.js": {"path":"C:\\Users\\utkar\\Desktop\\Assignment\\routes\\book.js","statementMap":{"0":{"start":{"line":2,"column":16},"end":{"line":2,"column":34}},"1":{"start":{"line":3,"column":24},"end":{"line":3,"column":54}},"2":{"start":{"line":4,"column":18},"end":{"line":4,"column":67}},"3":{"start":{"line":5,"column":18},"end":{"line":5,"column":65}},"4":{"start":{"line":8,"column":15},"end":{"line":8,"column":31}},"5":{"start":{"line":15,"column":0},"end":{"line":15,"column":101}},"6":{"start":{"line":22,"column":0},"end":{"line":22,"column":110}},"7":{"start":{"line":29,"column":0},"end":{"line":29,"column":77}},"8":{"start":{"line":36,"column":0},"end":{"line":36,"column":79}},"9":{"start":{"line":43,"column":0},"end":{"line":43,"column":115}},"10":{"start":{"line":50,"column":0},"end":{"line":50,"column":84}},"11":{"start":{"line":57,"column":0},"end":{"line":57,"column":84}},"12":{"start":{"line":64,"column":0},"end":{"line":64,"column":83}},"13":{"start":{"line":66,"column":0},"end":{"line":66,"column":24}}},"fnMap":{},"branchMap":{},"s":{"0":3,"1":3,"2":3,"3":3,"4":3,"5":3,"6":3,"7":3,"8":3,"9":3,"10":3,"11":3,"12":3,"13":3},"f":{},"b":{},"_coverageSchema":"1a1c01bbd47fc00a2c39e90264f33305004495a9","hash":"68f2fff97d1e4bf8a4c4f93c9007c372143e271c"}
,"C:\\Users\\utkar\\Desktop\\Assignment\\routes\\history.js": {"path":"C:\\Users\\utkar\\Desktop\\Assignment\\routes\\history.js","statementMap":{"0":{"start":{"line":2,"column":16},"end":{"line":2,"column":34}},"1":{"start":{"line":3,"column":27},"end":{"line":3,"column":60}},"2":{"start":{"line":4,"column":18},"end":{"line":4,"column":67}},"3":{"start":{"line":5,"column":18},"end":{"line":5,"column":65}},"4":{"start":{"line":8,"column":15},"end":{"line":8,"column":31}},"5":{"start":{"line":15,"column":0},"end":{"line":15,"column":116}},"6":{"start":{"line":22,"column":0},"end":{"line":22,"column":85}},"7":{"start":{"line":29,"column":0},"end":{"line":29,"column":117}},"8":{"start":{"line":36,"column":0},"end":{"line":36,"column":124}},"9":{"start":{"line":43,"column":0},"end":{"line":43,"column":120}},"10":{"start":{"line":45,"column":0},"end":{"line":45,"column":24}}},"fnMap":{},"branchMap":{},"s":{"0":3,"1":3,"2":3,"3":3,"4":3,"5":3,"6":3,"7":3,"8":3,"9":3,"10":3},"f":{},"b":{},"_coverageSchema":"1a1c01bbd47fc00a2c39e90264f33305004495a9","hash":"c8270e428b300a5f0d156ba919d4964d08d4ef81"}
,"C:\\Users\\utkar\\Desktop\\Assignment\\routes\\user.js": {"path":"C:\\Users\\utkar\\Desktop\\Assignment\\routes\\user.js","statementMap":{"0":{"start":{"line":2,"column":16},"end":{"line":2,"column":34}},"1":{"start":{"line":3,"column":24},"end":{"line":3,"column":54}},"2":{"start":{"line":4,"column":18},"end":{"line":4,"column":65}},"3":{"start":{"line":5,"column":18},"end":{"line":5,"column":67}},"4":{"start":{"line":8,"column":15},"end":{"line":8,"column":31}},"5":{"start":{"line":15,"column":0},"end":{"line":15,"column":72}},"6":{"start":{"line":22,"column":0},"end":{"line":22,"column":81}},"7":{"start":{"line":29,"column":0},"end":{"line":29,"column":104}},"8":{"start":{"line":36,"column":0},"end":{"line":36,"column":75}},"9":{"start":{"line":38,"column":0},"end":{"line":38,"column":24}}},"fnMap":{},"branchMap":{},"s":{"0":3,"1":3,"2":3,"3":3,"4":3,"5":3,"6":3,"7":3,"8":3,"9":3},"f":{},"b":{},"_coverageSchema":"1a1c01bbd47fc00a2c39e90264f33305004495a9","hash":"70c73d44598da557f4bd5d650ec7a9a69b08c71d"}
,"C:\\Users\\utkar\\Desktop\\Assignment\\services\\book.js": {"path":"C:\\Users\\utkar\\Desktop\\Assignment\\services\\book.js","statementMap":{"0":{"start":{"line":2,"column":19},"end":{"line":2,"column":62}},"1":{"start":{"line":3,"column":22},"end":{"line":3,"column":68}},"2":{"start":{"line":4,"column":12},"end":{"line":4,"column":35}},"3":{"start":{"line":5,"column":19},"end":{"line":5,"column":40}},"4":{"start":{"line":6,"column":19},"end":{"line":6,"column":50}},"5":{"start":{"line":7,"column":92},"end":{"line":7,"column":119}},"6":{"start":{"line":19,"column":0},"end":{"line":45,"column":2}},"7":{"start":{"line":20,"column":2},"end":{"line":44,"column":3}},"8":{"start":{"line":21,"column":18},"end":{"line":21,"column":57}},"9":{"start":{"line":22,"column":20},"end":{"line":22,"column":62}},"10":{"start":{"line":23,"column":26},"end":{"line":23,"column":47}},"11":{"start":{"line":25,"column":4},"end":{"line":41,"column":5}},"12":{"start":{"line":26,"column":23},"end":{"line":26,"column":31}},"13":{"start":{"line":27,"column":6},"end":{"line":27,"column":34}},"14":{"start":{"line":28,"column":6},"end":{"line":28,"column":91}},"15":{"start":{"line":29,"column":25},"end":{"line":29,"column":76}},"16":{"start":{"line":31,"column":6},"end":{"line":33,"column":7}},"17":{"start":{"line":32,"column":8},"end":{"line":32,"column":59}},"18":{"start":{"line":34,"column":19},"end":{"line":34,"column":61}},"19":{"start":{"line":35,"column":6},"end":{"line":37,"column":7}},"20":{"start":{"line":36,"column":8},"end":{"line":36,"column":61}},"21":{"start":{"line":38,"column":6},"end":{"line":38,"column":60}},"22":{"start":{"line":40,"column":6},"end":{"line":40,"column":68}},"23":{"start":{"line":43,"column":4},"end":{"line":43,"column":49}},"24":{"start":{"line":57,"column":0},"end":{"line":90,"column":2}},"25":{"start":{"line":58,"column":2},"end":{"line":89,"column":3}},"26":{"start":{"line":59,"column":18},"end":{"line":59,"column":57}},"27":{"start":{"line":60,"column":20},"end":{"line":60,"column":62}},"28":{"start":{"line":61,"column":26},"end":{"line":61,"column":47}},"29":{"start":{"line":63,"column":4},"end":{"line":86,"column":5}},"30":{"start":{"line":64,"column":25},"end":{"line":64,"column":77}},"31":{"start":{"line":65,"column":6},"end":{"line":83,"column":7}},"32":{"start":{"line":66,"column":8},"end":{"line":66,"column":52}},"33":{"start":{"line":68,"column":25},"end":{"line":68,"column":27}},"34":{"start":{"line":69,"column":8},"end":{"line":71,"column":9}},"35":{"start":{"line":70,"column":10},"end":{"line":70,"column":44}},"36":{"start":{"line":72,"column":8},"end":{"line":74,"column":9}},"37":{"start":{"line":73,"column":10},"end":{"line":73,"column":42}},"38":{"start":{"line":75,"column":8},"end":{"line":77,"column":9}},"39":{"start":{"line":76,"column":10},"end":{"line":76,"column":50}},"40":{"start":{"line":78,"column":28},"end":{"line":78,"column":84}},"41":{"start":{"line":79,"column":8},"end":{"line":81,"column":9}},"42":{"start":{"line":80,"column":10},"end":{"line":80,"column":64}},"43":{"start":{"line":82,"column":8},"end":{"line":82,"column":71}},"44":{"start":{"line":85,"column":6},"end":{"line":85,"column":67}},"45":{"start":{"line":88,"column":4},"end":{"line":88,"column":49}},"46":{"start":{"line":99,"column":0},"end":{"line":129,"column":2}},"47":{"start":{"line":100,"column":2},"end":{"line":128,"column":3}},"48":{"start":{"line":101,"column":17},"end":{"line":101,"column":31}},"49":{"start":{"line":102,"column":18},"end":{"line":102,"column":33}},"50":{"start":{"line":103,"column":38},"end":{"line":103,"column":93}},"51":{"start":{"line":104,"column":24},"end":{"line":104,"column":26}},"52":{"start":{"line":105,"column":4},"end":{"line":124,"column":5}},"53":{"start":{"line":105,"column":21},"end":{"line":105,"column":22}},"54":{"start":{"line":106,"column":22},"end":{"line":106,"column":58}},"55":{"start":{"line":107,"column":27},"end":{"line":107,"column":66}},"56":{"start":{"line":108,"column":36},"end":{"line":108,"column":86}},"57":{"start":{"line":109,"column":6},"end":{"line":123,"column":7}},"58":{"start":{"line":110,"column":8},"end":{"line":115,"column":11}},"59":{"start":{"line":117,"column":8},"end":{"line":122,"column":11}},"60":{"start":{"line":125,"column":4},"end":{"line":125,"column":69}},"61":{"start":{"line":127,"column":4},"end":{"line":127,"column":49}},"62":{"start":{"line":138,"column":0},"end":{"line":153,"column":2}},"63":{"start":{"line":139,"column":2},"end":{"line":152,"column":3}},"64":{"start":{"line":140,"column":18},"end":{"line":140,"column":33}},"65":{"start":{"line":141,"column":17},"end":{"line":141,"column":39}},"66":{"start":{"line":142,"column":18},"end":{"line":142,"column":41}},"67":{"start":{"line":143,"column":22},"end":{"line":143,"column":73}},"68":{"start":{"line":144,"column":4},"end":{"line":148,"column":5}},"69":{"start":{"line":145,"column":6},"end":{"line":145,"column":74}},"70":{"start":{"line":147,"column":6},"end":{"line":147,"column":64}},"71":{"start":{"line":150,"column":4},"end":{"line":150,"column":21}},"72":{"start":{"line":151,"column":4},"end":{"line":151,"column":49}},"73":{"start":{"line":162,"column":0},"end":{"line":176,"column":2}},"74":{"start":{"line":163,"column":2},"end":{"line":175,"column":3}},"75":{"start":{"line":164,"column":19},"end":{"line":164,"column":35}},"76":{"start":{"line":165,"column":17},"end":{"line":165,"column":31}},"77":{"start":{"line":166,"column":18},"end":{"line":166,"column":33}},"78":{"start":{"line":167,"column":22},"end":{"line":167,"column":75}},"79":{"start":{"line":168,"column":4},"end":{"line":172,"column":5}},"80":{"start":{"line":169,"column":6},"end":{"line":169,"column":75}},"81":{"start":{"line":171,"column":6},"end":{"line":171,"column":65}},"82":{"start":{"line":174,"column":4},"end":{"line":174,"column":49}},"83":{"start":{"line":186,"column":0},"end":{"line":202,"column":2}},"84":{"start":{"line":187,"column":2},"end":{"line":201,"column":3}},"85":{"start":{"line":188,"column":18},"end":{"line":188,"column":57}},"86":{"start":{"line":189,"column":20},"end":{"line":189,"column":62}},"87":{"start":{"line":190,"column":26},"end":{"line":190,"column":47}},"88":{"start":{"line":191,"column":4},"end":{"line":198,"column":5}},"89":{"start":{"line":192,"column":25},"end":{"line":192,"column":38}},"90":{"start":{"line":193,"column":29},"end":{"line":193,"column":67}},"91":{"start":{"line":193,"column":54},"end":{"line":193,"column":66}},"92":{"start":{"line":194,"column":40},"end":{"line":194,"column":84}},"93":{"start":{"line":195,"column":6},"end":{"line":195,"column":77}},"94":{"start":{"line":197,"column":6},"end":{"line":197,"column":67}},"95":{"start":{"line":200,"column":4},"end":{"line":200,"column":49}},"96":{"start":{"line":211,"column":0},"end":{"line":225,"column":2}},"97":{"start":{"line":212,"column":2},"end":{"line":224,"column":3}},"98":{"start":{"line":213,"column":19},"end":{"line":213,"column":35}},"99":{"start":{"line":214,"column":17},"end":{"line":214,"column":39}},"100":{"start":{"line":215,"column":18},"end":{"line":215,"column":41}},"101":{"start":{"line":216,"column":22},"end":{"line":216,"column":81}},"102":{"start":{"line":217,"column":4},"end":{"line":221,"column":5}},"103":{"start":{"line":218,"column":6},"end":{"line":218,"column":92}},"104":{"start":{"line":220,"column":6},"end":{"line":220,"column":90}},"105":{"start":{"line":223,"column":4},"end":{"line":223,"column":49}},"106":{"start":{"line":236,"column":0},"end":{"line":263,"column":2}},"107":{"start":{"line":237,"column":2},"end":{"line":262,"column":3}},"108":{"start":{"line":238,"column":20},"end":{"line":238,"column":37}},"109":{"start":{"line":239,"column":17},"end":{"line":239,"column":60}},"110":{"start":{"line":240,"column":4},"end":{"line":259,"column":5}},"111":{"start":{"line":241,"column":6},"end":{"line":256,"column":7}},"112":{"start":{"line":242,"column":28},"end":{"line":242,"column":78}},"113":{"start":{"line":243,"column":8},"end":{"line":253,"column":9}},"114":{"start":{"line":244,"column":29},"end":{"line":244,"column":79}},"115":{"start":{"line":245,"column":10},"end":{"line":250,"column":11}},"116":{"start":{"line":246,"column":28},"end":{"line":246,"column":75}},"117":{"start":{"line":247,"column":30},"end":{"line":247,"column":60}},"118":{"start":{"line":248,"column":35},"end":{"line":248,"column":112}},"119":{"start":{"line":249,"column":12},"end":{"line":249,"column":104}},"120":{"start":{"line":252,"column":10},"end":{"line":252,"column":91}},"121":{"start":{"line":255,"column":8},"end":{"line":255,"column":70}},"122":{"start":{"line":258,"column":6},"end":{"line":258,"column":50}},"123":{"start":{"line":261,"column":4},"end":{"line":261,"column":49}}},"fnMap":{"0":{"name":"(anonymous_0)","decl":{"start":{"line":19,"column":19},"end":{"line":19,"column":20}},"loc":{"start":{"line":19,"column":39},"end":{"line":45,"column":1}},"line":19},"1":{"name":"(anonymous_1)","decl":{"start":{"line":57,"column":22},"end":{"line":57,"column":23}},"loc":{"start":{"line":57,"column":42},"end":{"line":90,"column":1}},"line":57},"2":{"name":"(anonymous_2)","decl":{"start":{"line":99,"column":24},"end":{"line":99,"column":25}},"loc":{"start":{"line":99,"column":44},"end":{"line":129,"column":1}},"line":99},"3":{"name":"(anonymous_3)","decl":{"start":{"line":138,"column":25},"end":{"line":138,"column":26}},"loc":{"start":{"line":138,"column":45},"end":{"line":153,"column":1}},"line":138},"4":{"name":"(anonymous_4)","decl":{"start":{"line":162,"column":26},"end":{"line":162,"column":27}},"loc":{"start":{"line":162,"column":46},"end":{"line":176,"column":1}},"line":162},"5":{"name":"(anonymous_5)","decl":{"start":{"line":186,"column":23},"end":{"line":186,"column":24}},"loc":{"start":{"line":186,"column":43},"end":{"line":202,"column":1}},"line":186},"6":{"name":"(anonymous_6)","decl":{"start":{"line":193,"column":44},"end":{"line":193,"column":45}},"loc":{"start":{"line":193,"column":54},"end":{"line":193,"column":66}},"line":193},"7":{"name":"(anonymous_7)","decl":{"start":{"line":211,"column":32},"end":{"line":211,"column":33}},"loc":{"start":{"line":211,"column":52},"end":{"line":225,"column":1}},"line":211},"8":{"name":"(anonymous_8)","decl":{"start":{"line":236,"column":32},"end":{"line":236,"column":33}},"loc":{"start":{"line":236,"column":52},"end":{"line":263,"column":1}},"line":236}},"branchMap":{"0":{"loc":{"start":{"line":25,"column":4},"end":{"line":41,"column":5}},"type":"if","locations":[{"start":{"line":25,"column":4},"end":{"line":41,"column":5}},{"start":{"line":25,"column":4},"end":{"line":41,"column":5}}],"line":25},"1":{"loc":{"start":{"line":31,"column":6},"end":{"line":33,"column":7}},"type":"if","locations":[{"start":{"line":31,"column":6},"end":{"line":33,"column":7}},{"start":{"line":31,"column":6},"end":{"line":33,"column":7}}],"line":31},"2":{"loc":{"start":{"line":35,"column":6},"end":{"line":37,"column":7}},"type":"if","locations":[{"start":{"line":35,"column":6},"end":{"line":37,"column":7}},{"start":{"line":35,"column":6},"end":{"line":37,"column":7}}],"line":35},"3":{"loc":{"start":{"line":63,"column":4},"end":{"line":86,"column":5}},"type":"if","locations":[{"start":{"line":63,"column":4},"end":{"line":86,"column":5}},{"start":{"line":63,"column":4},"end":{"line":86,"column":5}}],"line":63},"4":{"loc":{"start":{"line":65,"column":6},"end":{"line":83,"column":7}},"type":"if","locations":[{"start":{"line":65,"column":6},"end":{"line":83,"column":7}},{"start":{"line":65,"column":6},"end":{"line":83,"column":7}}],"line":65},"5":{"loc":{"start":{"line":69,"column":8},"end":{"line":71,"column":9}},"type":"if","locations":[{"start":{"line":69,"column":8},"end":{"line":71,"column":9}},{"start":{"line":69,"column":8},"end":{"line":71,"column":9}}],"line":69},"6":{"loc":{"start":{"line":72,"column":8},"end":{"line":74,"column":9}},"type":"if","locations":[{"start":{"line":72,"column":8},"end":{"line":74,"column":9}},{"start":{"line":72,"column":8},"end":{"line":74,"column":9}}],"line":72},"7":{"loc":{"start":{"line":75,"column":8},"end":{"line":77,"column":9}},"type":"if","locations":[{"start":{"line":75,"column":8},"end":{"line":77,"column":9}},{"start":{"line":75,"column":8},"end":{"line":77,"column":9}}],"line":75},"8":{"loc":{"start":{"line":79,"column":8},"end":{"line":81,"column":9}},"type":"if","locations":[{"start":{"line":79,"column":8},"end":{"line":81,"column":9}},{"start":{"line":79,"column":8},"end":{"line":81,"column":9}}],"line":79},"9":{"loc":{"start":{"line":109,"column":6},"end":{"line":123,"column":7}},"type":"if","locations":[{"start":{"line":109,"column":6},"end":{"line":123,"column":7}},{"start":{"line":109,"column":6},"end":{"line":123,"column":7}}],"line":109},"10":{"loc":{"start":{"line":144,"column":4},"end":{"line":148,"column":5}},"type":"if","locations":[{"start":{"line":144,"column":4},"end":{"line":148,"column":5}},{"start":{"line":144,"column":4},"end":{"line":148,"column":5}}],"line":144},"11":{"loc":{"start":{"line":168,"column":4},"end":{"line":172,"column":5}},"type":"if","locations":[{"start":{"line":168,"column":4},"end":{"line":172,"column":5}},{"start":{"line":168,"column":4},"end":{"line":172,"column":5}}],"line":168},"12":{"loc":{"start":{"line":191,"column":4},"end":{"line":198,"column":5}},"type":"if","locations":[{"start":{"line":191,"column":4},"end":{"line":198,"column":5}},{"start":{"line":191,"column":4},"end":{"line":198,"column":5}}],"line":191},"13":{"loc":{"start":{"line":217,"column":4},"end":{"line":221,"column":5}},"type":"if","locations":[{"start":{"line":217,"column":4},"end":{"line":221,"column":5}},{"start":{"line":217,"column":4},"end":{"line":221,"column":5}}],"line":217},"14":{"loc":{"start":{"line":240,"column":4},"end":{"line":259,"column":5}},"type":"if","locations":[{"start":{"line":240,"column":4},"end":{"line":259,"column":5}},{"start":{"line":240,"column":4},"end":{"line":259,"column":5}}],"line":240},"15":{"loc":{"start":{"line":241,"column":6},"end":{"line":256,"column":7}},"type":"if","locations":[{"start":{"line":241,"column":6},"end":{"line":256,"column":7}},{"start":{"line":241,"column":6},"end":{"line":256,"column":7}}],"line":241},"16":{"loc":{"start":{"line":243,"column":8},"end":{"line":253,"column":9}},"type":"if","locations":[{"start":{"line":243,"column":8},"end":{"line":253,"column":9}},{"start":{"line":243,"column":8},"end":{"line":253,"column":9}}],"line":243},"17":{"loc":{"start":{"line":245,"column":10},"end":{"line":250,"column":11}},"type":"if","locations":[{"start":{"line":245,"column":10},"end":{"line":250,"column":11}},{"start":{"line":245,"column":10},"end":{"line":250,"column":11}}],"line":245}},"s":{"0":3,"1":3,"2":3,"3":3,"4":3,"5":3,"6":3,"7":1,"8":1,"9":1,"10":1,"11":1,"12":1,"13":1,"14":1,"15":1,"16":1,"17":1,"18":0,"19":0,"20":0,"21":0,"22":0,"23":1,"24":3,"25":0,"26":0,"27":0,"28":0,"29":0,"30":0,"31":0,"32":0,"33":0,"34":0,"35":0,"36":0,"37":0,"38":0,"39":0,"40":0,"41":0,"42":0,"43":0,"44":0,"45":0,"46":3,"47":1,"48":1,"49":1,"50":1,"51":1,"52":1,"53":1,"54":6,"55":6,"56":6,"57":6,"58":1,"59":5,"60":1,"61":0,"62":3,"63":2,"64":2,"65":2,"66":2,"67":2,"68":2,"69":2,"70":0,"71":0,"72":0,"73":3,"74":3,"75":3,"76":3,"77":3,"78":3,"79":3,"80":2,"81":1,"82":0,"83":3,"84":0,"85":0,"86":0,"87":0,"88":0,"89":0,"90":0,"91":0,"92":0,"93":0,"94":0,"95":0,"96":3,"97":1,"98":1,"99":1,"100":1,"101":1,"102":1,"103":1,"104":0,"105":0,"106":3,"107":2,"108":2,"109":2,"110":1,"111":1,"112":1,"113":1,"114":0,"115":0,"116":0,"117":0,"118":0,"119":0,"120":1,"121":0,"122":0,"123":1},"f":{"0":1,"1":0,"2":1,"3":2,"4":3,"5":0,"6":0,"7":1,"8":2},"b":{"0":[1,0],"1":[1,0],"2":[0,0],"3":[0,0],"4":[0,0],"5":[0,0],"6":[0,0],"7":[0,0],"8":[0,0],"9":[1,5],"10":[2,0],"11":[2,1],"12":[0,0],"13":[1,0],"14":[1,0],"15":[1,0],"16":[0,1],"17":[0,0]},"_coverageSchema":"1a1c01bbd47fc00a2c39e90264f33305004495a9","hash":"d7a000a2a14a21ca2f200706a04f6a93d6a0db61"}
,"C:\\Users\\utkar\\Desktop\\Assignment\\services\\history.js": {"path":"C:\\Users\\utkar\\Desktop\\Assignment\\services\\history.js","statementMap":{"0":{"start":{"line":2,"column":22},"end":{"line":2,"column":68}},"1":{"start":{"line":3,"column":19},"end":{"line":3,"column":62}},"2":{"start":{"line":4,"column":19},"end":{"line":4,"column":62}},"3":{"start":{"line":5,"column":19},"end":{"line":5,"column":40}},"4":{"start":{"line":6,"column":12},"end":{"line":6,"column":35}},"5":{"start":{"line":7,"column":19},"end":{"line":7,"column":50}},"6":{"start":{"line":8,"column":69},"end":{"line":8,"column":96}},"7":{"start":{"line":18,"column":0},"end":{"line":63,"column":2}},"8":{"start":{"line":19,"column":2},"end":{"line":62,"column":3}},"9":{"start":{"line":20,"column":23},"end":{"line":20,"column":36}},"10":{"start":{"line":21,"column":18},"end":{"line":21,"column":57}},"11":{"start":{"line":22,"column":20},"end":{"line":22,"column":62}},"12":{"start":{"line":23,"column":23},"end":{"line":23,"column":41}},"13":{"start":{"line":24,"column":17},"end":{"line":24,"column":55}},"14":{"start":{"line":25,"column":15},"end":{"line":25,"column":23}},"15":{"start":{"line":26,"column":31},"end":{"line":26,"column":73}},"16":{"start":{"line":28,"column":4},"end":{"line":59,"column":5}},"17":{"start":{"line":29,"column":6},"end":{"line":29,"column":77}},"18":{"start":{"line":31,"column":29},"end":{"line":31,"column":67}},"19":{"start":{"line":31,"column":54},"end":{"line":31,"column":66}},"20":{"start":{"line":32,"column":33},"end":{"line":32,"column":86}},"21":{"start":{"line":33,"column":42},"end":{"line":33,"column":44}},"22":{"start":{"line":34,"column":6},"end":{"line":39,"column":7}},"23":{"start":{"line":34,"column":19},"end":{"line":34,"column":20}},"24":{"start":{"line":35,"column":23},"end":{"line":35,"column":98}},"25":{"start":{"line":36,"column":8},"end":{"line":38,"column":9}},"26":{"start":{"line":37,"column":10},"end":{"line":37,"column":66}},"27":{"start":{"line":41,"column":31},"end":{"line":41,"column":33}},"28":{"start":{"line":42,"column":6},"end":{"line":44,"column":7}},"29":{"start":{"line":43,"column":8},"end":{"line":43,"column":97}},"30":{"start":{"line":45,"column":6},"end":{"line":56,"column":7}},"31":{"start":{"line":45,"column":19},"end":{"line":45,"column":20}},"32":{"start":{"line":46,"column":8},"end":{"line":55,"column":10}},"33":{"start":{"line":57,"column":25},"end":{"line":57,"column":73}},"34":{"start":{"line":58,"column":6},"end":{"line":58,"column":68}},"35":{"start":{"line":61,"column":4},"end":{"line":61,"column":49}},"36":{"start":{"line":73,"column":0},"end":{"line":91,"column":2}},"37":{"start":{"line":74,"column":2},"end":{"line":90,"column":3}},"38":{"start":{"line":75,"column":23},"end":{"line":75,"column":36}},"39":{"start":{"line":76,"column":18},"end":{"line":76,"column":57}},"40":{"start":{"line":77,"column":20},"end":{"line":77,"column":62}},"41":{"start":{"line":78,"column":23},"end":{"line":78,"column":41}},"42":{"start":{"line":79,"column":17},"end":{"line":79,"column":55}},"43":{"start":{"line":80,"column":15},"end":{"line":80,"column":23}},"44":{"start":{"line":81,"column":4},"end":{"line":87,"column":5}},"45":{"start":{"line":82,"column":6},"end":{"line":82,"column":50}},"46":{"start":{"line":84,"column":29},"end":{"line":84,"column":67}},"47":{"start":{"line":84,"column":54},"end":{"line":84,"column":66}},"48":{"start":{"line":85,"column":27},"end":{"line":85,"column":79}},"49":{"start":{"line":86,"column":6},"end":{"line":86,"column":65}},"50":{"start":{"line":89,"column":4},"end":{"line":89,"column":49}},"51":{"start":{"line":102,"column":0},"end":{"line":130,"column":2}},"52":{"start":{"line":103,"column":2},"end":{"line":129,"column":3}},"53":{"start":{"line":104,"column":18},"end":{"line":104,"column":32}},"54":{"start":{"line":105,"column":18},"end":{"line":105,"column":57}},"55":{"start":{"line":106,"column":20},"end":{"line":106,"column":62}},"56":{"start":{"line":107,"column":23},"end":{"line":107,"column":41}},"57":{"start":{"line":108,"column":21},"end":{"line":108,"column":42}},"58":{"start":{"line":109,"column":4},"end":{"line":125,"column":5}},"59":{"start":{"line":110,"column":19},"end":{"line":110,"column":52}},"60":{"start":{"line":111,"column":6},"end":{"line":113,"column":7}},"61":{"start":{"line":112,"column":8},"end":{"line":112,"column":52}},"62":{"start":{"line":114,"column":20},"end":{"line":114,"column":30}},"63":{"start":{"line":115,"column":24},"end":{"line":115,"column":58}},"64":{"start":{"line":116,"column":21},"end":{"line":116,"column":74}},"65":{"start":{"line":117,"column":6},"end":{"line":119,"column":7}},"66":{"start":{"line":118,"column":8},"end":{"line":118,"column":79}},"67":{"start":{"line":120,"column":25},"end":{"line":120,"column":40}},"68":{"start":{"line":122,"column":6},"end":{"line":122,"column":86}},"69":{"start":{"line":124,"column":6},"end":{"line":124,"column":67}},"70":{"start":{"line":128,"column":4},"end":{"line":128,"column":49}},"71":{"start":{"line":139,"column":0},"end":{"line":146,"column":2}},"72":{"start":{"line":140,"column":2},"end":{"line":145,"column":3}},"73":{"start":{"line":141,"column":25},"end":{"line":141,"column":68}},"74":{"start":{"line":142,"column":4},"end":{"line":142,"column":81}},"75":{"start":{"line":144,"column":4},"end":{"line":144,"column":49}},"76":{"start":{"line":157,"column":0},"end":{"line":182,"column":2}},"77":{"start":{"line":158,"column":2},"end":{"line":181,"column":3}},"78":{"start":{"line":159,"column":18},"end":{"line":159,"column":57}},"79":{"start":{"line":160,"column":20},"end":{"line":160,"column":62}},"80":{"start":{"line":161,"column":23},"end":{"line":161,"column":41}},"81":{"start":{"line":162,"column":26},"end":{"line":162,"column":47}},"82":{"start":{"line":163,"column":18},"end":{"line":163,"column":32}},"83":{"start":{"line":164,"column":4},"end":{"line":178,"column":5}},"84":{"start":{"line":165,"column":19},"end":{"line":165,"column":57}},"85":{"start":{"line":166,"column":6},"end":{"line":168,"column":7}},"86":{"start":{"line":167,"column":8},"end":{"line":167,"column":52}},"87":{"start":{"line":169,"column":17},"end":{"line":169,"column":25}},"88":{"start":{"line":170,"column":35},"end":{"line":170,"column":79}},"89":{"start":{"line":171,"column":6},"end":{"line":175,"column":7}},"90":{"start":{"line":172,"column":8},"end":{"line":172,"column":85}},"91":{"start":{"line":174,"column":8},"end":{"line":174,"column":72}},"92":{"start":{"line":177,"column":6},"end":{"line":177,"column":67}},"93":{"start":{"line":180,"column":4},"end":{"line":180,"column":49}}},"fnMap":{"0":{"name":"(anonymous_0)","decl":{"start":{"line":18,"column":21},"end":{"line":18,"column":22}},"loc":{"start":{"line":18,"column":41},"end":{"line":63,"column":1}},"line":18},"1":{"name":"(anonymous_1)","decl":{"start":{"line":31,"column":44},"end":{"line":31,"column":45}},"loc":{"start":{"line":31,"column":54},"end":{"line":31,"column":66}},"line":31},"2":{"name":"(anonymous_2)","decl":{"start":{"line":73,"column":23},"end":{"line":73,"column":24}},"loc":{"start":{"line":73,"column":43},"end":{"line":91,"column":1}},"line":73},"3":{"name":"(anonymous_3)","decl":{"start":{"line":84,"column":44},"end":{"line":84,"column":45}},"loc":{"start":{"line":84,"column":54},"end":{"line":84,"column":66}},"line":84},"4":{"name":"(anonymous_4)","decl":{"start":{"line":102,"column":23},"end":{"line":102,"column":24}},"loc":{"start":{"line":102,"column":43},"end":{"line":130,"column":1}},"line":102},"5":{"name":"(anonymous_5)","decl":{"start":{"line":139,"column":23},"end":{"line":139,"column":24}},"loc":{"start":{"line":139,"column":43},"end":{"line":146,"column":1}},"line":139},"6":{"name":"(anonymous_6)","decl":{"start":{"line":157,"column":31},"end":{"line":157,"column":32}},"loc":{"start":{"line":157,"column":51},"end":{"line":182,"column":1}},"line":157}},"branchMap":{"0":{"loc":{"start":{"line":28,"column":4},"end":{"line":59,"column":5}},"type":"if","locations":[{"start":{"line":28,"column":4},"end":{"line":59,"column":5}},{"start":{"line":28,"column":4},"end":{"line":59,"column":5}}],"line":28},"1":{"loc":{"start":{"line":36,"column":8},"end":{"line":38,"column":9}},"type":"if","locations":[{"start":{"line":36,"column":8},"end":{"line":38,"column":9}},{"start":{"line":36,"column":8},"end":{"line":38,"column":9}}],"line":36},"2":{"loc":{"start":{"line":42,"column":6},"end":{"line":44,"column":7}},"type":"if","locations":[{"start":{"line":42,"column":6},"end":{"line":44,"column":7}},{"start":{"line":42,"column":6},"end":{"line":44,"column":7}}],"line":42},"3":{"loc":{"start":{"line":45,"column":22},"end":{"line":45,"column":89}},"type":"binary-expr","locations":[{"start":{"line":45,"column":22},"end":{"line":45,"column":48}},{"start":{"line":45,"column":52},"end":{"line":45,"column":89}}],"line":45},"4":{"loc":{"start":{"line":81,"column":4},"end":{"line":87,"column":5}},"type":"if","locations":[{"start":{"line":81,"column":4},"end":{"line":87,"column":5}},{"start":{"line":81,"column":4},"end":{"line":87,"column":5}}],"line":81},"5":{"loc":{"start":{"line":109,"column":4},"end":{"line":125,"column":5}},"type":"if","locations":[{"start":{"line":109,"column":4},"end":{"line":125,"column":5}},{"start":{"line":109,"column":4},"end":{"line":125,"column":5}}],"line":109},"6":{"loc":{"start":{"line":109,"column":8},"end":{"line":109,"column":44}},"type":"binary-expr","locations":[{"start":{"line":109,"column":9},"end":{"line":109,"column":17}},{"start":{"line":109,"column":23},"end":{"line":109,"column":43}}],"line":109},"7":{"loc":{"start":{"line":111,"column":6},"end":{"line":113,"column":7}},"type":"if","locations":[{"start":{"line":111,"column":6},"end":{"line":113,"column":7}},{"start":{"line":111,"column":6},"end":{"line":113,"column":7}}],"line":111},"8":{"loc":{"start":{"line":117,"column":6},"end":{"line":119,"column":7}},"type":"if","locations":[{"start":{"line":117,"column":6},"end":{"line":119,"column":7}},{"start":{"line":117,"column":6},"end":{"line":119,"column":7}}],"line":117},"9":{"loc":{"start":{"line":164,"column":4},"end":{"line":178,"column":5}},"type":"if","locations":[{"start":{"line":164,"column":4},"end":{"line":178,"column":5}},{"start":{"line":164,"column":4},"end":{"line":178,"column":5}}],"line":164},"10":{"loc":{"start":{"line":164,"column":8},"end":{"line":164,"column":49}},"type":"binary-expr","locations":[{"start":{"line":164,"column":9},"end":{"line":164,"column":22}},{"start":{"line":164,"column":28},"end":{"line":164,"column":48}}],"line":164},"11":{"loc":{"start":{"line":166,"column":6},"end":{"line":168,"column":7}},"type":"if","locations":[{"start":{"line":166,"column":6},"end":{"line":168,"column":7}},{"start":{"line":166,"column":6},"end":{"line":168,"column":7}}],"line":166},"12":{"loc":{"start":{"line":171,"column":6},"end":{"line":175,"column":7}},"type":"if","locations":[{"start":{"line":171,"column":6},"end":{"line":175,"column":7}},{"start":{"line":171,"column":6},"end":{"line":175,"column":7}}],"line":171}},"s":{"0":3,"1":3,"2":3,"3":3,"4":3,"5":3,"6":3,"7":3,"8":0,"9":0,"10":0,"11":0,"12":0,"13":0,"14":0,"15":0,"16":0,"17":0,"18":0,"19":0,"20":0,"21":0,"22":0,"23":0,"24":0,"25":0,"26":0,"27":0,"28":0,"29":0,"30":0,"31":0,"32":0,"33":0,"34":0,"35":0,"36":3,"37":0,"38":0,"39":0,"40":0,"41":0,"42":0,"43":0,"44":0,"45":0,"46":0,"47":0,"48":0,"49":0,"50":0,"51":3,"52":3,"53":3,"54":3,"55":3,"56":3,"57":3,"58":3,"59":2,"60":2,"61":1,"62":1,"63":1,"64":1,"65":1,"66":0,"67":1,"68":1,"69":1,"70":2,"71":3,"72":1,"73":1,"74":1,"75":0,"76":3,"77":1,"78":1,"79":1,"80":1,"81":1,"82":1,"83":1,"84":1,"85":1,"86":0,"87":1,"88":1,"89":1,"90":0,"91":1,"92":0,"93":0},"f":{"0":0,"1":0,"2":0,"3":0,"4":3,"5":1,"6":1},"b":{"0":[0,0],"1":[0,0],"2":[0,0],"3":[0,0],"4":[0,0],"5":[2,1],"6":[3,1],"7":[1,1],"8":[0,1],"9":[1,0],"10":[1,0],"11":[0,1],"12":[0,1]},"_coverageSchema":"1a1c01bbd47fc00a2c39e90264f33305004495a9","hash":"c02301bf0979e4533ba4adb5ae3a3d0e1db8671c"}
,"C:\\Users\\utkar\\Desktop\\Assignment\\services\\user.js": {"path":"C:\\Users\\utkar\\Desktop\\Assignment\\services\\user.js","statementMap":{"0":{"start":{"line":2,"column":19},"end":{"line":2,"column":62}},"1":{"start":{"line":3,"column":19},"end":{"line":3,"column":40}},"2":{"start":{"line":5,"column":12},"end":{"line":5,"column":35}},"3":{"start":{"line":6,"column":15},"end":{"line":6,"column":32}},"4":{"start":{"line":7,"column":19},"end":{"line":7,"column":50}},"5":{"start":{"line":8,"column":85},"end":{"line":8,"column":112}},"6":{"start":{"line":19,"column":0},"end":{"line":40,"column":2}},"7":{"start":{"line":20,"column":2},"end":{"line":39,"column":3}},"8":{"start":{"line":21,"column":17},"end":{"line":21,"column":59}},"9":{"start":{"line":22,"column":4},"end":{"line":24,"column":5}},"10":{"start":{"line":23,"column":6},"end":{"line":23,"column":50}},"11":{"start":{"line":26,"column":30},"end":{"line":26,"column":85}},"12":{"start":{"line":28,"column":4},"end":{"line":36,"column":5}},"13":{"start":{"line":29,"column":20},"end":{"line":32,"column":53}},"14":{"start":{"line":33,"column":6},"end":{"line":33,"column":53}},"15":{"start":{"line":35,"column":6},"end":{"line":35,"column":54}},"16":{"start":{"line":38,"column":4},"end":{"line":38,"column":49}},"17":{"start":{"line":51,"column":0},"end":{"line":84,"column":2}},"18":{"start":{"line":52,"column":2},"end":{"line":83,"column":3}},"19":{"start":{"line":53,"column":17},"end":{"line":53,"column":59}},"20":{"start":{"line":54,"column":4},"end":{"line":56,"column":5}},"21":{"start":{"line":55,"column":6},"end":{"line":55,"column":57}},"22":{"start":{"line":58,"column":4},"end":{"line":80,"column":7}},"23":{"start":{"line":59,"column":6},"end":{"line":79,"column":7}},"24":{"start":{"line":60,"column":8},"end":{"line":60,"column":71}},"25":{"start":{"line":62,"column":25},"end":{"line":62,"column":33}},"26":{"start":{"line":63,"column":8},"end":{"line":63,"column":42}},"27":{"start":{"line":64,"column":8},"end":{"line":64,"column":34}},"28":{"start":{"line":65,"column":8},"end":{"line":65,"column":34}},"29":{"start":{"line":66,"column":8},"end":{"line":66,"column":82}},"30":{"start":{"line":67,"column":27},"end":{"line":67,"column":67}},"31":{"start":{"line":69,"column":22},"end":{"line":72,"column":54}},"32":{"start":{"line":74,"column":8},"end":{"line":78,"column":9}},"33":{"start":{"line":75,"column":10},"end":{"line":75,"column":75}},"34":{"start":{"line":77,"column":10},"end":{"line":77,"column":64}},"35":{"start":{"line":82,"column":4},"end":{"line":82,"column":49}},"36":{"start":{"line":95,"column":0},"end":{"line":114,"column":2}},"37":{"start":{"line":96,"column":2},"end":{"line":113,"column":3}},"38":{"start":{"line":97,"column":18},"end":{"line":97,"column":57}},"39":{"start":{"line":98,"column":20},"end":{"line":98,"column":62}},"40":{"start":{"line":99,"column":26},"end":{"line":99,"column":47}},"41":{"start":{"line":101,"column":4},"end":{"line":110,"column":5}},"42":{"start":{"line":102,"column":20},"end":{"line":102,"column":68}},"43":{"start":{"line":103,"column":6},"end":{"line":107,"column":7}},"44":{"start":{"line":104,"column":8},"end":{"line":104,"column":65}},"45":{"start":{"line":106,"column":8},"end":{"line":106,"column":52}},"46":{"start":{"line":109,"column":6},"end":{"line":109,"column":67}},"47":{"start":{"line":112,"column":4},"end":{"line":112,"column":49}},"48":{"start":{"line":123,"column":0},"end":{"line":136,"column":2}},"49":{"start":{"line":124,"column":2},"end":{"line":135,"column":3}},"50":{"start":{"line":125,"column":17},"end":{"line":125,"column":39}},"51":{"start":{"line":126,"column":18},"end":{"line":126,"column":41}},"52":{"start":{"line":127,"column":18},"end":{"line":127,"column":62}},"53":{"start":{"line":128,"column":4},"end":{"line":132,"column":5}},"54":{"start":{"line":129,"column":6},"end":{"line":129,"column":60}},"55":{"start":{"line":131,"column":6},"end":{"line":131,"column":59}},"56":{"start":{"line":134,"column":4},"end":{"line":134,"column":49}}},"fnMap":{"0":{"name":"(anonymous_0)","decl":{"start":{"line":19,"column":16},"end":{"line":19,"column":17}},"loc":{"start":{"line":19,"column":36},"end":{"line":40,"column":1}},"line":19},"1":{"name":"(anonymous_1)","decl":{"start":{"line":51,"column":19},"end":{"line":51,"column":20}},"loc":{"start":{"line":51,"column":39},"end":{"line":84,"column":1}},"line":51},"2":{"name":"(anonymous_2)","decl":{"start":{"line":58,"column":39},"end":{"line":58,"column":40}},"loc":{"start":{"line":58,"column":69},"end":{"line":80,"column":5}},"line":58},"3":{"name":"(anonymous_3)","decl":{"start":{"line":95,"column":20},"end":{"line":95,"column":21}},"loc":{"start":{"line":95,"column":40},"end":{"line":114,"column":1}},"line":95},"4":{"name":"(anonymous_4)","decl":{"start":{"line":123,"column":24},"end":{"line":123,"column":25}},"loc":{"start":{"line":123,"column":44},"end":{"line":136,"column":1}},"line":123}},"branchMap":{"0":{"loc":{"start":{"line":22,"column":4},"end":{"line":24,"column":5}},"type":"if","locations":[{"start":{"line":22,"column":4},"end":{"line":24,"column":5}},{"start":{"line":22,"column":4},"end":{"line":24,"column":5}}],"line":22},"1":{"loc":{"start":{"line":28,"column":4},"end":{"line":36,"column":5}},"type":"if","locations":[{"start":{"line":28,"column":4},"end":{"line":36,"column":5}},{"start":{"line":28,"column":4},"end":{"line":36,"column":5}}],"line":28},"2":{"loc":{"start":{"line":54,"column":4},"end":{"line":56,"column":5}},"type":"if","locations":[{"start":{"line":54,"column":4},"end":{"line":56,"column":5}},{"start":{"line":54,"column":4},"end":{"line":56,"column":5}}],"line":54},"3":{"loc":{"start":{"line":59,"column":6},"end":{"line":79,"column":7}},"type":"if","locations":[{"start":{"line":59,"column":6},"end":{"line":79,"column":7}},{"start":{"line":59,"column":6},"end":{"line":79,"column":7}}],"line":59},"4":{"loc":{"start":{"line":74,"column":8},"end":{"line":78,"column":9}},"type":"if","locations":[{"start":{"line":74,"column":8},"end":{"line":78,"column":9}},{"start":{"line":74,"column":8},"end":{"line":78,"column":9}}],"line":74},"5":{"loc":{"start":{"line":101,"column":4},"end":{"line":110,"column":5}},"type":"if","locations":[{"start":{"line":101,"column":4},"end":{"line":110,"column":5}},{"start":{"line":101,"column":4},"end":{"line":110,"column":5}}],"line":101},"6":{"loc":{"start":{"line":103,"column":6},"end":{"line":107,"column":7}},"type":"if","locations":[{"start":{"line":103,"column":6},"end":{"line":107,"column":7}},{"start":{"line":103,"column":6},"end":{"line":107,"column":7}}],"line":103},"7":{"loc":{"start":{"line":128,"column":4},"end":{"line":132,"column":5}},"type":"if","locations":[{"start":{"line":128,"column":4},"end":{"line":132,"column":5}},{"start":{"line":128,"column":4},"end":{"line":132,"column":5}}],"line":128}},"s":{"0":3,"1":3,"2":3,"3":3,"4":3,"5":3,"6":3,"7":6,"8":6,"9":6,"10":1,"11":5,"12":5,"13":4,"14":4,"15":1,"16":2,"17":3,"18":1,"19":1,"20":1,"21":1,"22":0,"23":0,"24":0,"25":0,"26":0,"27":0,"28":0,"29":0,"30":0,"31":0,"32":0,"33":0,"34":0,"35":1,"36":3,"37":0,"38":0,"39":0,"40":0,"41":0,"42":0,"43":0,"44":0,"45":0,"46":0,"47":0,"48":3,"49":1,"50":1,"51":1,"52":1,"53":1,"54":1,"55":0,"56":0},"f":{"0":6,"1":1,"2":0,"3":0,"4":1},"b":{"0":[1,5],"1":[4,1],"2":[1,0],"3":[0,0],"4":[0,0],"5":[0,0],"6":[0,0],"7":[1,0]},"_coverageSchema":"1a1c01bbd47fc00a2c39e90264f33305004495a9","hash":"ab6c62384e238023fba8a488160e137ef1dd8892"}
}
