TN:
SF:app.js
FN:31,(anonymous_0)
FNF:1
FNH:0
FNDA:0,(anonymous_0)
DA:1,3
DA:2,3
DA:3,3
DA:4,3
DA:5,3
DA:6,3
DA:7,3
DA:9,3
DA:11,3
DA:14,3
DA:19,3
DA:23,3
DA:27,3
DA:31,3
DA:32,0
DA:36,3
LF:16
LH:15
BRF:0
BRH:0
end_of_record
TN:
SF:controllers\book.js
FN:3,(anonymous_0)
FN:7,(anonymous_1)
FN:11,(anonymous_2)
FN:15,(anonymous_3)
FN:19,(anonymous_4)
FN:23,(anonymous_5)
FN:27,(anonymous_6)
FN:31,(anonymous_7)
FNF:8
FNH:6
FNDA:2,(anonymous_0)
FNDA:0,(anonymous_1)
FNDA:1,(anonymous_2)
FNDA:2,(anonymous_3)
FNDA:3,(anonymous_4)
FNDA:0,(anonymous_5)
FNDA:1,(anonymous_6)
FNDA:2,(anonymous_7)
DA:1,3
DA:3,3
DA:4,2
DA:7,3
DA:8,0
DA:11,3
DA:12,1
DA:15,3
DA:16,2
DA:19,3
DA:20,3
DA:23,3
DA:24,0
DA:27,3
DA:28,1
DA:31,3
DA:32,2
LF:17
LH:15
BRF:0
BRH:0
end_of_record
TN:
SF:controllers\history.js
FN:3,(anonymous_0)
FN:7,(anonymous_1)
FN:11,(anonymous_2)
FN:15,(anonymous_3)
FN:19,(anonymous_4)
FNF:5
FNH:4
FNDA:1,(anonymous_0)
FNDA:3,(anonymous_1)
FNDA:1,(anonymous_2)
FNDA:3,(anonymous_3)
FNDA:0,(anonymous_4)
DA:1,3
DA:3,3
DA:4,1
DA:7,3
DA:8,3
DA:11,3
DA:12,1
DA:15,3
DA:16,3
DA:19,3
DA:20,0
LF:11
LH:10
BRF:0
BRH:0
end_of_record
TN:
SF:controllers\user.js
FN:3,(anonymous_0)
FN:7,(anonymous_1)
FN:11,(anonymous_2)
FN:15,(anonymous_3)
FNF:4
FNH:3
FNDA:15,(anonymous_0)
FNDA:1,(anonymous_1)
FNDA:0,(anonymous_2)
FNDA:1,(anonymous_3)
DA:1,3
DA:3,3
DA:4,15
DA:7,3
DA:8,1
DA:11,3
DA:12,0
DA:15,3
DA:16,1
LF:9
LH:8
BRF:0
BRH:0
end_of_record
TN:
SF:errors\errors.js
FN:11,(anonymous_0)
FN:27,(anonymous_1)
FN:43,(anonymous_2)
FN:59,(anonymous_3)
FN:75,(anonymous_4)
FN:90,(anonymous_5)
FN:105,(anonymous_6)
FNF:7
FNH:6
FNDA:7,(anonymous_0)
FNDA:5,(anonymous_1)
FNDA:2,(anonymous_2)
FNDA:3,(anonymous_3)
FNDA:1,(anonymous_4)
FNDA:0,(anonymous_5)
FNDA:7,(anonymous_6)
DA:12,7
DA:13,7
DA:14,7
DA:15,7
DA:28,5
DA:29,5
DA:30,5
DA:31,5
DA:44,2
DA:45,2
DA:46,2
DA:47,2
DA:60,3
DA:61,3
DA:62,3
DA:63,3
DA:76,1
DA:77,1
DA:78,1
DA:91,0
DA:92,0
DA:93,0
DA:106,7
DA:107,7
DA:108,7
DA:109,7
DA:114,3
LF:27
LH:24
BRF:0
BRH:0
end_of_record
TN:
SF:middlewares\authorization\authorize.js
FN:13,authorization
FNF:1
FNH:1
FNDA:36,authorization
DA:1,3
DA:2,3
DA:3,3
DA:14,36
DA:15,36
DA:16,7
DA:18,29
DA:19,29
DA:20,23
DA:21,23
DA:23,0
DA:26,13
DA:27,6
DA:29,7
DA:30,0
DA:32,7
DA:36,3
LF:17
LH:15
BRDA:15,0,0,7
BRDA:15,0,1,29
BRDA:15,1,0,36
BRDA:15,1,1,36
BRDA:20,2,0,23
BRDA:20,2,1,0
BRDA:26,3,0,6
BRDA:26,3,1,7
BRDA:29,4,0,0
BRDA:29,4,1,7
BRF:10
BRH:8
end_of_record
TN:
SF:middlewares\validations\validate_schema.js
FNF:0
FNH:0
DA:2,3
DA:5,3
DA:12,3
DA:21,3
DA:27,3
DA:40,3
DA:50,3
DA:56,3
LF:8
LH:8
BRF:0
BRH:0
end_of_record
TN:
SF:middlewares\validations\validator.js
FN:12,(anonymous_0)
FN:29,(anonymous_1)
FN:46,(anonymous_2)
FN:63,(anonymous_3)
FN:80,(anonymous_4)
FN:97,(anonymous_5)
FNF:6
FNH:5
FNDA:15,(anonymous_0)
FNDA:2,(anonymous_1)
FNDA:7,(anonymous_2)
FNDA:3,(anonymous_3)
FNDA:0,(anonymous_4)
FNDA:2,(anonymous_5)
DA:1,3
DA:2,3
DA:12,3
DA:13,15
DA:14,15
DA:15,0
DA:17,15
DA:29,3
DA:30,2
DA:31,2
DA:32,1
DA:34,1
DA:46,3
DA:47,7
DA:48,7
DA:49,1
DA:51,6
DA:63,3
DA:64,3
DA:65,3
DA:66,1
DA:68,2
DA:80,3
DA:81,0
DA:82,0
DA:83,0
DA:85,0
DA:97,3
DA:98,2
DA:99,2
DA:100,1
DA:102,1
LF:32
LH:27
BRDA:14,0,0,0
BRDA:14,0,1,15
BRDA:31,1,0,1
BRDA:31,1,1,1
BRDA:48,2,0,1
BRDA:48,2,1,6
BRDA:65,3,0,1
BRDA:65,3,1,2
BRDA:82,4,0,0
BRDA:82,4,1,0
BRDA:99,5,0,1
BRDA:99,5,1,1
BRF:12
BRH:9
end_of_record
TN:
SF:models\testdatabaseconnect.js
FNF:0
FNH:0
DA:1,3
DA:7,3
DA:8,3
DA:10,0
DA:13,3
DA:15,3
LF:6
LH:5
BRF:0
BRH:0
end_of_record
TN:
SF:models\model_query\book_query.js
FN:12,(anonymous_0)
FN:28,(anonymous_1)
FN:44,(anonymous_2)
FN:60,(anonymous_3)
FN:77,(anonymous_4)
FN:93,(anonymous_5)
FN:117,(anonymous_6)
FN:134,(anonymous_7)
FN:152,(anonymous_8)
FN:170,(anonymous_9)
FN:187,(anonymous_10)
FNF:11
FNH:7
FNDA:1,(anonymous_0)
FNDA:2,(anonymous_1)
FNDA:0,(anonymous_2)
FNDA:0,(anonymous_3)
FNDA:0,(anonymous_4)
FNDA:0,(anonymous_5)
FNDA:2,(anonymous_6)
FNDA:1,(anonymous_7)
FNDA:3,(anonymous_8)
FNDA:1,(anonymous_9)
FNDA:1,(anonymous_10)
DA:2,3
DA:3,3
DA:12,3
DA:13,1
DA:14,1
DA:15,1
DA:17,0
DA:28,3
DA:29,2
DA:30,2
DA:31,1
DA:33,1
DA:44,3
DA:45,0
DA:46,0
DA:47,0
DA:49,0
DA:60,3
DA:61,0
DA:62,0
DA:63,0
DA:65,0
DA:77,3
DA:78,0
DA:80,0
DA:81,0
DA:83,0
DA:93,3
DA:94,0
DA:95,0
DA:102,0
DA:104,0
DA:117,3
DA:118,2
DA:119,2
DA:120,2
DA:122,0
DA:134,3
DA:135,1
DA:136,1
DA:137,1
DA:139,0
DA:152,3
DA:153,3
DA:154,3
DA:155,3
DA:157,0
DA:170,3
DA:171,1
DA:172,1
DA:173,1
DA:175,0
DA:187,3
DA:188,1
DA:189,1
DA:191,1
DA:193,0
LF:57
LH:35
BRF:0
BRH:0
end_of_record
TN:
SF:models\model_query\history_query.js
FN:15,(anonymous_0)
FN:31,(anonymous_1)
FN:48,(anonymous_2)
FN:67,(anonymous_3)
FN:84,(anonymous_4)
FN:101,(anonymous_5)
FN:117,(anonymous_6)
FN:133,(anonymous_7)
FN:150,(anonymous_8)
FNF:9
FNH:6
FNDA:1,(anonymous_0)
FNDA:0,(anonymous_1)
FNDA:0,(anonymous_2)
FNDA:1,(anonymous_3)
FNDA:1,(anonymous_4)
FNDA:1,(anonymous_5)
FNDA:1,(anonymous_6)
FNDA:7,(anonymous_7)
FNDA:0,(anonymous_8)
DA:3,3
DA:4,3
DA:5,3
DA:6,3
DA:15,3
DA:16,1
DA:17,1
DA:18,1
DA:20,0
DA:31,3
DA:32,0
DA:33,0
DA:34,0
DA:36,0
DA:48,3
DA:49,0
DA:50,0
DA:52,0
DA:54,0
DA:56,0
DA:67,3
DA:68,1
DA:69,1
DA:70,1
DA:72,0
DA:84,3
DA:85,1
DA:86,1
DA:88,1
DA:89,1
DA:91,0
DA:101,3
DA:102,1
DA:103,1
DA:104,1
DA:106,0
DA:117,3
DA:118,1
DA:119,1
DA:120,1
DA:122,0
DA:133,3
DA:134,7
DA:135,7
DA:137,7
DA:139,0
DA:150,3
DA:151,0
DA:152,0
DA:153,0
DA:155,0
LF:51
LH:32
BRF:0
BRH:0
end_of_record
TN:
SF:models\model_query\user_query.js
FN:12,(anonymous_0)
FN:28,(anonymous_1)
FN:44,(anonymous_2)
FN:61,(anonymous_3)
FNF:4
FNH:2
FNDA:21,(anonymous_0)
FNDA:0,(anonymous_1)
FNDA:0,(anonymous_2)
FNDA:1,(anonymous_3)
DA:2,3
DA:3,3
DA:12,3
DA:13,21
DA:14,21
DA:15,21
DA:17,0
DA:28,3
DA:29,0
DA:30,0
DA:31,0
DA:33,0
DA:44,3
DA:45,0
DA:46,0
DA:47,0
DA:49,0
DA:61,3
DA:62,1
DA:63,1
DA:64,1
DA:66,0
LF:22
LH:12
BRF:0
BRH:0
end_of_record
TN:
SF:models\model_schema\book.js
FNF:0
FNH:0
DA:1,3
DA:6,3
DA:47,3
DA:48,3
DA:49,3
DA:50,3
LF:6
LH:6
BRF:0
BRH:0
end_of_record
TN:
SF:models\model_schema\history.js
FNF:0
FNH:0
DA:1,3
DA:6,3
DA:34,3
DA:35,3
DA:36,3
DA:38,3
LF:6
LH:6
BRF:0
BRH:0
end_of_record
TN:
SF:models\model_schema\user.js
FNF:0
FNH:0
DA:1,3
DA:6,3
DA:33,3
DA:34,3
DA:35,3
DA:36,3
LF:6
LH:6
BRF:0
BRH:0
end_of_record
TN:
SF:response\response.js
FN:8,response
FNF:1
FNH:1
FNDA:53,response
DA:9,53
DA:10,35
DA:15,18
DA:22,3
LF:4
LH:4
BRDA:9,0,0,35
BRDA:9,0,1,18
BRF:2
BRH:2
end_of_record
TN:
SF:routes\book.js
FNF:0
FNH:0
DA:2,3
DA:3,3
DA:4,3
DA:5,3
DA:8,3
DA:15,3
DA:22,3
DA:29,3
DA:36,3
DA:43,3
DA:50,3
DA:57,3
DA:64,3
DA:66,3
LF:14
LH:14
BRF:0
BRH:0
end_of_record
TN:
SF:routes\history.js
FNF:0
FNH:0
DA:2,3
DA:3,3
DA:4,3
DA:5,3
DA:8,3
DA:15,3
DA:22,3
DA:29,3
DA:36,3
DA:43,3
DA:45,3
LF:11
LH:11
BRF:0
BRH:0
end_of_record
TN:
SF:routes\user.js
FNF:0
FNH:0
DA:2,3
DA:3,3
DA:4,3
DA:5,3
DA:8,3
DA:15,3
DA:22,3
DA:29,3
DA:36,3
DA:38,3
LF:10
LH:10
BRF:0
BRH:0
end_of_record
TN:
SF:services\book.js
FN:19,(anonymous_0)
FN:54,(anonymous_1)
FN:96,(anonymous_2)
FN:135,(anonymous_3)
FN:158,(anonymous_4)
FN:182,(anonymous_5)
FN:189,(anonymous_6)
FN:207,(anonymous_7)
FN:232,(anonymous_8)
FNF:9
FNH:6
FNDA:2,(anonymous_0)
FNDA:0,(anonymous_1)
FNDA:1,(anonymous_2)
FNDA:2,(anonymous_3)
FNDA:3,(anonymous_4)
FNDA:0,(anonymous_5)
FNDA:0,(anonymous_6)
FNDA:1,(anonymous_7)
FNDA:2,(anonymous_8)
DA:2,3
DA:3,3
DA:4,3
DA:5,3
DA:6,3
DA:7,3
DA:19,3
DA:20,2
DA:21,2
DA:22,2
DA:23,2
DA:25,2
DA:26,1
DA:27,1
DA:28,1
DA:29,1
DA:31,1
DA:32,1
DA:34,0
DA:35,0
DA:37,1
DA:40,2
DA:54,3
DA:55,0
DA:56,0
DA:57,0
DA:58,0
DA:60,0
DA:61,0
DA:62,0
DA:63,0
DA:65,0
DA:66,0
DA:67,0
DA:69,0
DA:70,0
DA:72,0
DA:73,0
DA:75,0
DA:76,0
DA:77,0
DA:79,0
DA:82,0
DA:85,0
DA:96,3
DA:97,1
DA:98,1
DA:99,1
DA:100,1
DA:101,1
DA:102,1
DA:103,6
DA:104,6
DA:105,6
DA:106,6
DA:107,2
DA:114,4
DA:122,1
DA:124,0
DA:135,3
DA:136,2
DA:137,2
DA:138,2
DA:139,2
DA:140,2
DA:141,2
DA:142,2
DA:144,0
DA:147,0
DA:158,3
DA:159,3
DA:160,3
DA:161,3
DA:162,3
DA:163,3
DA:164,3
DA:165,2
DA:167,1
DA:170,0
DA:182,3
DA:183,0
DA:184,0
DA:185,0
DA:186,0
DA:187,0
DA:188,0
DA:189,0
DA:190,0
DA:191,0
DA:193,0
DA:196,0
DA:207,3
DA:208,1
DA:209,1
DA:210,1
DA:211,1
DA:212,1
DA:213,1
DA:214,1
DA:216,0
DA:219,0
DA:232,3
DA:233,2
DA:234,2
DA:235,2
DA:236,1
DA:237,1
DA:238,1
DA:239,1
DA:240,0
DA:241,0
DA:242,0
DA:243,0
DA:244,0
DA:245,0
DA:248,1
DA:251,0
DA:254,0
DA:257,1
LF:119
LH:71
BRDA:25,0,0,1
BRDA:25,0,1,1
BRDA:31,1,0,1
BRDA:31,1,1,0
BRDA:60,2,0,0
BRDA:60,2,1,0
BRDA:62,3,0,0
BRDA:62,3,1,0
BRDA:66,4,0,0
BRDA:66,4,1,0
BRDA:69,5,0,0
BRDA:69,5,1,0
BRDA:72,6,0,0
BRDA:72,6,1,0
BRDA:76,7,0,0
BRDA:76,7,1,0
BRDA:106,8,0,2
BRDA:106,8,1,4
BRDA:141,9,0,2
BRDA:141,9,1,0
BRDA:164,10,0,2
BRDA:164,10,1,1
BRDA:187,11,0,0
BRDA:187,11,1,0
BRDA:213,12,0,1
BRDA:213,12,1,0
BRDA:236,13,0,1
BRDA:236,13,1,0
BRDA:237,14,0,1
BRDA:237,14,1,0
BRDA:239,15,0,0
BRDA:239,15,1,1
BRDA:241,16,0,0
BRDA:241,16,1,0
BRF:34
BRH:12
end_of_record
TN:
SF:services\history.js
FN:18,(anonymous_0)
FN:31,(anonymous_1)
FN:73,(anonymous_2)
FN:84,(anonymous_3)
FN:102,(anonymous_4)
FN:139,(anonymous_5)
FN:157,(anonymous_6)
FNF:7
FNH:5
FNDA:1,(anonymous_0)
FNDA:1,(anonymous_1)
FNDA:0,(anonymous_2)
FNDA:0,(anonymous_3)
FNDA:3,(anonymous_4)
FNDA:1,(anonymous_5)
FNDA:3,(anonymous_6)
DA:2,3
DA:3,3
DA:4,3
DA:5,3
DA:6,3
DA:7,3
DA:8,3
DA:18,3
DA:19,1
DA:20,1
DA:21,1
DA:22,1
DA:23,1
DA:24,1
DA:25,1
DA:26,1
DA:28,1
DA:29,0
DA:31,1
DA:32,1
DA:33,1
DA:34,1
DA:35,1
DA:36,1
DA:37,0
DA:41,1
DA:42,1
DA:43,1
DA:45,0
DA:46,0
DA:57,0
DA:58,0
DA:61,0
DA:73,3
DA:74,0
DA:75,0
DA:76,0
DA:77,0
DA:78,0
DA:79,0
DA:80,0
DA:81,0
DA:82,0
DA:84,0
DA:85,0
DA:86,0
DA:89,0
DA:102,3
DA:103,3
DA:104,3
DA:105,3
DA:106,3
DA:107,3
DA:108,3
DA:109,3
DA:110,2
DA:111,2
DA:112,1
DA:114,1
DA:115,1
DA:116,1
DA:117,1
DA:118,0
DA:120,1
DA:122,1
DA:124,1
DA:128,2
DA:139,3
DA:140,1
DA:141,1
DA:142,1
DA:144,0
DA:157,3
DA:158,3
DA:159,3
DA:160,3
DA:161,3
DA:162,3
DA:163,3
DA:164,3
DA:165,2
DA:166,2
DA:167,1
DA:169,1
DA:170,1
DA:171,1
DA:172,0
DA:174,1
DA:177,1
DA:180,2
LF:90
LH:67
BRDA:28,0,0,0
BRDA:28,0,1,1
BRDA:36,1,0,0
BRDA:36,1,1,1
BRDA:42,2,0,1
BRDA:42,2,1,0
BRDA:45,3,0,0
BRDA:45,3,1,0
BRDA:81,4,0,0
BRDA:81,4,1,0
BRDA:109,5,0,2
BRDA:109,5,1,1
BRDA:109,6,0,3
BRDA:109,6,1,1
BRDA:111,7,0,1
BRDA:111,7,1,1
BRDA:117,8,0,0
BRDA:117,8,1,1
BRDA:164,9,0,2
BRDA:164,9,1,1
BRDA:164,10,0,3
BRDA:164,10,1,1
BRDA:166,11,0,1
BRDA:166,11,1,1
BRDA:171,12,0,0
BRDA:171,12,1,1
BRF:26
BRH:17
end_of_record
TN:
SF:services\user.js
FN:19,(anonymous_0)
FN:50,(anonymous_1)
FN:87,(anonymous_2)
FN:115,(anonymous_3)
FNF:4
FNH:3
FNDA:15,(anonymous_0)
FNDA:1,(anonymous_1)
FNDA:0,(anonymous_2)
FNDA:1,(anonymous_3)
DA:2,3
DA:3,3
DA:5,3
DA:6,3
DA:7,3
DA:8,3
DA:19,3
DA:20,15
DA:21,15
DA:22,15
DA:23,5
DA:26,10
DA:28,10
DA:29,5
DA:33,5
DA:35,5
DA:38,10
DA:50,3
DA:51,1
DA:52,1
DA:53,1
DA:54,1
DA:57,0
DA:58,0
DA:59,0
DA:60,0
DA:61,0
DA:62,0
DA:63,0
DA:65,0
DA:70,0
DA:71,0
DA:74,1
DA:87,3
DA:88,0
DA:89,0
DA:90,0
DA:91,0
DA:93,0
DA:94,0
DA:95,0
DA:96,0
DA:98,0
DA:101,0
DA:104,0
DA:115,3
DA:116,1
DA:117,1
DA:118,1
DA:119,1
DA:120,1
DA:121,1
DA:123,0
DA:126,0
LF:54
LH:31
BRDA:22,0,0,5
BRDA:22,0,1,10
BRDA:28,1,0,5
BRDA:28,1,1,5
BRDA:53,2,0,1
BRDA:53,2,1,0
BRDA:70,3,0,0
BRDA:70,3,1,0
BRDA:93,4,0,0
BRDA:93,4,1,0
BRDA:95,5,0,0
BRDA:95,5,1,0
BRDA:120,6,0,1
BRDA:120,6,1,0
BRF:14
BRH:6
end_of_record
